# zsim stats
===
root: # Stats
 contention: # Contention simulation stats
  domain-0: # Domain stats
   time: 213205576 # Weave simulation time
 time: # Simulator time breakdown
  init: 2529220658760
  bound: 5095426081
  weave: 357000242
  ff: 0
 trigger: 20000 # Reason for this stats dump
 phase: 6376 # Simulated phases
 westmere: # Core stats
  westmere-0: # Core stats
   cycles: 63760706 # Simulated unhalted cycles
   cCycles: 5270483 # Cycles due to contention stalls
   instrs: 100004877 # Simulated instructions
   uops: 142675740 # Retired micro-ops
   bbls: 4785534 # Basic blocks
   approxInstrs: 432 # Instrs with approx uop decoding
   mispredBranches: 23096 # Mispredicted branches
   condBranches: 4718224 # conditional branches
 l1i: # Cache stats
  l1i-0: # Filter cache stats
   fhGETS: 9440398 # Filtered GETS hits
   fhGETX: 0 # Filtered GETX hits
   hGETS: 20732 # GETS hits
   hGETX: 0 # GETX hits
   mGETS: 1895 # GETS misses
   mGETXIM: 0 # GETX I->M misses
   mGETXSM: 0 # GETX S->M misses (upgrade misses)
   PUTS: 0 # Clean evictions (from lower level)
   PUTX: 0 # Dirty evictions (from lower level)
   INV: 0 # Invalidates (from upper level)
   INVX: 0 # Downgrades (from upper level)
   FWD: 0 # Forwards (from upper level)
   latGETnl: 119984 # GET request latency on next level
   latGETnet: 0 # GET request latency on network to next level
 l1d: # Cache stats
  l1d-0: # Filter cache stats
   fhGETS: 26988540 # Filtered GETS hits
   fhGETX: 9107014 # Filtered GETX hits
   hGETS: 15843326 # GETS hits
   hGETX: 5947331 # GETX hits
   mGETS: 243479 # GETS misses
   mGETXIM: 291829 # GETX I->M misses
   mGETXSM: 0 # GETX S->M misses (upgrade misses)
   PUTS: 0 # Clean evictions (from lower level)
   PUTX: 0 # Dirty evictions (from lower level)
   INV: 0 # Invalidates (from upper level)
   INVX: 0 # Downgrades (from upper level)
   FWD: 0 # Forwards (from upper level)
   latGETnl: 25588038 # GET request latency on next level
   latGETnet: 0 # GET request latency on network to next level
 l2: # Cache stats
  l2-0: # Cache stats
   hGETS: 215976 # GETS hits
   hGETX: 1414 # GETX hits
   mGETS: 29398 # GETS misses
   mGETXIM: 290415 # GETX I->M misses
   mGETXSM: 0 # GETX S->M misses (upgrade misses)
   PUTS: 243681 # Clean evictions (from lower level)
   PUTX: 292576 # Dirty evictions (from lower level)
   INV: 0 # Invalidates (from upper level)
   INVX: 0 # Downgrades (from upper level)
   FWD: 0 # Forwards (from upper level)
   latGETnl: 20335992 # GET request latency on next level
   latGETnet: 0 # GET request latency on network to next level
 l3: # Cache stats
  l3-0: # Cache stats
   hGETS: 23987 # GETS hits
   hGETX: 155154 # GETX hits
   mGETS: 5411 # GETS misses
   mGETXIM: 135261 # GETX I->M misses
   mGETXSM: 0 # GETX S->M misses (upgrade misses)
   PUTS: 27110 # Clean evictions (from lower level)
   PUTX: 288607 # Dirty evictions (from lower level)
   INV: 0 # Invalidates (from upper level)
   INVX: 0 # Downgrades (from upper level)
   FWD: 0 # Forwards (from upper level)
   latGETnl: 12660480 # GET request latency on next level
   latGETnet: 0 # GET request latency on network to next level
 mem: # Memory controller stats
  mem-0: # Memory controller stats
   rd: 35134 # Read requests
   wr: 26232 # Write requests
   rdlat: 5334046 # Total latency experienced by read requests
   wrlat: 3963210 # Total latency experienced by write requests
   rdhits: 6 # Read row hits
   wrhits: 176 # Write row hits
   mlh: # latency histogram for memory requests
    0: 0
    1: 0
    2: 0
    3: 0
    4: 0
    5: 0
    6: 0
    7: 0
    8: 0
    9: 0
    10: 0
    11: 0
    12: 2
    13: 26377
    14: 2954
    15: 66
    16: 43
    17: 13
    18: 17
    19: 21
    20: 22
    21: 13
    22: 26
    23: 4986
    24: 31
    25: 67
    26: 15
    27: 24
    28: 18
    29: 15
    30: 36
    31: 16
    32: 31
    33: 24
    34: 23
    35: 26
    36: 18
    37: 21
    38: 24
    39: 16
    40: 36
    41: 26
    42: 20
    43: 9
    44: 3
    45: 6
    46: 4
    47: 39
    48: 13
    49: 7
    50: 7
    51: 6
    52: 11
    53: 2
    54: 0
    55: 0
    56: 0
    57: 0
    58: 0
    59: 0
    60: 0
    61: 0
    62: 0
    63: 0
    64: 0
    65: 0
    66: 0
    67: 0
    68: 0
    69: 0
    70: 0
    71: 0
    72: 0
    73: 0
    74: 0
    75: 0
    76: 0
    77: 0
    78: 0
    79: 0
    80: 0
    81: 0
    82: 0
    83: 0
    84: 0
    85: 0
    86: 0
    87: 0
    88: 0
    89: 0
    90: 0
    91: 0
    92: 0
    93: 0
    94: 0
    95: 0
    96: 0
    97: 0
    98: 0
    99: 0
  mem-1: # Memory controller stats
   rd: 35165 # Read requests
   wr: 26252 # Write requests
   rdlat: 5309794 # Total latency experienced by read requests
   wrlat: 3965944 # Total latency experienced by write requests
   rdhits: 3 # Read row hits
   wrhits: 150 # Write row hits
   mlh: # latency histogram for memory requests
    0: 0
    1: 0
    2: 0
    3: 0
    4: 0
    5: 0
    6: 0
    7: 0
    8: 0
    9: 0
    10: 0
    11: 1
    12: 0
    13: 26483
    14: 2950
    15: 39
    16: 32
    17: 19
    18: 19
    19: 16
    20: 18
    21: 17
    22: 21
    23: 5043
    24: 35
    25: 74
    26: 38
    27: 31
    28: 18
    29: 29
    30: 27
    31: 21
    32: 17
    33: 15
    34: 11
    35: 17
    36: 28
    37: 18
    38: 13
    39: 13
    40: 10
    41: 20
    42: 16
    43: 10
    44: 3
    45: 1
    46: 4
    47: 24
    48: 2
    49: 3
    50: 0
    51: 5
    52: 2
    53: 2
    54: 0
    55: 0
    56: 0
    57: 0
    58: 0
    59: 0
    60: 0
    61: 0
    62: 0
    63: 0
    64: 0
    65: 0
    66: 0
    67: 0
    68: 0
    69: 0
    70: 0
    71: 0
    72: 0
    73: 0
    74: 0
    75: 0
    76: 0
    77: 0
    78: 0
    79: 0
    80: 0
    81: 0
    82: 0
    83: 0
    84: 0
    85: 0
    86: 0
    87: 0
    88: 0
    89: 0
    90: 0
    91: 0
    92: 0
    93: 0
    94: 0
    95: 0
    96: 0
    97: 0
    98: 0
    99: 0
  mem-2: # Memory controller stats
   rd: 35208 # Read requests
   wr: 26251 # Write requests
   rdlat: 5315448 # Total latency experienced by read requests
   wrlat: 3962797 # Total latency experienced by write requests
   rdhits: 4 # Read row hits
   wrhits: 150 # Write row hits
   mlh: # latency histogram for memory requests
    0: 0
    1: 0
    2: 0
    3: 0
    4: 0
    5: 0
    6: 0
    7: 0
    8: 0
    9: 0
    10: 0
    11: 0
    12: 0
    13: 26505
    14: 3009
    15: 47
    16: 23
    17: 20
    18: 12
    19: 20
    20: 10
    21: 13
    22: 25
    23: 5064
    24: 19
    25: 71
    26: 23
    27: 26
    28: 10
    29: 14
    30: 11
    31: 20
    32: 13
    33: 15
    34: 21
    35: 20
    36: 16
    37: 15
    38: 16
    39: 20
    40: 24
    41: 20
    42: 19
    43: 14
    44: 8
    45: 2
    46: 7
    47: 15
    48: 3
    49: 3
    50: 5
    51: 5
    52: 3
    53: 2
    54: 0
    55: 0
    56: 0
    57: 0
    58: 0
    59: 0
    60: 0
    61: 0
    62: 0
    63: 0
    64: 0
    65: 0
    66: 0
    67: 0
    68: 0
    69: 0
    70: 0
    71: 0
    72: 0
    73: 0
    74: 0
    75: 0
    76: 0
    77: 0
    78: 0
    79: 0
    80: 0
    81: 0
    82: 0
    83: 0
    84: 0
    85: 0
    86: 0
    87: 0
    88: 0
    89: 0
    90: 0
    91: 0
    92: 0
    93: 0
    94: 0
    95: 0
    96: 0
    97: 0
    98: 0
    99: 0
  mem-3: # Memory controller stats
   rd: 35162 # Read requests
   wr: 26253 # Write requests
   rdlat: 5336735 # Total latency experienced by read requests
   wrlat: 3968528 # Total latency experienced by write requests
   rdhits: 5 # Read row hits
   wrhits: 174 # Write row hits
   mlh: # latency histogram for memory requests
    0: 0
    1: 0
    2: 0
    3: 0
    4: 0
    5: 0
    6: 0
    7: 0
    8: 0
    9: 0
    10: 0
    11: 0
    12: 1
    13: 26424
    14: 2982
    15: 46
    16: 27
    17: 15
    18: 14
    19: 10
    20: 9
    21: 22
    22: 28
    23: 4978
    24: 26
    25: 67
    26: 36
    27: 26
    28: 27
    29: 24
    30: 18
    31: 25
    32: 28
    33: 17
    34: 22
    35: 14
    36: 24
    37: 21
    38: 27
    39: 18
    40: 19
    41: 24
    42: 19
    43: 17
    44: 6
    45: 3
    46: 9
    47: 33
    48: 15
    49: 9
    50: 8
    51: 9
    52: 10
    53: 5
    54: 0
    55: 0
    56: 0
    57: 0
    58: 0
    59: 0
    60: 0
    61: 0
    62: 0
    63: 0
    64: 0
    65: 0
    66: 0
    67: 0
    68: 0
    69: 0
    70: 0
    71: 0
    72: 0
    73: 0
    74: 0
    75: 0
    76: 0
    77: 0
    78: 0
    79: 0
    80: 0
    81: 0
    82: 0
    83: 0
    84: 0
    85: 0
    86: 0
    87: 0
    88: 0
    89: 0
    90: 0
    91: 0
    92: 0
    93: 0
    94: 0
    95: 0
    96: 0
    97: 0
    98: 0
    99: 0
 sched: # Scheduler stats
  thCr: 1 # Threads created
  thFn: 1 # Threads finished
  schedEvs: 1 # Schedule events
  waitEvs: 0 # Wait events
  handoffEvs: 0 # Handoff events
  sleepEvs: 0 # Sleep events
  idlePhases: 0 # Phases with no thread active
  idlePeriods: 0 # Periods with no thread active
  occHist: # Occupancy histogram
   0: 0
   1: 6376
  rqSzHist: # Run queue size histogram
   0: 6376
   1: 0
   2: 0
   3: 0
   4: 0
   5: 0
   6: 0
   7: 0
   8: 0
   9: 0
   10: 0
   11: 0
   12: 0
   13: 0
   14: 0
   15: 0
   16: 0
 procCycles: # Per-process unhalted core cycles
  0: 63760706
  1: 0
  2: 0
  3: 0
  4: 0
  5: 0
  6: 0
  7: 0
  8: 0
  9: 0
  10: 0
  11: 0
  12: 0
  13: 0
  14: 0
  15: 0
  16: 0
  17: 0
  18: 0
  19: 0
  20: 0
  21: 0
  22: 0
  23: 0
  24: 0
  25: 0
  26: 0
  27: 0
  28: 0
  29: 0
  30: 0
  31: 0
  32: 0
  33: 0
  34: 0
  35: 0
  36: 0
  37: 0
  38: 0
  39: 0
  40: 0
  41: 0
  42: 0
  43: 0
  44: 0
  45: 0
  46: 0
  47: 0
  48: 0
  49: 0
  50: 0
  51: 0
  52: 0
  53: 0
  54: 0
  55: 0
  56: 0
  57: 0
  58: 0
  59: 0
  60: 0
  61: 0
  62: 0
  63: 0
 procInstrs: # Per-process instructions
  0: 100004877
  1: 0
  2: 0
  3: 0
  4: 0
  5: 0
  6: 0
  7: 0
  8: 0
  9: 0
  10: 0
  11: 0
  12: 0
  13: 0
  14: 0
  15: 0
  16: 0
  17: 0
  18: 0
  19: 0
  20: 0
  21: 0
  22: 0
  23: 0
  24: 0
  25: 0
  26: 0
  27: 0
  28: 0
  29: 0
  30: 0
  31: 0
  32: 0
  33: 0
  34: 0
  35: 0
  36: 0
  37: 0
  38: 0
  39: 0
  40: 0
  41: 0
  42: 0
  43: 0
  44: 0
  45: 0
  46: 0
  47: 0
  48: 0
  49: 0
  50: 0
  51: 0
  52: 0
  53: 0
  54: 0
  55: 0
  56: 0
  57: 0
  58: 0
  59: 0
  60: 0
  61: 0
  62: 0
  63: 0
 heartbeats: # Per-process heartbeats
  0: 0
  1: 0
  2: 0
  3: 0
  4: 0
  5: 0
  6: 0
  7: 0
  8: 0
  9: 0
  10: 0
  11: 0
  12: 0
  13: 0
  14: 0
  15: 0
  16: 0
  17: 0
  18: 0
  19: 0
  20: 0
  21: 0
  22: 0
  23: 0
  24: 0
  25: 0
  26: 0
  27: 0
  28: 0
  29: 0
  30: 0
  31: 0
  32: 0
  33: 0
  34: 0
  35: 0
  36: 0
  37: 0
  38: 0
  39: 0
  40: 0
  41: 0
  42: 0
  43: 0
  44: 0
  45: 0
  46: 0
  47: 0
  48: 0
  49: 0
  50: 0
  51: 0
  52: 0
  53: 0
  54: 0
  55: 0
  56: 0
  57: 0
  58: 0
  59: 0
  60: 0
  61: 0
  62: 0
  63: 0
===
