# zsim stats
===
root: # Stats
 contention: # Contention simulation stats
  domain-0: # Domain stats
   time: 1491300051 # Weave simulation time
 time: # Simulator time breakdown
  init: 601392809330
  bound: 6361582269
  weave: 1663425228
  ff: 0
 trigger: 20000 # Reason for this stats dump
 phase: 14700 # Simulated phases
 westmere: # Core stats
  westmere-0: # Core stats
   cycles: 147002431 # Simulated unhalted cycles
   cCycles: 26925283 # Cycles due to contention stalls
   instrs: 100002975 # Simulated instructions
   uops: 114166033 # Retired micro-ops
   bbls: 2330495 # Basic blocks
   approxInstrs: 553214 # Instrs with approx uop decoding
   mispredBranches: 3146 # Mispredicted branches
   condBranches: 916865 # conditional branches
 l1i: # Cache stats
  l1i-0: # Filter cache stats
   fhGETS: 9225867 # Filtered GETS hits
   fhGETX: 0 # Filtered GETX hits
   hGETS: 6 # GETS hits
   hGETX: 0 # GETX hits
   mGETS: 120 # GETS misses
   mGETXIM: 0 # GETX I->M misses
   mGETXSM: 0 # GETX S->M misses (upgrade misses)
   PUTS: 0 # Clean evictions (from lower level)
   PUTX: 0 # Dirty evictions (from lower level)
   INV: 0 # Invalidates (from upper level)
   INVX: 0 # Downgrades (from upper level)
   FWD: 0 # Forwards (from upper level)
   latGETnl: 14880 # GET request latency on next level
   latGETnet: 0 # GET request latency on network to next level
 l1d: # Cache stats
  l1d-0: # Filter cache stats
   fhGETS: 17981385 # Filtered GETS hits
   fhGETX: 5283808 # Filtered GETX hits
   hGETS: 1002012 # GETS hits
   hGETX: 873333 # GETX hits
   mGETS: 788894 # GETS misses
   mGETXIM: 4305878 # GETX I->M misses
   mGETXSM: 0 # GETX S->M misses (upgrade misses)
   PUTS: 0 # Clean evictions (from lower level)
   PUTX: 0 # Dirty evictions (from lower level)
   INV: 0 # Invalidates (from upper level)
   INVX: 0 # Downgrades (from upper level)
   FWD: 0 # Forwards (from upper level)
   latGETnl: 403916356 # GET request latency on next level
   latGETnet: 0 # GET request latency on network to next level
 l2: # Cache stats
  l2-0: # Cache stats
   hGETS: 96 # GETS hits
   hGETX: 1998362 # GETX hits
   mGETS: 788918 # GETS misses
   mGETXIM: 2307516 # GETX I->M misses
   mGETXSM: 0 # GETX S->M misses (upgrade misses)
   PUTS: 788377 # Clean evictions (from lower level)
   PUTX: 4305883 # Dirty evictions (from lower level)
   INV: 0 # Invalidates (from upper level)
   INVX: 0 # Downgrades (from upper level)
   FWD: 0 # Forwards (from upper level)
   latGETnl: 352982316 # GET request latency on next level
   latGETnet: 0 # GET request latency on network to next level
 l3: # Cache stats
  l3-0: # Cache stats
   hGETS: 58 # GETS hits
   hGETX: 66 # GETX hits
   mGETS: 788860 # GETS misses
   mGETXIM: 2307450 # GETX I->M misses
   mGETXSM: 0 # GETX S->M misses (upgrade misses)
   PUTS: 784817 # Clean evictions (from lower level)
   PUTX: 2307521 # Dirty evictions (from lower level)
   INV: 0 # Invalidates (from upper level)
   INVX: 0 # Downgrades (from upper level)
   FWD: 0 # Forwards (from upper level)
   latGETnl: 278667900 # GET request latency on next level
   latGETnet: 0 # GET request latency on network to next level
 mem: # Memory controller stats
  mem-0: # Memory controller stats
   rd: 774071 # Read requests
   wr: 574720 # Write requests
   rdlat: 110496162 # Total latency experienced by read requests
   wrlat: 101633486 # Total latency experienced by write requests
   rdhits: 55 # Read row hits
   wrhits: 12384 # Write row hits
   mlh: # latency histogram for memory requests
    0: 0
    1: 0
    2: 0
    3: 0
    4: 0
    5: 0
    6: 0
    7: 0
    8: 0
    9: 0
    10: 1
    11: 1
    12: 2
    13: 451694
    14: 155764
    15: 108486
    16: 6649
    17: 30741
    18: 1124
    19: 1715
    20: 2476
    21: 3593
    22: 2321
    23: 1768
    24: 950
    25: 626
    26: 396
    27: 548
    28: 487
    29: 386
    30: 295
    31: 321
    32: 324
    33: 359
    34: 358
    35: 274
    36: 214
    37: 184
    38: 162
    39: 365
    40: 228
    41: 276
    42: 292
    43: 157
    44: 86
    45: 43
    46: 82
    47: 68
    48: 156
    49: 55
    50: 25
    51: 7
    52: 1
    53: 3
    54: 3
    55: 0
    56: 5
    57: 0
    58: 0
    59: 0
    60: 0
    61: 0
    62: 0
    63: 0
    64: 0
    65: 0
    66: 0
    67: 0
    68: 0
    69: 0
    70: 0
    71: 0
    72: 0
    73: 0
    74: 0
    75: 0
    76: 0
    77: 0
    78: 0
    79: 0
    80: 0
    81: 0
    82: 0
    83: 0
    84: 0
    85: 0
    86: 0
    87: 0
    88: 0
    89: 0
    90: 0
    91: 0
    92: 0
    93: 0
    94: 0
    95: 0
    96: 0
    97: 0
    98: 0
    99: 0
  mem-1: # Memory controller stats
   rd: 774060 # Read requests
   wr: 574727 # Write requests
   rdlat: 110446097 # Total latency experienced by read requests
   wrlat: 100890712 # Total latency experienced by write requests
   rdhits: 71 # Read row hits
   wrhits: 13483 # Write row hits
   mlh: # latency histogram for memory requests
    0: 0
    1: 0
    2: 0
    3: 0
    4: 0
    5: 0
    6: 0
    7: 0
    8: 0
    9: 0
    10: 0
    11: 0
    12: 2
    13: 451899
    14: 156328
    15: 107125
    16: 8627
    17: 31282
    18: 833
    19: 1522
    20: 2063
    21: 3022
    22: 1975
    23: 1598
    24: 869
    25: 680
    26: 424
    27: 504
    28: 436
    29: 339
    30: 314
    31: 340
    32: 309
    33: 373
    34: 355
    35: 269
    36: 235
    37: 189
    38: 211
    39: 366
    40: 251
    41: 303
    42: 293
    43: 155
    44: 99
    45: 38
    46: 80
    47: 79
    48: 148
    49: 69
    50: 16
    51: 13
    52: 8
    53: 8
    54: 8
    55: 2
    56: 1
    57: 0
    58: 0
    59: 0
    60: 0
    61: 0
    62: 0
    63: 0
    64: 0
    65: 0
    66: 0
    67: 0
    68: 0
    69: 0
    70: 0
    71: 0
    72: 0
    73: 0
    74: 0
    75: 0
    76: 0
    77: 0
    78: 0
    79: 0
    80: 0
    81: 0
    82: 0
    83: 0
    84: 0
    85: 0
    86: 0
    87: 0
    88: 0
    89: 0
    90: 0
    91: 0
    92: 0
    93: 0
    94: 0
    95: 0
    96: 0
    97: 0
    98: 0
    99: 0
  mem-2: # Memory controller stats
   rd: 774065 # Read requests
   wr: 574725 # Write requests
   rdlat: 110532143 # Total latency experienced by read requests
   wrlat: 101601714 # Total latency experienced by write requests
   rdhits: 56 # Read row hits
   wrhits: 13270 # Write row hits
   mlh: # latency histogram for memory requests
    0: 0
    1: 0
    2: 0
    3: 0
    4: 0
    5: 0
    6: 0
    7: 0
    8: 0
    9: 0
    10: 0
    11: 3
    12: 1
    13: 451222
    14: 155550
    15: 109058
    16: 6667
    17: 30539
    18: 1035
    19: 1746
    20: 2514
    21: 3715
    22: 2360
    23: 1820
    24: 911
    25: 633
    26: 434
    27: 579
    28: 490
    29: 374
    30: 318
    31: 316
    32: 351
    33: 391
    34: 364
    35: 267
    36: 213
    37: 185
    38: 180
    39: 346
    40: 227
    41: 308
    42: 317
    43: 139
    44: 92
    45: 50
    46: 76
    47: 53
    48: 124
    49: 52
    50: 20
    51: 3
    52: 7
    53: 3
    54: 8
    55: 1
    56: 0
    57: 3
    58: 0
    59: 0
    60: 0
    61: 0
    62: 0
    63: 0
    64: 0
    65: 0
    66: 0
    67: 0
    68: 0
    69: 0
    70: 0
    71: 0
    72: 0
    73: 0
    74: 0
    75: 0
    76: 0
    77: 0
    78: 0
    79: 0
    80: 0
    81: 0
    82: 0
    83: 0
    84: 0
    85: 0
    86: 0
    87: 0
    88: 0
    89: 0
    90: 0
    91: 0
    92: 0
    93: 0
    94: 0
    95: 0
    96: 0
    97: 0
    98: 0
    99: 0
  mem-3: # Memory controller stats
   rd: 774054 # Read requests
   wr: 574732 # Write requests
   rdlat: 110474700 # Total latency experienced by read requests
   wrlat: 100930616 # Total latency experienced by write requests
   rdhits: 45 # Read row hits
   wrhits: 12857 # Write row hits
   mlh: # latency histogram for memory requests
    0: 0
    1: 0
    2: 0
    3: 0
    4: 0
    5: 0
    6: 0
    7: 0
    8: 0
    9: 0
    10: 0
    11: 2
    12: 1
    13: 451314
    14: 156149
    15: 107758
    16: 8474
    17: 31284
    18: 859
    19: 1530
    20: 2081
    21: 3091
    22: 2035
    23: 1634
    24: 859
    25: 721
    26: 461
    27: 522
    28: 457
    29: 334
    30: 301
    31: 327
    32: 337
    33: 382
    34: 361
    35: 259
    36: 193
    37: 202
    38: 181
    39: 418
    40: 234
    41: 257
    42: 288
    43: 151
    44: 102
    45: 52
    46: 73
    47: 88
    48: 151
    49: 75
    50: 22
    51: 8
    52: 6
    53: 7
    54: 10
    55: 2
    56: 1
    57: 0
    58: 0
    59: 0
    60: 0
    61: 0
    62: 0
    63: 0
    64: 0
    65: 0
    66: 0
    67: 0
    68: 0
    69: 0
    70: 0
    71: 0
    72: 0
    73: 0
    74: 0
    75: 0
    76: 0
    77: 0
    78: 0
    79: 0
    80: 0
    81: 0
    82: 0
    83: 0
    84: 0
    85: 0
    86: 0
    87: 0
    88: 0
    89: 0
    90: 0
    91: 0
    92: 0
    93: 0
    94: 0
    95: 0
    96: 0
    97: 0
    98: 0
    99: 0
 sched: # Scheduler stats
  thCr: 1 # Threads created
  thFn: 1 # Threads finished
  schedEvs: 1 # Schedule events
  waitEvs: 0 # Wait events
  handoffEvs: 0 # Handoff events
  sleepEvs: 0 # Sleep events
  idlePhases: 0 # Phases with no thread active
  idlePeriods: 0 # Periods with no thread active
  occHist: # Occupancy histogram
   0: 0
   1: 14700
  rqSzHist: # Run queue size histogram
   0: 14700
   1: 0
   2: 0
   3: 0
   4: 0
   5: 0
   6: 0
   7: 0
   8: 0
   9: 0
   10: 0
   11: 0
   12: 0
   13: 0
   14: 0
   15: 0
   16: 0
 procCycles: # Per-process unhalted core cycles
  0: 147002431
  1: 0
  2: 0
  3: 0
  4: 0
  5: 0
  6: 0
  7: 0
  8: 0
  9: 0
  10: 0
  11: 0
  12: 0
  13: 0
  14: 0
  15: 0
  16: 0
  17: 0
  18: 0
  19: 0
  20: 0
  21: 0
  22: 0
  23: 0
  24: 0
  25: 0
  26: 0
  27: 0
  28: 0
  29: 0
  30: 0
  31: 0
  32: 0
  33: 0
  34: 0
  35: 0
  36: 0
  37: 0
  38: 0
  39: 0
  40: 0
  41: 0
  42: 0
  43: 0
  44: 0
  45: 0
  46: 0
  47: 0
  48: 0
  49: 0
  50: 0
  51: 0
  52: 0
  53: 0
  54: 0
  55: 0
  56: 0
  57: 0
  58: 0
  59: 0
  60: 0
  61: 0
  62: 0
  63: 0
 procInstrs: # Per-process instructions
  0: 100002975
  1: 0
  2: 0
  3: 0
  4: 0
  5: 0
  6: 0
  7: 0
  8: 0
  9: 0
  10: 0
  11: 0
  12: 0
  13: 0
  14: 0
  15: 0
  16: 0
  17: 0
  18: 0
  19: 0
  20: 0
  21: 0
  22: 0
  23: 0
  24: 0
  25: 0
  26: 0
  27: 0
  28: 0
  29: 0
  30: 0
  31: 0
  32: 0
  33: 0
  34: 0
  35: 0
  36: 0
  37: 0
  38: 0
  39: 0
  40: 0
  41: 0
  42: 0
  43: 0
  44: 0
  45: 0
  46: 0
  47: 0
  48: 0
  49: 0
  50: 0
  51: 0
  52: 0
  53: 0
  54: 0
  55: 0
  56: 0
  57: 0
  58: 0
  59: 0
  60: 0
  61: 0
  62: 0
  63: 0
 heartbeats: # Per-process heartbeats
  0: 0
  1: 0
  2: 0
  3: 0
  4: 0
  5: 0
  6: 0
  7: 0
  8: 0
  9: 0
  10: 0
  11: 0
  12: 0
  13: 0
  14: 0
  15: 0
  16: 0
  17: 0
  18: 0
  19: 0
  20: 0
  21: 0
  22: 0
  23: 0
  24: 0
  25: 0
  26: 0
  27: 0
  28: 0
  29: 0
  30: 0
  31: 0
  32: 0
  33: 0
  34: 0
  35: 0
  36: 0
  37: 0
  38: 0
  39: 0
  40: 0
  41: 0
  42: 0
  43: 0
  44: 0
  45: 0
  46: 0
  47: 0
  48: 0
  49: 0
  50: 0
  51: 0
  52: 0
  53: 0
  54: 0
  55: 0
  56: 0
  57: 0
  58: 0
  59: 0
  60: 0
  61: 0
  62: 0
  63: 0
===
