# zsim stats
===
root: # Stats
 contention: # Contention simulation stats
  domain-0: # Domain stats
   time: 167409934 # Weave simulation time
 time: # Simulator time breakdown
  init: 438013528896
  bound: 6112474150
  weave: 312775495
  ff: 0
 trigger: 20000 # Reason for this stats dump
 phase: 12255 # Simulated phases
 westmere: # Core stats
  westmere-0: # Core stats
   cycles: 122550042 # Simulated unhalted cycles
   cCycles: 7994559 # Cycles due to contention stalls
   instrs: 100005040 # Simulated instructions
   uops: 119765356 # Retired micro-ops
   bbls: 21926967 # Basic blocks
   approxInstrs: 221019 # Instrs with approx uop decoding
   mispredBranches: 1073559 # Mispredicted branches
   condBranches: 17140162 # conditional branches
 l1i: # Cache stats
  l1i-0: # Filter cache stats
   fhGETS: 24365440 # Filtered GETS hits
   fhGETX: 0 # Filtered GETX hits
   hGETS: 1890463 # GETS hits
   hGETX: 0 # GETX hits
   mGETS: 677800 # GETS misses
   mGETXIM: 0 # GETX I->M misses
   mGETXSM: 0 # GETX S->M misses (upgrade misses)
   PUTS: 0 # Clean evictions (from lower level)
   PUTX: 0 # Dirty evictions (from lower level)
   INV: 2866 # Invalidates (from upper level)
   INVX: 0 # Downgrades (from upper level)
   FWD: 0 # Forwards (from upper level)
   latGETnl: 8752306 # GET request latency on next level
   latGETnet: 0 # GET request latency on network to next level
 l1d: # Cache stats
  l1d-0: # Filter cache stats
   fhGETS: 22740069 # Filtered GETS hits
   fhGETX: 15989548 # Filtered GETX hits
   hGETS: 1831405 # GETS hits
   hGETX: 969823 # GETX hits
   mGETS: 1500028 # GETS misses
   mGETXIM: 1956631 # GETX I->M misses
   mGETXSM: 0 # GETX S->M misses (upgrade misses)
   PUTS: 0 # Clean evictions (from lower level)
   PUTX: 0 # Dirty evictions (from lower level)
   INV: 314 # Invalidates (from upper level)
   INVX: 0 # Downgrades (from upper level)
   FWD: 0 # Forwards (from upper level)
   latGETnl: 101162054 # GET request latency on next level
   latGETnet: 0 # GET request latency on network to next level
 l2: # Cache stats
  l2-0: # Cache stats
   hGETS: 1126766 # GETS hits
   hGETX: 1207148 # GETX hits
   mGETS: 1051062 # GETS misses
   mGETXIM: 749483 # GETX I->M misses
   mGETXSM: 0 # GETX S->M misses (upgrade misses)
   PUTS: 1818647 # Clean evictions (from lower level)
   PUTX: 2311611 # Dirty evictions (from lower level)
   INV: 6261 # Invalidates (from upper level)
   INVX: 0 # Downgrades (from upper level)
   FWD: 0 # Forwards (from upper level)
   latGETnl: 68569770 # GET request latency on next level
   latGETnet: 0 # GET request latency on network to next level
 l3: # Cache stats
  l3-0: # Cache stats
   hGETS: 832972 # GETS hits
   hGETX: 685832 # GETX hits
   mGETS: 218090 # GETS misses
   mGETXIM: 63651 # GETX I->M misses
   mGETXSM: 0 # GETX S->M misses (upgrade misses)
   PUTS: 871866 # Clean evictions (from lower level)
   PUTX: 918322 # Dirty evictions (from lower level)
   INV: 0 # Invalidates (from upper level)
   INVX: 0 # Downgrades (from upper level)
   FWD: 0 # Forwards (from upper level)
   latGETnl: 25356690 # GET request latency on next level
   latGETnet: 0 # GET request latency on network to next level
 mem: # Memory controller stats
  mem-0: # Memory controller stats
   rd: 72984 # Read requests
   wr: 19666 # Write requests
   rdlat: 9799354 # Total latency experienced by read requests
   wrlat: 2863442 # Total latency experienced by write requests
   rdhits: 22 # Read row hits
   wrhits: 24 # Write row hits
   mlh: # latency histogram for memory requests
    0: 0
    1: 0
    2: 0
    3: 0
    4: 0
    5: 0
    6: 0
    7: 0
    8: 0
    9: 0
    10: 0
    11: 2
    12: 3
    13: 70514
    14: 608
    15: 516
    16: 227
    17: 50
    18: 42
    19: 56
    20: 48
    21: 50
    22: 39
    23: 32
    24: 49
    25: 34
    26: 33
    27: 35
    28: 38
    29: 43
    30: 21
    31: 42
    32: 51
    33: 34
    34: 50
    35: 42
    36: 44
    37: 45
    38: 36
    39: 42
    40: 36
    41: 47
    42: 50
    43: 17
    44: 0
    45: 2
    46: 5
    47: 0
    48: 1
    49: 0
    50: 0
    51: 0
    52: 0
    53: 0
    54: 0
    55: 0
    56: 0
    57: 0
    58: 0
    59: 0
    60: 0
    61: 0
    62: 0
    63: 0
    64: 0
    65: 0
    66: 0
    67: 0
    68: 0
    69: 0
    70: 0
    71: 0
    72: 0
    73: 0
    74: 0
    75: 0
    76: 0
    77: 0
    78: 0
    79: 0
    80: 0
    81: 0
    82: 0
    83: 0
    84: 0
    85: 0
    86: 0
    87: 0
    88: 0
    89: 0
    90: 0
    91: 0
    92: 0
    93: 0
    94: 0
    95: 0
    96: 0
    97: 0
    98: 0
    99: 0
  mem-1: # Memory controller stats
   rd: 67558 # Read requests
   wr: 19192 # Write requests
   rdlat: 9073440 # Total latency experienced by read requests
   wrlat: 2783191 # Total latency experienced by write requests
   rdhits: 38 # Read row hits
   wrhits: 15 # Write row hits
   mlh: # latency histogram for memory requests
    0: 0
    1: 0
    2: 0
    3: 0
    4: 0
    5: 0
    6: 0
    7: 0
    8: 0
    9: 0
    10: 0
    11: 3
    12: 6
    13: 65343
    14: 529
    15: 464
    16: 179
    17: 46
    18: 43
    19: 36
    20: 45
    21: 36
    22: 39
    23: 32
    24: 48
    25: 43
    26: 27
    27: 26
    28: 25
    29: 36
    30: 28
    31: 44
    32: 58
    33: 33
    34: 35
    35: 35
    36: 42
    37: 49
    38: 46
    39: 34
    40: 40
    41: 32
    42: 42
    43: 15
    44: 1
    45: 3
    46: 5
    47: 6
    48: 3
    49: 0
    50: 0
    51: 1
    52: 0
    53: 0
    54: 0
    55: 0
    56: 0
    57: 0
    58: 0
    59: 0
    60: 0
    61: 0
    62: 0
    63: 0
    64: 0
    65: 0
    66: 0
    67: 0
    68: 0
    69: 0
    70: 0
    71: 0
    72: 0
    73: 0
    74: 0
    75: 0
    76: 0
    77: 0
    78: 0
    79: 0
    80: 0
    81: 0
    82: 0
    83: 0
    84: 0
    85: 0
    86: 0
    87: 0
    88: 0
    89: 0
    90: 0
    91: 0
    92: 0
    93: 0
    94: 0
    95: 0
    96: 0
    97: 0
    98: 0
    99: 0
  mem-2: # Memory controller stats
   rd: 73951 # Read requests
   wr: 19811 # Write requests
   rdlat: 9925484 # Total latency experienced by read requests
   wrlat: 2895503 # Total latency experienced by write requests
   rdhits: 35 # Read row hits
   wrhits: 22 # Write row hits
   mlh: # latency histogram for memory requests
    0: 0
    1: 0
    2: 0
    3: 0
    4: 0
    5: 0
    6: 0
    7: 0
    8: 0
    9: 0
    10: 0
    11: 1
    12: 16
    13: 71475
    14: 604
    15: 495
    16: 232
    17: 46
    18: 39
    19: 58
    20: 47
    21: 41
    22: 47
    23: 54
    24: 59
    25: 46
    26: 33
    27: 31
    28: 38
    29: 48
    30: 33
    31: 39
    32: 40
    33: 37
    34: 35
    35: 35
    36: 47
    37: 43
    38: 36
    39: 38
    40: 32
    41: 41
    42: 51
    43: 19
    44: 3
    45: 2
    46: 9
    47: 0
    48: 1
    49: 0
    50: 0
    51: 0
    52: 0
    53: 0
    54: 0
    55: 0
    56: 0
    57: 0
    58: 0
    59: 0
    60: 0
    61: 0
    62: 0
    63: 0
    64: 0
    65: 0
    66: 0
    67: 0
    68: 0
    69: 0
    70: 0
    71: 0
    72: 0
    73: 0
    74: 0
    75: 0
    76: 0
    77: 0
    78: 0
    79: 0
    80: 0
    81: 0
    82: 0
    83: 0
    84: 0
    85: 0
    86: 0
    87: 0
    88: 0
    89: 0
    90: 0
    91: 0
    92: 0
    93: 0
    94: 0
    95: 0
    96: 0
    97: 0
    98: 0
    99: 0
  mem-3: # Memory controller stats
   rd: 67248 # Read requests
   wr: 19184 # Write requests
   rdlat: 9027767 # Total latency experienced by read requests
   wrlat: 2778211 # Total latency experienced by write requests
   rdhits: 39 # Read row hits
   wrhits: 17 # Write row hits
   mlh: # latency histogram for memory requests
    0: 0
    1: 0
    2: 0
    3: 0
    4: 0
    5: 0
    6: 0
    7: 0
    8: 0
    9: 0
    10: 0
    11: 4
    12: 26
    13: 64967
    14: 575
    15: 442
    16: 239
    17: 45
    18: 35
    19: 38
    20: 30
    21: 28
    22: 41
    23: 30
    24: 49
    25: 39
    26: 33
    27: 32
    28: 33
    29: 32
    30: 40
    31: 48
    32: 43
    33: 36
    34: 33
    35: 39
    36: 37
    37: 45
    38: 31
    39: 38
    40: 34
    41: 33
    42: 48
    43: 13
    44: 1
    45: 4
    46: 6
    47: 0
    48: 1
    49: 0
    50: 0
    51: 0
    52: 0
    53: 0
    54: 0
    55: 0
    56: 0
    57: 0
    58: 0
    59: 0
    60: 0
    61: 0
    62: 0
    63: 0
    64: 0
    65: 0
    66: 0
    67: 0
    68: 0
    69: 0
    70: 0
    71: 0
    72: 0
    73: 0
    74: 0
    75: 0
    76: 0
    77: 0
    78: 0
    79: 0
    80: 0
    81: 0
    82: 0
    83: 0
    84: 0
    85: 0
    86: 0
    87: 0
    88: 0
    89: 0
    90: 0
    91: 0
    92: 0
    93: 0
    94: 0
    95: 0
    96: 0
    97: 0
    98: 0
    99: 0
 sched: # Scheduler stats
  thCr: 1 # Threads created
  thFn: 1 # Threads finished
  schedEvs: 1 # Schedule events
  waitEvs: 0 # Wait events
  handoffEvs: 0 # Handoff events
  sleepEvs: 0 # Sleep events
  idlePhases: 0 # Phases with no thread active
  idlePeriods: 0 # Periods with no thread active
  occHist: # Occupancy histogram
   0: 0
   1: 12255
  rqSzHist: # Run queue size histogram
   0: 12255
   1: 0
   2: 0
   3: 0
   4: 0
   5: 0
   6: 0
   7: 0
   8: 0
   9: 0
   10: 0
   11: 0
   12: 0
   13: 0
   14: 0
   15: 0
   16: 0
 procCycles: # Per-process unhalted core cycles
  0: 122550042
  1: 0
  2: 0
  3: 0
  4: 0
  5: 0
  6: 0
  7: 0
  8: 0
  9: 0
  10: 0
  11: 0
  12: 0
  13: 0
  14: 0
  15: 0
  16: 0
  17: 0
  18: 0
  19: 0
  20: 0
  21: 0
  22: 0
  23: 0
  24: 0
  25: 0
  26: 0
  27: 0
  28: 0
  29: 0
  30: 0
  31: 0
  32: 0
  33: 0
  34: 0
  35: 0
  36: 0
  37: 0
  38: 0
  39: 0
  40: 0
  41: 0
  42: 0
  43: 0
  44: 0
  45: 0
  46: 0
  47: 0
  48: 0
  49: 0
  50: 0
  51: 0
  52: 0
  53: 0
  54: 0
  55: 0
  56: 0
  57: 0
  58: 0
  59: 0
  60: 0
  61: 0
  62: 0
  63: 0
 procInstrs: # Per-process instructions
  0: 100005040
  1: 0
  2: 0
  3: 0
  4: 0
  5: 0
  6: 0
  7: 0
  8: 0
  9: 0
  10: 0
  11: 0
  12: 0
  13: 0
  14: 0
  15: 0
  16: 0
  17: 0
  18: 0
  19: 0
  20: 0
  21: 0
  22: 0
  23: 0
  24: 0
  25: 0
  26: 0
  27: 0
  28: 0
  29: 0
  30: 0
  31: 0
  32: 0
  33: 0
  34: 0
  35: 0
  36: 0
  37: 0
  38: 0
  39: 0
  40: 0
  41: 0
  42: 0
  43: 0
  44: 0
  45: 0
  46: 0
  47: 0
  48: 0
  49: 0
  50: 0
  51: 0
  52: 0
  53: 0
  54: 0
  55: 0
  56: 0
  57: 0
  58: 0
  59: 0
  60: 0
  61: 0
  62: 0
  63: 0
 heartbeats: # Per-process heartbeats
  0: 0
  1: 0
  2: 0
  3: 0
  4: 0
  5: 0
  6: 0
  7: 0
  8: 0
  9: 0
  10: 0
  11: 0
  12: 0
  13: 0
  14: 0
  15: 0
  16: 0
  17: 0
  18: 0
  19: 0
  20: 0
  21: 0
  22: 0
  23: 0
  24: 0
  25: 0
  26: 0
  27: 0
  28: 0
  29: 0
  30: 0
  31: 0
  32: 0
  33: 0
  34: 0
  35: 0
  36: 0
  37: 0
  38: 0
  39: 0
  40: 0
  41: 0
  42: 0
  43: 0
  44: 0
  45: 0
  46: 0
  47: 0
  48: 0
  49: 0
  50: 0
  51: 0
  52: 0
  53: 0
  54: 0
  55: 0
  56: 0
  57: 0
  58: 0
  59: 0
  60: 0
  61: 0
  62: 0
  63: 0
===
