# zsim stats
===
root: # Stats
 contention: # Contention simulation stats
  domain-0: # Domain stats
   time: 3909680278 # Weave simulation time
 time: # Simulator time breakdown
  init: 352771177230
  bound: 13823022487
  weave: 4539123464
  ff: 0
 trigger: 20000 # Reason for this stats dump
 phase: 65192 # Simulated phases
 westmere: # Core stats
  westmere-0: # Core stats
   cycles: 651922786 # Simulated unhalted cycles
   cCycles: 148325238 # Cycles due to contention stalls
   instrs: 100001126 # Simulated instructions
   uops: 101913068 # Retired micro-ops
   bbls: 27652842 # Basic blocks
   approxInstrs: 22402 # Instrs with approx uop decoding
   mispredBranches: 1591232 # Mispredicted branches
   condBranches: 25801112 # conditional branches
 l1i: # Cache stats
  l1i-0: # Filter cache stats
   fhGETS: 35460162 # Filtered GETS hits
   fhGETX: 0 # Filtered GETX hits
   hGETS: 0 # GETS hits
   hGETX: 0 # GETX hits
   mGETS: 47 # GETS misses
   mGETXIM: 0 # GETX I->M misses
   mGETXSM: 0 # GETX S->M misses (upgrade misses)
   PUTS: 0 # Clean evictions (from lower level)
   PUTX: 0 # Dirty evictions (from lower level)
   INV: 0 # Invalidates (from upper level)
   INVX: 0 # Downgrades (from upper level)
   FWD: 0 # Forwards (from upper level)
   latGETnl: 5828 # GET request latency on next level
   latGETnet: 0 # GET request latency on network to next level
 l1d: # Cache stats
  l1d-0: # Filter cache stats
   fhGETS: 22283590 # Filtered GETS hits
   fhGETX: 2297420 # Filtered GETX hits
   hGETS: 1831371 # GETS hits
   hGETX: 3236244 # GETX hits
   mGETS: 12461969 # GETS misses
   mGETXIM: 257494 # GETX I->M misses
   mGETXSM: 0 # GETX S->M misses (upgrade misses)
   PUTS: 0 # Clean evictions (from lower level)
   PUTX: 0 # Dirty evictions (from lower level)
   INV: 0 # Invalidates (from upper level)
   INVX: 0 # Downgrades (from upper level)
   FWD: 0 # Forwards (from upper level)
   latGETnl: 1101154494 # GET request latency on next level
   latGETnet: 0 # GET request latency on network to next level
 l2: # Cache stats
  l2-0: # Cache stats
   hGETS: 2417959 # GETS hits
   hGETX: 84133 # GETX hits
   mGETS: 10044057 # GETS misses
   mGETXIM: 173361 # GETX I->M misses
   mGETXSM: 0 # GETX S->M misses (upgrade misses)
   PUTS: 9459906 # Clean evictions (from lower level)
   PUTX: 3259045 # Dirty evictions (from lower level)
   INV: 0 # Invalidates (from upper level)
   INVX: 0 # Downgrades (from upper level)
   FWD: 0 # Forwards (from upper level)
   latGETnl: 973965222 # GET request latency on next level
   latGETnet: 0 # GET request latency on network to next level
 l3: # Cache stats
  l3-0: # Cache stats
   hGETS: 2069140 # GETS hits
   hGETX: 51087 # GETX hits
   mGETS: 7974917 # GETS misses
   mGETXIM: 122274 # GETX I->M misses
   mGETXSM: 0 # GETX S->M misses (upgrade misses)
   PUTS: 7440679 # Clean evictions (from lower level)
   PUTX: 2772643 # Dirty evictions (from lower level)
   INV: 0 # Invalidates (from upper level)
   INVX: 0 # Downgrades (from upper level)
   FWD: 0 # Forwards (from upper level)
   latGETnl: 728747190 # GET request latency on next level
   latGETnet: 0 # GET request latency on network to next level
 mem: # Memory controller stats
  mem-0: # Memory controller stats
   rd: 2021729 # Read requests
   wr: 655569 # Write requests
   rdlat: 275226202 # Total latency experienced by read requests
   wrlat: 95560277 # Total latency experienced by write requests
   rdhits: 2283 # Read row hits
   wrhits: 2291 # Write row hits
   mlh: # latency histogram for memory requests
    0: 0
    1: 0
    2: 0
    3: 0
    4: 0
    5: 0
    6: 0
    7: 0
    8: 0
    9: 0
    10: 0
    11: 291
    12: 429
    13: 1783511
    14: 140481
    15: 48522
    16: 13876
    17: 2745
    18: 1038
    19: 1095
    20: 1152
    21: 1336
    22: 976
    23: 1362
    24: 3371
    25: 1685
    26: 509
    27: 604
    28: 666
    29: 718
    30: 1081
    31: 1390
    32: 1188
    33: 1183
    34: 1220
    35: 1422
    36: 1381
    37: 1275
    38: 1163
    39: 1114
    40: 1077
    41: 1134
    42: 1131
    43: 544
    44: 221
    45: 199
    46: 150
    47: 263
    48: 153
    49: 34
    50: 11
    51: 7
    52: 9
    53: 7
    54: 2
    55: 2
    56: 0
    57: 0
    58: 0
    59: 1
    60: 0
    61: 0
    62: 0
    63: 0
    64: 0
    65: 0
    66: 0
    67: 0
    68: 0
    69: 0
    70: 0
    71: 0
    72: 0
    73: 0
    74: 0
    75: 0
    76: 0
    77: 0
    78: 0
    79: 0
    80: 0
    81: 0
    82: 0
    83: 0
    84: 0
    85: 0
    86: 0
    87: 0
    88: 0
    89: 0
    90: 0
    91: 0
    92: 0
    93: 0
    94: 0
    95: 0
    96: 0
    97: 0
    98: 0
    99: 0
  mem-1: # Memory controller stats
   rd: 2020373 # Read requests
   wr: 655370 # Write requests
   rdlat: 274994006 # Total latency experienced by read requests
   wrlat: 95695929 # Total latency experienced by write requests
   rdhits: 2432 # Read row hits
   wrhits: 2198 # Write row hits
   mlh: # latency histogram for memory requests
    0: 0
    1: 0
    2: 0
    3: 0
    4: 0
    5: 0
    6: 0
    7: 0
    8: 0
    9: 0
    10: 0
    11: 318
    12: 549
    13: 1782572
    14: 139445
    15: 49481
    16: 13953
    17: 2621
    18: 1069
    19: 1033
    20: 1268
    21: 1243
    22: 957
    23: 1344
    24: 2959
    25: 1866
    26: 517
    27: 608
    28: 608
    29: 685
    30: 1068
    31: 1413
    32: 1166
    33: 1168
    34: 1319
    35: 1361
    36: 1326
    37: 1227
    38: 1131
    39: 1185
    40: 1116
    41: 1150
    42: 1127
    43: 519
    44: 229
    45: 171
    46: 131
    47: 230
    48: 143
    49: 45
    50: 21
    51: 5
    52: 9
    53: 9
    54: 5
    55: 3
    56: 0
    57: 0
    58: 0
    59: 0
    60: 0
    61: 0
    62: 0
    63: 0
    64: 0
    65: 0
    66: 0
    67: 0
    68: 0
    69: 0
    70: 0
    71: 0
    72: 0
    73: 0
    74: 0
    75: 0
    76: 0
    77: 0
    78: 0
    79: 0
    80: 0
    81: 0
    82: 0
    83: 0
    84: 0
    85: 0
    86: 0
    87: 0
    88: 0
    89: 0
    90: 0
    91: 0
    92: 0
    93: 0
    94: 0
    95: 0
    96: 0
    97: 0
    98: 0
    99: 0
  mem-2: # Memory controller stats
   rd: 2039692 # Read requests
   wr: 654871 # Write requests
   rdlat: 277763115 # Total latency experienced by read requests
   wrlat: 95721612 # Total latency experienced by write requests
   rdhits: 2403 # Read row hits
   wrhits: 2371 # Write row hits
   mlh: # latency histogram for memory requests
    0: 0
    1: 0
    2: 0
    3: 0
    4: 0
    5: 0
    6: 0
    7: 0
    8: 0
    9: 0
    10: 0
    11: 291
    12: 635
    13: 1793627
    14: 147870
    15: 49437
    16: 12824
    17: 2473
    18: 1023
    19: 1051
    20: 1178
    21: 1226
    22: 922
    23: 1502
    24: 3620
    25: 1793
    26: 544
    27: 608
    28: 634
    29: 741
    30: 1139
    31: 1469
    32: 1167
    33: 1198
    34: 1292
    35: 1369
    36: 1392
    37: 1254
    38: 1144
    39: 1194
    40: 1141
    41: 1198
    42: 1158
    43: 508
    44: 215
    45: 215
    46: 159
    47: 245
    48: 137
    49: 58
    50: 17
    51: 9
    52: 3
    53: 8
    54: 2
    55: 0
    56: 2
    57: 0
    58: 0
    59: 0
    60: 0
    61: 0
    62: 0
    63: 0
    64: 0
    65: 0
    66: 0
    67: 0
    68: 0
    69: 0
    70: 0
    71: 0
    72: 0
    73: 0
    74: 0
    75: 0
    76: 0
    77: 0
    78: 0
    79: 0
    80: 0
    81: 0
    82: 0
    83: 0
    84: 0
    85: 0
    86: 0
    87: 0
    88: 0
    89: 0
    90: 0
    91: 0
    92: 0
    93: 0
    94: 0
    95: 0
    96: 0
    97: 0
    98: 0
    99: 0
  mem-3: # Memory controller stats
   rd: 2015342 # Read requests
   wr: 654726 # Write requests
   rdlat: 274421529 # Total latency experienced by read requests
   wrlat: 95509986 # Total latency experienced by write requests
   rdhits: 2318 # Read row hits
   wrhits: 2195 # Write row hits
   mlh: # latency histogram for memory requests
    0: 0
    1: 0
    2: 0
    3: 0
    4: 0
    5: 0
    6: 0
    7: 0
    8: 0
    9: 0
    10: 0
    11: 293
    12: 500
    13: 1776842
    14: 139545
    15: 49337
    16: 14499
    17: 2428
    18: 1033
    19: 998
    20: 1232
    21: 1282
    22: 937
    23: 1277
    24: 3461
    25: 1609
    26: 508
    27: 611
    28: 685
    29: 777
    30: 1136
    31: 1492
    32: 1106
    33: 1156
    34: 1338
    35: 1374
    36: 1307
    37: 1211
    38: 1156
    39: 1180
    40: 1181
    41: 1133
    42: 1110
    43: 556
    44: 236
    45: 180
    46: 136
    47: 254
    48: 141
    49: 53
    50: 20
    51: 14
    52: 2
    53: 4
    54: 5
    55: 1
    56: 1
    57: 4
    58: 1
    59: 0
    60: 0
    61: 0
    62: 0
    63: 0
    64: 0
    65: 0
    66: 0
    67: 0
    68: 0
    69: 0
    70: 0
    71: 0
    72: 0
    73: 0
    74: 0
    75: 0
    76: 0
    77: 0
    78: 0
    79: 0
    80: 0
    81: 0
    82: 0
    83: 0
    84: 0
    85: 0
    86: 0
    87: 0
    88: 0
    89: 0
    90: 0
    91: 0
    92: 0
    93: 0
    94: 0
    95: 0
    96: 0
    97: 0
    98: 0
    99: 0
 sched: # Scheduler stats
  thCr: 1 # Threads created
  thFn: 1 # Threads finished
  schedEvs: 1 # Schedule events
  waitEvs: 0 # Wait events
  handoffEvs: 0 # Handoff events
  sleepEvs: 0 # Sleep events
  idlePhases: 0 # Phases with no thread active
  idlePeriods: 0 # Periods with no thread active
  occHist: # Occupancy histogram
   0: 0
   1: 65192
  rqSzHist: # Run queue size histogram
   0: 65192
   1: 0
   2: 0
   3: 0
   4: 0
   5: 0
   6: 0
   7: 0
   8: 0
   9: 0
   10: 0
   11: 0
   12: 0
   13: 0
   14: 0
   15: 0
   16: 0
 procCycles: # Per-process unhalted core cycles
  0: 651922786
  1: 0
  2: 0
  3: 0
  4: 0
  5: 0
  6: 0
  7: 0
  8: 0
  9: 0
  10: 0
  11: 0
  12: 0
  13: 0
  14: 0
  15: 0
  16: 0
  17: 0
  18: 0
  19: 0
  20: 0
  21: 0
  22: 0
  23: 0
  24: 0
  25: 0
  26: 0
  27: 0
  28: 0
  29: 0
  30: 0
  31: 0
  32: 0
  33: 0
  34: 0
  35: 0
  36: 0
  37: 0
  38: 0
  39: 0
  40: 0
  41: 0
  42: 0
  43: 0
  44: 0
  45: 0
  46: 0
  47: 0
  48: 0
  49: 0
  50: 0
  51: 0
  52: 0
  53: 0
  54: 0
  55: 0
  56: 0
  57: 0
  58: 0
  59: 0
  60: 0
  61: 0
  62: 0
  63: 0
 procInstrs: # Per-process instructions
  0: 100001126
  1: 0
  2: 0
  3: 0
  4: 0
  5: 0
  6: 0
  7: 0
  8: 0
  9: 0
  10: 0
  11: 0
  12: 0
  13: 0
  14: 0
  15: 0
  16: 0
  17: 0
  18: 0
  19: 0
  20: 0
  21: 0
  22: 0
  23: 0
  24: 0
  25: 0
  26: 0
  27: 0
  28: 0
  29: 0
  30: 0
  31: 0
  32: 0
  33: 0
  34: 0
  35: 0
  36: 0
  37: 0
  38: 0
  39: 0
  40: 0
  41: 0
  42: 0
  43: 0
  44: 0
  45: 0
  46: 0
  47: 0
  48: 0
  49: 0
  50: 0
  51: 0
  52: 0
  53: 0
  54: 0
  55: 0
  56: 0
  57: 0
  58: 0
  59: 0
  60: 0
  61: 0
  62: 0
  63: 0
 heartbeats: # Per-process heartbeats
  0: 0
  1: 0
  2: 0
  3: 0
  4: 0
  5: 0
  6: 0
  7: 0
  8: 0
  9: 0
  10: 0
  11: 0
  12: 0
  13: 0
  14: 0
  15: 0
  16: 0
  17: 0
  18: 0
  19: 0
  20: 0
  21: 0
  22: 0
  23: 0
  24: 0
  25: 0
  26: 0
  27: 0
  28: 0
  29: 0
  30: 0
  31: 0
  32: 0
  33: 0
  34: 0
  35: 0
  36: 0
  37: 0
  38: 0
  39: 0
  40: 0
  41: 0
  42: 0
  43: 0
  44: 0
  45: 0
  46: 0
  47: 0
  48: 0
  49: 0
  50: 0
  51: 0
  52: 0
  53: 0
  54: 0
  55: 0
  56: 0
  57: 0
  58: 0
  59: 0
  60: 0
  61: 0
  62: 0
  63: 0
===
