# zsim stats
===
root: # Stats
 contention: # Contention simulation stats
  domain-0: # Domain stats
   time: 244781574 # Weave simulation time
 time: # Simulator time breakdown
  init: 39632753338
  bound: 4683834142
  weave: 375634588
  ff: 0
 trigger: 20000 # Reason for this stats dump
 phase: 10700 # Simulated phases
 westmere: # Core stats
  westmere-0: # Core stats
   cycles: 107000084 # Simulated unhalted cycles
   cCycles: 7658147 # Cycles due to contention stalls
   instrs: 100014098 # Simulated instructions
   uops: 113814137 # Retired micro-ops
   bbls: 14847333 # Basic blocks
   approxInstrs: 596117 # Instrs with approx uop decoding
   mispredBranches: 789673 # Mispredicted branches
   condBranches: 12876364 # conditional branches
 l1i: # Cache stats
  l1i-0: # Filter cache stats
   fhGETS: 19609304 # Filtered GETS hits
   fhGETX: 0 # Filtered GETX hits
   hGETS: 198 # GETS hits
   hGETX: 0 # GETX hits
   mGETS: 162 # GETS misses
   mGETXIM: 0 # GETX I->M misses
   mGETXSM: 0 # GETX S->M misses (upgrade misses)
   PUTS: 0 # Clean evictions (from lower level)
   PUTX: 0 # Dirty evictions (from lower level)
   INV: 0 # Invalidates (from upper level)
   INVX: 0 # Downgrades (from upper level)
   FWD: 0 # Forwards (from upper level)
   latGETnl: 20088 # GET request latency on next level
   latGETnet: 0 # GET request latency on network to next level
 l1d: # Cache stats
  l1d-0: # Filter cache stats
   fhGETS: 25356547 # Filtered GETS hits
   fhGETX: 11427948 # Filtered GETX hits
   hGETS: 1005456 # GETS hits
   hGETX: 1637987 # GETX hits
   mGETS: 1935273 # GETS misses
   mGETXIM: 1092994 # GETX I->M misses
   mGETXSM: 0 # GETX S->M misses (upgrade misses)
   PUTS: 0 # Clean evictions (from lower level)
   PUTX: 0 # Dirty evictions (from lower level)
   INV: 0 # Invalidates (from upper level)
   INVX: 0 # Downgrades (from upper level)
   FWD: 0 # Forwards (from upper level)
   latGETnl: 101964628 # GET request latency on next level
   latGETnet: 0 # GET request latency on network to next level
 l2: # Cache stats
  l2-0: # Cache stats
   hGETS: 940031 # GETS hits
   hGETX: 118364 # GETX hits
   mGETS: 995404 # GETS misses
   mGETXIM: 974630 # GETX I->M misses
   mGETXSM: 0 # GETX S->M misses (upgrade misses)
   PUTS: 942985 # Clean evictions (from lower level)
   PUTX: 2084770 # Dirty evictions (from lower level)
   INV: 0 # Invalidates (from upper level)
   INVX: 0 # Downgrades (from upper level)
   FWD: 0 # Forwards (from upper level)
   latGETnl: 71700426 # GET request latency on next level
   latGETnet: 0 # GET request latency on network to next level
 l3: # Cache stats
  l3-0: # Cache stats
   hGETS: 916258 # GETS hits
   hGETX: 782447 # GETX hits
   mGETS: 79146 # GETS misses
   mGETXIM: 192183 # GETX I->M misses
   mGETXSM: 0 # GETX S->M misses (upgrade misses)
   PUTS: 580843 # Clean evictions (from lower level)
   PUTX: 1385095 # Dirty evictions (from lower level)
   INV: 0 # Invalidates (from upper level)
   INVX: 0 # Downgrades (from upper level)
   FWD: 0 # Forwards (from upper level)
   latGETnl: 24419610 # GET request latency on next level
   latGETnet: 0 # GET request latency on network to next level
 mem: # Memory controller stats
  mem-0: # Memory controller stats
   rd: 67846 # Read requests
   wr: 50655 # Write requests
   rdlat: 9170981 # Total latency experienced by read requests
   wrlat: 7246803 # Total latency experienced by write requests
   rdhits: 426 # Read row hits
   wrhits: 359 # Write row hits
   mlh: # latency histogram for memory requests
    0: 0
    1: 0
    2: 0
    3: 0
    4: 0
    5: 0
    6: 0
    7: 0
    8: 0
    9: 0
    10: 0
    11: 105
    12: 87
    13: 63265
    14: 1294
    15: 946
    16: 510
    17: 160
    18: 145
    19: 142
    20: 156
    21: 155
    22: 60
    23: 77
    24: 73
    25: 40
    26: 26
    27: 37
    28: 36
    29: 29
    30: 29
    31: 24
    32: 42
    33: 36
    34: 34
    35: 34
    36: 23
    37: 42
    38: 38
    39: 42
    40: 47
    41: 30
    42: 33
    43: 16
    44: 13
    45: 2
    46: 6
    47: 3
    48: 3
    49: 2
    50: 1
    51: 1
    52: 1
    53: 0
    54: 0
    55: 0
    56: 1
    57: 0
    58: 0
    59: 0
    60: 0
    61: 0
    62: 0
    63: 0
    64: 0
    65: 0
    66: 0
    67: 0
    68: 0
    69: 0
    70: 0
    71: 0
    72: 0
    73: 0
    74: 0
    75: 0
    76: 0
    77: 0
    78: 0
    79: 0
    80: 0
    81: 0
    82: 0
    83: 0
    84: 0
    85: 0
    86: 0
    87: 0
    88: 0
    89: 0
    90: 0
    91: 0
    92: 0
    93: 0
    94: 0
    95: 0
    96: 0
    97: 0
    98: 0
    99: 0
  mem-1: # Memory controller stats
   rd: 67811 # Read requests
   wr: 50719 # Write requests
   rdlat: 9172575 # Total latency experienced by read requests
   wrlat: 7250603 # Total latency experienced by write requests
   rdhits: 472 # Read row hits
   wrhits: 373 # Write row hits
   mlh: # latency histogram for memory requests
    0: 0
    1: 0
    2: 0
    3: 0
    4: 0
    5: 0
    6: 0
    7: 0
    8: 0
    9: 0
    10: 0
    11: 107
    12: 106
    13: 63273
    14: 1289
    15: 927
    16: 477
    17: 154
    18: 139
    19: 142
    20: 174
    21: 124
    22: 58
    23: 60
    24: 69
    25: 54
    26: 27
    27: 36
    28: 21
    29: 35
    30: 45
    31: 40
    32: 35
    33: 41
    34: 43
    35: 34
    36: 38
    37: 36
    38: 36
    39: 34
    40: 36
    41: 46
    42: 38
    43: 15
    44: 2
    45: 8
    46: 6
    47: 6
    48: 0
    49: 0
    50: 0
    51: 0
    52: 0
    53: 0
    54: 0
    55: 0
    56: 0
    57: 0
    58: 0
    59: 0
    60: 0
    61: 0
    62: 0
    63: 0
    64: 0
    65: 0
    66: 0
    67: 0
    68: 0
    69: 0
    70: 0
    71: 0
    72: 0
    73: 0
    74: 0
    75: 0
    76: 0
    77: 0
    78: 0
    79: 0
    80: 0
    81: 0
    82: 0
    83: 0
    84: 0
    85: 0
    86: 0
    87: 0
    88: 0
    89: 0
    90: 0
    91: 0
    92: 0
    93: 0
    94: 0
    95: 0
    96: 0
    97: 0
    98: 0
    99: 0
  mem-2: # Memory controller stats
   rd: 67861 # Read requests
   wr: 50556 # Write requests
   rdlat: 9171274 # Total latency experienced by read requests
   wrlat: 7248110 # Total latency experienced by write requests
   rdhits: 507 # Read row hits
   wrhits: 392 # Write row hits
   mlh: # latency histogram for memory requests
    0: 0
    1: 0
    2: 0
    3: 0
    4: 0
    5: 0
    6: 0
    7: 0
    8: 0
    9: 0
    10: 1
    11: 125
    12: 91
    13: 63309
    14: 1263
    15: 932
    16: 474
    17: 156
    18: 154
    19: 151
    20: 189
    21: 150
    22: 56
    23: 74
    24: 50
    25: 55
    26: 30
    27: 27
    28: 33
    29: 17
    30: 41
    31: 40
    32: 38
    33: 42
    34: 36
    35: 33
    36: 41
    37: 43
    38: 33
    39: 29
    40: 35
    41: 34
    42: 37
    43: 20
    44: 5
    45: 6
    46: 6
    47: 3
    48: 0
    49: 0
    50: 0
    51: 1
    52: 0
    53: 0
    54: 0
    55: 0
    56: 1
    57: 0
    58: 0
    59: 0
    60: 0
    61: 0
    62: 0
    63: 0
    64: 0
    65: 0
    66: 0
    67: 0
    68: 0
    69: 0
    70: 0
    71: 0
    72: 0
    73: 0
    74: 0
    75: 0
    76: 0
    77: 0
    78: 0
    79: 0
    80: 0
    81: 0
    82: 0
    83: 0
    84: 0
    85: 0
    86: 0
    87: 0
    88: 0
    89: 0
    90: 0
    91: 0
    92: 0
    93: 0
    94: 0
    95: 0
    96: 0
    97: 0
    98: 0
    99: 0
  mem-3: # Memory controller stats
   rd: 67811 # Read requests
   wr: 50527 # Write requests
   rdlat: 9181921 # Total latency experienced by read requests
   wrlat: 7230480 # Total latency experienced by write requests
   rdhits: 456 # Read row hits
   wrhits: 380 # Write row hits
   mlh: # latency histogram for memory requests
    0: 0
    1: 0
    2: 0
    3: 0
    4: 0
    5: 0
    6: 0
    7: 0
    8: 0
    9: 0
    10: 0
    11: 109
    12: 92
    13: 63206
    14: 1280
    15: 950
    16: 496
    17: 157
    18: 118
    19: 162
    20: 179
    21: 136
    22: 64
    23: 66
    24: 75
    25: 45
    26: 29
    27: 38
    28: 18
    29: 30
    30: 39
    31: 38
    32: 36
    33: 51
    34: 49
    35: 35
    36: 26
    37: 40
    38: 41
    39: 47
    40: 32
    41: 26
    42: 51
    43: 19
    44: 7
    45: 7
    46: 6
    47: 5
    48: 5
    49: 1
    50: 0
    51: 0
    52: 0
    53: 0
    54: 0
    55: 0
    56: 0
    57: 0
    58: 0
    59: 0
    60: 0
    61: 0
    62: 0
    63: 0
    64: 0
    65: 0
    66: 0
    67: 0
    68: 0
    69: 0
    70: 0
    71: 0
    72: 0
    73: 0
    74: 0
    75: 0
    76: 0
    77: 0
    78: 0
    79: 0
    80: 0
    81: 0
    82: 0
    83: 0
    84: 0
    85: 0
    86: 0
    87: 0
    88: 0
    89: 0
    90: 0
    91: 0
    92: 0
    93: 0
    94: 0
    95: 0
    96: 0
    97: 0
    98: 0
    99: 0
 sched: # Scheduler stats
  thCr: 1 # Threads created
  thFn: 1 # Threads finished
  schedEvs: 1 # Schedule events
  waitEvs: 0 # Wait events
  handoffEvs: 0 # Handoff events
  sleepEvs: 0 # Sleep events
  idlePhases: 0 # Phases with no thread active
  idlePeriods: 0 # Periods with no thread active
  occHist: # Occupancy histogram
   0: 0
   1: 10700
  rqSzHist: # Run queue size histogram
   0: 10700
   1: 0
   2: 0
   3: 0
   4: 0
   5: 0
   6: 0
   7: 0
   8: 0
   9: 0
   10: 0
   11: 0
   12: 0
   13: 0
   14: 0
   15: 0
   16: 0
 procCycles: # Per-process unhalted core cycles
  0: 107000084
  1: 0
  2: 0
  3: 0
  4: 0
  5: 0
  6: 0
  7: 0
  8: 0
  9: 0
  10: 0
  11: 0
  12: 0
  13: 0
  14: 0
  15: 0
  16: 0
  17: 0
  18: 0
  19: 0
  20: 0
  21: 0
  22: 0
  23: 0
  24: 0
  25: 0
  26: 0
  27: 0
  28: 0
  29: 0
  30: 0
  31: 0
  32: 0
  33: 0
  34: 0
  35: 0
  36: 0
  37: 0
  38: 0
  39: 0
  40: 0
  41: 0
  42: 0
  43: 0
  44: 0
  45: 0
  46: 0
  47: 0
  48: 0
  49: 0
  50: 0
  51: 0
  52: 0
  53: 0
  54: 0
  55: 0
  56: 0
  57: 0
  58: 0
  59: 0
  60: 0
  61: 0
  62: 0
  63: 0
 procInstrs: # Per-process instructions
  0: 100014098
  1: 0
  2: 0
  3: 0
  4: 0
  5: 0
  6: 0
  7: 0
  8: 0
  9: 0
  10: 0
  11: 0
  12: 0
  13: 0
  14: 0
  15: 0
  16: 0
  17: 0
  18: 0
  19: 0
  20: 0
  21: 0
  22: 0
  23: 0
  24: 0
  25: 0
  26: 0
  27: 0
  28: 0
  29: 0
  30: 0
  31: 0
  32: 0
  33: 0
  34: 0
  35: 0
  36: 0
  37: 0
  38: 0
  39: 0
  40: 0
  41: 0
  42: 0
  43: 0
  44: 0
  45: 0
  46: 0
  47: 0
  48: 0
  49: 0
  50: 0
  51: 0
  52: 0
  53: 0
  54: 0
  55: 0
  56: 0
  57: 0
  58: 0
  59: 0
  60: 0
  61: 0
  62: 0
  63: 0
 heartbeats: # Per-process heartbeats
  0: 0
  1: 0
  2: 0
  3: 0
  4: 0
  5: 0
  6: 0
  7: 0
  8: 0
  9: 0
  10: 0
  11: 0
  12: 0
  13: 0
  14: 0
  15: 0
  16: 0
  17: 0
  18: 0
  19: 0
  20: 0
  21: 0
  22: 0
  23: 0
  24: 0
  25: 0
  26: 0
  27: 0
  28: 0
  29: 0
  30: 0
  31: 0
  32: 0
  33: 0
  34: 0
  35: 0
  36: 0
  37: 0
  38: 0
  39: 0
  40: 0
  41: 0
  42: 0
  43: 0
  44: 0
  45: 0
  46: 0
  47: 0
  48: 0
  49: 0
  50: 0
  51: 0
  52: 0
  53: 0
  54: 0
  55: 0
  56: 0
  57: 0
  58: 0
  59: 0
  60: 0
  61: 0
  62: 0
  63: 0
===
