# zsim stats
===
root: # Stats
 contention: # Contention simulation stats
  domain-0: # Domain stats
   time: 5302972411 # Weave simulation time
 time: # Simulator time breakdown
  init: 382822983833
  bound: 16336703526
  weave: 6107672069
  ff: 0
 trigger: 20000 # Reason for this stats dump
 phase: 65323 # Simulated phases
 westmere: # Core stats
  westmere-0: # Core stats
   cycles: 653232906 # Simulated unhalted cycles
   cCycles: 148899668 # Cycles due to contention stalls
   instrs: 100000839 # Simulated instructions
   uops: 101912758 # Retired micro-ops
   bbls: 27652781 # Basic blocks
   approxInstrs: 22402 # Instrs with approx uop decoding
   mispredBranches: 1591225 # Mispredicted branches
   condBranches: 25801055 # conditional branches
 l1i: # Cache stats
  l1i-0: # Filter cache stats
   fhGETS: 35449650 # Filtered GETS hits
   fhGETX: 0 # Filtered GETX hits
   hGETS: 0 # GETS hits
   hGETX: 0 # GETX hits
   mGETS: 6517 # GETS misses
   mGETXIM: 0 # GETX I->M misses
   mGETXSM: 0 # GETX S->M misses (upgrade misses)
   PUTS: 0 # Clean evictions (from lower level)
   PUTX: 0 # Dirty evictions (from lower level)
   INV: 6503 # Invalidates (from upper level)
   INVX: 0 # Downgrades (from upper level)
   FWD: 0 # Forwards (from upper level)
   latGETnl: 808108 # GET request latency on next level
   latGETnet: 0 # GET request latency on network to next level
 l1d: # Cache stats
  l1d-0: # Filter cache stats
   fhGETS: 22283458 # Filtered GETS hits
   fhGETX: 2297405 # Filtered GETX hits
   hGETS: 1830807 # GETS hits
   hGETX: 3236148 # GETX hits
   mGETS: 12462542 # GETS misses
   mGETXIM: 257581 # GETX I->M misses
   mGETXSM: 0 # GETX S->M misses (upgrade misses)
   PUTS: 0 # Clean evictions (from lower level)
   PUTX: 0 # Dirty evictions (from lower level)
   INV: 6447 # Invalidates (from upper level)
   INVX: 0 # Downgrades (from upper level)
   FWD: 0 # Forwards (from upper level)
   latGETnl: 1105112454 # GET request latency on next level
   latGETnet: 0 # GET request latency on network to next level
 l2: # Cache stats
  l2-0: # Cache stats
   hGETS: 2412079 # GETS hits
   hGETX: 83893 # GETX hits
   mGETS: 10056980 # GETS misses
   mGETXIM: 173688 # GETX I->M misses
   mGETXSM: 0 # GETX S->M misses (upgrade misses)
   PUTS: 9456044 # Clean evictions (from lower level)
   PUTX: 3257120 # Dirty evictions (from lower level)
   INV: 34313 # Invalidates (from upper level)
   INVX: 0 # Downgrades (from upper level)
   FWD: 0 # Forwards (from upper level)
   latGETnl: 978654162 # GET request latency on next level
   latGETnet: 0 # GET request latency on network to next level
 l3: # Cache stats
  l3-0: # Cache stats
   hGETS: 2033959 # GETS hits
   hGETX: 50952 # GETX hits
   mGETS: 8023021 # GETS misses
   mGETXIM: 122736 # GETX I->M misses
   mGETXSM: 0 # GETX S->M misses (upgrade misses)
   PUTS: 7425125 # Clean evictions (from lower level)
   PUTX: 2767134 # Dirty evictions (from lower level)
   INV: 0 # Invalidates (from upper level)
   INVX: 0 # Downgrades (from upper level)
   FWD: 0 # Forwards (from upper level)
   latGETnl: 733118130 # GET request latency on next level
   latGETnet: 0 # GET request latency on network to next level
 mem: # Memory controller stats
  mem-0: # Memory controller stats
   rd: 2033430 # Read requests
   wr: 656539 # Write requests
   rdlat: 276909007 # Total latency experienced by read requests
   wrlat: 95743829 # Total latency experienced by write requests
   rdhits: 2394 # Read row hits
   wrhits: 2195 # Write row hits
   mlh: # latency histogram for memory requests
    0: 0
    1: 0
    2: 0
    3: 0
    4: 0
    5: 0
    6: 0
    7: 0
    8: 0
    9: 0
    10: 0
    11: 320
    12: 446
    13: 1792575
    14: 141264
    15: 49315
    16: 14286
    17: 2797
    18: 1062
    19: 1026
    20: 1181
    21: 1322
    22: 971
    23: 1416
    24: 3451
    25: 1746
    26: 559
    27: 617
    28: 668
    29: 747
    30: 1043
    31: 1436
    32: 1239
    33: 1179
    34: 1319
    35: 1423
    36: 1412
    37: 1308
    38: 1168
    39: 1193
    40: 1116
    41: 1151
    42: 1103
    43: 559
    44: 221
    45: 168
    46: 132
    47: 238
    48: 159
    49: 43
    50: 10
    51: 10
    52: 13
    53: 6
    54: 5
    55: 3
    56: 1
    57: 1
    58: 1
    59: 0
    60: 0
    61: 1
    62: 0
    63: 0
    64: 0
    65: 0
    66: 0
    67: 0
    68: 0
    69: 0
    70: 0
    71: 0
    72: 0
    73: 0
    74: 0
    75: 0
    76: 0
    77: 0
    78: 0
    79: 0
    80: 0
    81: 0
    82: 0
    83: 0
    84: 0
    85: 0
    86: 0
    87: 0
    88: 0
    89: 0
    90: 0
    91: 0
    92: 0
    93: 0
    94: 0
    95: 0
    96: 0
    97: 0
    98: 0
    99: 0
  mem-1: # Memory controller stats
   rd: 2032754 # Read requests
   wr: 656319 # Write requests
   rdlat: 276748817 # Total latency experienced by read requests
   wrlat: 95877234 # Total latency experienced by write requests
   rdhits: 2392 # Read row hits
   wrhits: 2261 # Write row hits
   mlh: # latency histogram for memory requests
    0: 0
    1: 0
    2: 0
    3: 0
    4: 0
    5: 0
    6: 0
    7: 0
    8: 0
    9: 0
    10: 0
    11: 315
    12: 513
    13: 1793321
    14: 140360
    15: 49413
    16: 13994
    17: 2668
    18: 1060
    19: 1110
    20: 1310
    21: 1297
    22: 965
    23: 1357
    24: 2990
    25: 1959
    26: 485
    27: 609
    28: 642
    29: 748
    30: 1112
    31: 1455
    32: 1204
    33: 1221
    34: 1328
    35: 1395
    36: 1314
    37: 1232
    38: 1175
    39: 1219
    40: 1210
    41: 1129
    42: 1158
    43: 518
    44: 224
    45: 191
    46: 138
    47: 218
    48: 129
    49: 30
    50: 13
    51: 12
    52: 5
    53: 5
    54: 2
    55: 0
    56: 0
    57: 0
    58: 1
    59: 0
    60: 0
    61: 0
    62: 0
    63: 0
    64: 0
    65: 0
    66: 0
    67: 0
    68: 0
    69: 0
    70: 0
    71: 0
    72: 0
    73: 0
    74: 0
    75: 0
    76: 0
    77: 0
    78: 0
    79: 0
    80: 0
    81: 0
    82: 0
    83: 0
    84: 0
    85: 0
    86: 0
    87: 0
    88: 0
    89: 0
    90: 0
    91: 0
    92: 0
    93: 0
    94: 0
    95: 0
    96: 0
    97: 0
    98: 0
    99: 0
  mem-2: # Memory controller stats
   rd: 2051814 # Read requests
   wr: 656068 # Write requests
   rdlat: 279414125 # Total latency experienced by read requests
   wrlat: 95953591 # Total latency experienced by write requests
   rdhits: 2528 # Read row hits
   wrhits: 2213 # Write row hits
   mlh: # latency histogram for memory requests
    0: 0
    1: 0
    2: 0
    3: 0
    4: 0
    5: 0
    6: 0
    7: 0
    8: 0
    9: 0
    10: 0
    11: 332
    12: 661
    13: 1803826
    14: 148407
    15: 50153
    16: 13121
    17: 2451
    18: 1030
    19: 1062
    20: 1304
    21: 1350
    22: 1005
    23: 1576
    24: 3556
    25: 1768
    26: 515
    27: 611
    28: 605
    29: 731
    30: 1124
    31: 1438
    32: 1203
    33: 1132
    34: 1346
    35: 1467
    36: 1351
    37: 1274
    38: 1226
    39: 1206
    40: 1170
    41: 1140
    42: 1164
    43: 497
    44: 223
    45: 169
    46: 129
    47: 250
    48: 137
    49: 48
    50: 20
    51: 17
    52: 3
    53: 8
    54: 6
    55: 1
    56: 0
    57: 0
    58: 1
    59: 0
    60: 0
    61: 0
    62: 0
    63: 0
    64: 0
    65: 0
    66: 0
    67: 0
    68: 0
    69: 0
    70: 0
    71: 0
    72: 0
    73: 0
    74: 0
    75: 0
    76: 0
    77: 0
    78: 0
    79: 0
    80: 0
    81: 0
    82: 0
    83: 0
    84: 0
    85: 0
    86: 0
    87: 0
    88: 0
    89: 0
    90: 0
    91: 0
    92: 0
    93: 0
    94: 0
    95: 0
    96: 0
    97: 0
    98: 0
    99: 0
  mem-3: # Memory controller stats
   rd: 2027698 # Read requests
   wr: 655829 # Write requests
   rdlat: 276046311 # Total latency experienced by read requests
   wrlat: 95716766 # Total latency experienced by write requests
   rdhits: 2484 # Read row hits
   wrhits: 2310 # Write row hits
   mlh: # latency histogram for memory requests
    0: 0
    1: 0
    2: 0
    3: 0
    4: 0
    5: 0
    6: 0
    7: 0
    8: 0
    9: 0
    10: 0
    11: 312
    12: 530
    13: 1788124
    14: 140406
    15: 49307
    16: 14518
    17: 2468
    18: 1071
    19: 983
    20: 1294
    21: 1344
    22: 949
    23: 1337
    24: 3480
    25: 1652
    26: 536
    27: 600
    28: 651
    29: 753
    30: 1132
    31: 1447
    32: 1185
    33: 1154
    34: 1284
    35: 1389
    36: 1376
    37: 1217
    38: 1116
    39: 1152
    40: 1149
    41: 1110
    42: 1118
    43: 517
    44: 219
    45: 152
    46: 135
    47: 271
    48: 165
    49: 45
    50: 16
    51: 9
    52: 7
    53: 11
    54: 5
    55: 1
    56: 1
    57: 0
    58: 0
    59: 0
    60: 0
    61: 0
    62: 0
    63: 0
    64: 0
    65: 0
    66: 0
    67: 0
    68: 0
    69: 0
    70: 0
    71: 0
    72: 0
    73: 0
    74: 0
    75: 0
    76: 0
    77: 0
    78: 0
    79: 0
    80: 0
    81: 0
    82: 0
    83: 0
    84: 0
    85: 0
    86: 0
    87: 0
    88: 0
    89: 0
    90: 0
    91: 0
    92: 0
    93: 0
    94: 0
    95: 0
    96: 0
    97: 0
    98: 0
    99: 0
 sched: # Scheduler stats
  thCr: 1 # Threads created
  thFn: 1 # Threads finished
  schedEvs: 1 # Schedule events
  waitEvs: 0 # Wait events
  handoffEvs: 0 # Handoff events
  sleepEvs: 0 # Sleep events
  idlePhases: 0 # Phases with no thread active
  idlePeriods: 0 # Periods with no thread active
  occHist: # Occupancy histogram
   0: 0
   1: 65323
  rqSzHist: # Run queue size histogram
   0: 65323
   1: 0
   2: 0
   3: 0
   4: 0
   5: 0
   6: 0
   7: 0
   8: 0
   9: 0
   10: 0
   11: 0
   12: 0
   13: 0
   14: 0
   15: 0
   16: 0
 procCycles: # Per-process unhalted core cycles
  0: 653232906
  1: 0
  2: 0
  3: 0
  4: 0
  5: 0
  6: 0
  7: 0
  8: 0
  9: 0
  10: 0
  11: 0
  12: 0
  13: 0
  14: 0
  15: 0
  16: 0
  17: 0
  18: 0
  19: 0
  20: 0
  21: 0
  22: 0
  23: 0
  24: 0
  25: 0
  26: 0
  27: 0
  28: 0
  29: 0
  30: 0
  31: 0
  32: 0
  33: 0
  34: 0
  35: 0
  36: 0
  37: 0
  38: 0
  39: 0
  40: 0
  41: 0
  42: 0
  43: 0
  44: 0
  45: 0
  46: 0
  47: 0
  48: 0
  49: 0
  50: 0
  51: 0
  52: 0
  53: 0
  54: 0
  55: 0
  56: 0
  57: 0
  58: 0
  59: 0
  60: 0
  61: 0
  62: 0
  63: 0
 procInstrs: # Per-process instructions
  0: 100000839
  1: 0
  2: 0
  3: 0
  4: 0
  5: 0
  6: 0
  7: 0
  8: 0
  9: 0
  10: 0
  11: 0
  12: 0
  13: 0
  14: 0
  15: 0
  16: 0
  17: 0
  18: 0
  19: 0
  20: 0
  21: 0
  22: 0
  23: 0
  24: 0
  25: 0
  26: 0
  27: 0
  28: 0
  29: 0
  30: 0
  31: 0
  32: 0
  33: 0
  34: 0
  35: 0
  36: 0
  37: 0
  38: 0
  39: 0
  40: 0
  41: 0
  42: 0
  43: 0
  44: 0
  45: 0
  46: 0
  47: 0
  48: 0
  49: 0
  50: 0
  51: 0
  52: 0
  53: 0
  54: 0
  55: 0
  56: 0
  57: 0
  58: 0
  59: 0
  60: 0
  61: 0
  62: 0
  63: 0
 heartbeats: # Per-process heartbeats
  0: 0
  1: 0
  2: 0
  3: 0
  4: 0
  5: 0
  6: 0
  7: 0
  8: 0
  9: 0
  10: 0
  11: 0
  12: 0
  13: 0
  14: 0
  15: 0
  16: 0
  17: 0
  18: 0
  19: 0
  20: 0
  21: 0
  22: 0
  23: 0
  24: 0
  25: 0
  26: 0
  27: 0
  28: 0
  29: 0
  30: 0
  31: 0
  32: 0
  33: 0
  34: 0
  35: 0
  36: 0
  37: 0
  38: 0
  39: 0
  40: 0
  41: 0
  42: 0
  43: 0
  44: 0
  45: 0
  46: 0
  47: 0
  48: 0
  49: 0
  50: 0
  51: 0
  52: 0
  53: 0
  54: 0
  55: 0
  56: 0
  57: 0
  58: 0
  59: 0
  60: 0
  61: 0
  62: 0
  63: 0
===
