# zsim stats
===
root: # Stats
 contention: # Contention simulation stats
  domain-0: # Domain stats
   time: 167415157 # Weave simulation time
 time: # Simulator time breakdown
  init: 39963404362
  bound: 4557879371
  weave: 287426766
  ff: 0
 trigger: 20000 # Reason for this stats dump
 phase: 10798 # Simulated phases
 westmere: # Core stats
  westmere-0: # Core stats
   cycles: 107980086 # Simulated unhalted cycles
   cCycles: 8017312 # Cycles due to contention stalls
   instrs: 100020483 # Simulated instructions
   uops: 113820544 # Retired micro-ops
   bbls: 14848393 # Basic blocks
   approxInstrs: 596117 # Instrs with approx uop decoding
   mispredBranches: 789683 # Mispredicted branches
   condBranches: 12877415 # conditional branches
 l1i: # Cache stats
  l1i-0: # Filter cache stats
   fhGETS: 19610409 # Filtered GETS hits
   fhGETX: 0 # Filtered GETX hits
   hGETS: 198 # GETS hits
   hGETX: 0 # GETX hits
   mGETS: 162 # GETS misses
   mGETXIM: 0 # GETX I->M misses
   mGETXSM: 0 # GETX S->M misses (upgrade misses)
   PUTS: 0 # Clean evictions (from lower level)
   PUTX: 0 # Dirty evictions (from lower level)
   INV: 0 # Invalidates (from upper level)
   INVX: 0 # Downgrades (from upper level)
   FWD: 0 # Forwards (from upper level)
   latGETnl: 20088 # GET request latency on next level
   latGETnet: 0 # GET request latency on network to next level
 l1d: # Cache stats
  l1d-0: # Filter cache stats
   fhGETS: 25357605 # Filtered GETS hits
   fhGETX: 11428992 # Filtered GETX hits
   hGETS: 1005461 # GETS hits
   hGETX: 1637991 # GETX hits
   mGETS: 1935284 # GETS misses
   mGETXIM: 1092994 # GETX I->M misses
   mGETXSM: 0 # GETX S->M misses (upgrade misses)
   PUTS: 0 # Clean evictions (from lower level)
   PUTX: 0 # Dirty evictions (from lower level)
   INV: 0 # Invalidates (from upper level)
   INVX: 0 # Downgrades (from upper level)
   FWD: 0 # Forwards (from upper level)
   latGETnl: 102613680 # GET request latency on next level
   latGETnet: 0 # GET request latency on network to next level
 l2: # Cache stats
  l2-0: # Cache stats
   hGETS: 940414 # GETS hits
   hGETX: 118384 # GETX hits
   mGETS: 995032 # GETS misses
   mGETXIM: 974610 # GETX I->M misses
   mGETXSM: 0 # GETX S->M misses (upgrade misses)
   PUTS: 942996 # Clean evictions (from lower level)
   PUTX: 2084770 # Dirty evictions (from lower level)
   INV: 0 # Invalidates (from upper level)
   INVX: 0 # Downgrades (from upper level)
   FWD: 0 # Forwards (from upper level)
   latGETnl: 72349368 # GET request latency on next level
   latGETnet: 0 # GET request latency on network to next level
 l3: # Cache stats
  l3-0: # Cache stats
   hGETS: 893474 # GETS hits
   hGETX: 797524 # GETX hits
   mGETS: 101558 # GETS misses
   mGETXIM: 177086 # GETX I->M misses
   mGETXSM: 0 # GETX S->M misses (upgrade misses)
   PUTS: 580188 # Clean evictions (from lower level)
   PUTX: 1385358 # Dirty evictions (from lower level)
   INV: 0 # Invalidates (from upper level)
   INVX: 0 # Downgrades (from upper level)
   FWD: 0 # Forwards (from upper level)
   latGETnl: 25077960 # GET request latency on next level
   latGETnet: 0 # GET request latency on network to next level
 mem: # Memory controller stats
  mem-0: # Memory controller stats
   rd: 69324 # Read requests
   wr: 51197 # Write requests
   rdlat: 9467256 # Total latency experienced by read requests
   wrlat: 7527878 # Total latency experienced by write requests
   rdhits: 2021 # Read row hits
   wrhits: 632 # Write row hits
   mlh: # latency histogram for memory requests
    0: 0
    1: 0
    2: 0
    3: 0
    4: 0
    5: 0
    6: 0
    7: 0
    8: 0
    9: 1
    10: 0
    11: 235
    12: 243
    13: 62734
    14: 1409
    15: 1106
    16: 683
    17: 357
    18: 397
    19: 446
    20: 412
    21: 286
    22: 83
    23: 94
    24: 54
    25: 50
    26: 46
    27: 43
    28: 26
    29: 44
    30: 36
    31: 44
    32: 59
    33: 45
    34: 37
    35: 36
    36: 33
    37: 50
    38: 42
    39: 31
    40: 38
    41: 37
    42: 39
    43: 13
    44: 9
    45: 5
    46: 2
    47: 8
    48: 2
    49: 0
    50: 0
    51: 1
    52: 0
    53: 1
    54: 1
    55: 3
    56: 0
    57: 0
    58: 0
    59: 0
    60: 1
    61: 0
    62: 0
    63: 1
    64: 1
    65: 0
    66: 0
    67: 0
    68: 0
    69: 0
    70: 0
    71: 0
    72: 0
    73: 0
    74: 0
    75: 0
    76: 0
    77: 0
    78: 0
    79: 0
    80: 0
    81: 0
    82: 0
    83: 0
    84: 0
    85: 0
    86: 0
    87: 0
    88: 0
    89: 0
    90: 0
    91: 0
    92: 0
    93: 0
    94: 0
    95: 0
    96: 0
    97: 0
    98: 0
    99: 0
  mem-1: # Memory controller stats
   rd: 69730 # Read requests
   wr: 51728 # Write requests
   rdlat: 9541092 # Total latency experienced by read requests
   wrlat: 7668349 # Total latency experienced by write requests
   rdhits: 2179 # Read row hits
   wrhits: 731 # Write row hits
   mlh: # latency histogram for memory requests
    0: 0
    1: 0
    2: 0
    3: 0
    4: 0
    5: 0
    6: 0
    7: 0
    8: 0
    9: 0
    10: 0
    11: 253
    12: 288
    13: 62851
    14: 1471
    15: 1162
    16: 639
    17: 370
    18: 451
    19: 438
    20: 487
    21: 261
    22: 101
    23: 98
    24: 71
    25: 48
    26: 37
    27: 33
    28: 35
    29: 36
    30: 45
    31: 44
    32: 31
    33: 46
    34: 54
    35: 40
    36: 37
    37: 40
    38: 39
    39: 41
    40: 43
    41: 40
    42: 37
    43: 20
    44: 5
    45: 6
    46: 9
    47: 3
    48: 3
    49: 6
    50: 5
    51: 2
    52: 1
    53: 0
    54: 3
    55: 0
    56: 0
    57: 0
    58: 0
    59: 0
    60: 0
    61: 0
    62: 0
    63: 0
    64: 0
    65: 0
    66: 0
    67: 0
    68: 0
    69: 0
    70: 0
    71: 0
    72: 0
    73: 0
    74: 0
    75: 0
    76: 0
    77: 0
    78: 0
    79: 0
    80: 0
    81: 0
    82: 0
    83: 0
    84: 0
    85: 0
    86: 0
    87: 0
    88: 0
    89: 0
    90: 0
    91: 0
    92: 0
    93: 0
    94: 0
    95: 0
    96: 0
    97: 0
    98: 0
    99: 0
  mem-2: # Memory controller stats
   rd: 70173 # Read requests
   wr: 52011 # Write requests
   rdlat: 9615652 # Total latency experienced by read requests
   wrlat: 7701424 # Total latency experienced by write requests
   rdhits: 2331 # Read row hits
   wrhits: 746 # Write row hits
   mlh: # latency histogram for memory requests
    0: 0
    1: 0
    2: 0
    3: 0
    4: 0
    5: 0
    6: 0
    7: 0
    8: 0
    9: 0
    10: 1
    11: 259
    12: 272
    13: 63064
    14: 1494
    15: 1070
    16: 695
    17: 410
    18: 487
    19: 463
    20: 512
    21: 300
    22: 115
    23: 109
    24: 94
    25: 63
    26: 38
    27: 37
    28: 52
    29: 35
    30: 33
    31: 42
    32: 48
    33: 46
    34: 43
    35: 38
    36: 34
    37: 55
    38: 30
    39: 50
    40: 45
    41: 45
    42: 38
    43: 14
    44: 9
    45: 6
    46: 4
    47: 7
    48: 4
    49: 1
    50: 0
    51: 1
    52: 0
    53: 0
    54: 0
    55: 0
    56: 0
    57: 0
    58: 1
    59: 3
    60: 5
    61: 1
    62: 0
    63: 0
    64: 0
    65: 0
    66: 0
    67: 0
    68: 0
    69: 0
    70: 0
    71: 0
    72: 0
    73: 0
    74: 0
    75: 0
    76: 0
    77: 0
    78: 0
    79: 0
    80: 0
    81: 0
    82: 0
    83: 0
    84: 0
    85: 0
    86: 0
    87: 0
    88: 0
    89: 0
    90: 0
    91: 0
    92: 0
    93: 0
    94: 0
    95: 0
    96: 0
    97: 0
    98: 0
    99: 0
  mem-3: # Memory controller stats
   rd: 69417 # Read requests
   wr: 51430 # Write requests
   rdlat: 9472007 # Total latency experienced by read requests
   wrlat: 7555714 # Total latency experienced by write requests
   rdhits: 1943 # Read row hits
   wrhits: 565 # Write row hits
   mlh: # latency histogram for memory requests
    0: 0
    1: 0
    2: 0
    3: 0
    4: 0
    5: 0
    6: 0
    7: 0
    8: 0
    9: 0
    10: 0
    11: 229
    12: 266
    13: 62904
    14: 1452
    15: 1091
    16: 667
    17: 373
    18: 373
    19: 430
    20: 437
    21: 246
    22: 75
    23: 82
    24: 56
    25: 44
    26: 45
    27: 29
    28: 34
    29: 39
    30: 36
    31: 34
    32: 31
    33: 43
    34: 37
    35: 36
    36: 25
    37: 39
    38: 39
    39: 55
    40: 49
    41: 34
    42: 37
    43: 16
    44: 7
    45: 8
    46: 2
    47: 5
    48: 6
    49: 0
    50: 4
    51: 0
    52: 0
    53: 0
    54: 0
    55: 0
    56: 1
    57: 1
    58: 0
    59: 0
    60: 0
    61: 0
    62: 0
    63: 0
    64: 0
    65: 0
    66: 0
    67: 0
    68: 0
    69: 0
    70: 0
    71: 0
    72: 0
    73: 0
    74: 0
    75: 0
    76: 0
    77: 0
    78: 0
    79: 0
    80: 0
    81: 0
    82: 0
    83: 0
    84: 0
    85: 0
    86: 0
    87: 0
    88: 0
    89: 0
    90: 0
    91: 0
    92: 0
    93: 0
    94: 0
    95: 0
    96: 0
    97: 0
    98: 0
    99: 0
 sched: # Scheduler stats
  thCr: 1 # Threads created
  thFn: 1 # Threads finished
  schedEvs: 1 # Schedule events
  waitEvs: 0 # Wait events
  handoffEvs: 0 # Handoff events
  sleepEvs: 0 # Sleep events
  idlePhases: 0 # Phases with no thread active
  idlePeriods: 0 # Periods with no thread active
  occHist: # Occupancy histogram
   0: 0
   1: 10798
  rqSzHist: # Run queue size histogram
   0: 10798
   1: 0
   2: 0
   3: 0
   4: 0
   5: 0
   6: 0
   7: 0
   8: 0
   9: 0
   10: 0
   11: 0
   12: 0
   13: 0
   14: 0
   15: 0
   16: 0
 procCycles: # Per-process unhalted core cycles
  0: 107980086
  1: 0
  2: 0
  3: 0
  4: 0
  5: 0
  6: 0
  7: 0
  8: 0
  9: 0
  10: 0
  11: 0
  12: 0
  13: 0
  14: 0
  15: 0
  16: 0
  17: 0
  18: 0
  19: 0
  20: 0
  21: 0
  22: 0
  23: 0
  24: 0
  25: 0
  26: 0
  27: 0
  28: 0
  29: 0
  30: 0
  31: 0
  32: 0
  33: 0
  34: 0
  35: 0
  36: 0
  37: 0
  38: 0
  39: 0
  40: 0
  41: 0
  42: 0
  43: 0
  44: 0
  45: 0
  46: 0
  47: 0
  48: 0
  49: 0
  50: 0
  51: 0
  52: 0
  53: 0
  54: 0
  55: 0
  56: 0
  57: 0
  58: 0
  59: 0
  60: 0
  61: 0
  62: 0
  63: 0
 procInstrs: # Per-process instructions
  0: 100020483
  1: 0
  2: 0
  3: 0
  4: 0
  5: 0
  6: 0
  7: 0
  8: 0
  9: 0
  10: 0
  11: 0
  12: 0
  13: 0
  14: 0
  15: 0
  16: 0
  17: 0
  18: 0
  19: 0
  20: 0
  21: 0
  22: 0
  23: 0
  24: 0
  25: 0
  26: 0
  27: 0
  28: 0
  29: 0
  30: 0
  31: 0
  32: 0
  33: 0
  34: 0
  35: 0
  36: 0
  37: 0
  38: 0
  39: 0
  40: 0
  41: 0
  42: 0
  43: 0
  44: 0
  45: 0
  46: 0
  47: 0
  48: 0
  49: 0
  50: 0
  51: 0
  52: 0
  53: 0
  54: 0
  55: 0
  56: 0
  57: 0
  58: 0
  59: 0
  60: 0
  61: 0
  62: 0
  63: 0
 heartbeats: # Per-process heartbeats
  0: 0
  1: 0
  2: 0
  3: 0
  4: 0
  5: 0
  6: 0
  7: 0
  8: 0
  9: 0
  10: 0
  11: 0
  12: 0
  13: 0
  14: 0
  15: 0
  16: 0
  17: 0
  18: 0
  19: 0
  20: 0
  21: 0
  22: 0
  23: 0
  24: 0
  25: 0
  26: 0
  27: 0
  28: 0
  29: 0
  30: 0
  31: 0
  32: 0
  33: 0
  34: 0
  35: 0
  36: 0
  37: 0
  38: 0
  39: 0
  40: 0
  41: 0
  42: 0
  43: 0
  44: 0
  45: 0
  46: 0
  47: 0
  48: 0
  49: 0
  50: 0
  51: 0
  52: 0
  53: 0
  54: 0
  55: 0
  56: 0
  57: 0
  58: 0
  59: 0
  60: 0
  61: 0
  62: 0
  63: 0
===
