# zsim stats
===
root: # Stats
 contention: # Contention simulation stats
  domain-0: # Domain stats
   time: 29506378019 # Weave simulation time
 time: # Simulator time breakdown
  init: 25655683162
  bound: 45985261686
  weave: 31534505016
  ff: 6739671
 trigger: 20000 # Reason for this stats dump
 phase: 63512 # Simulated phases
 westmere: # Core stats
  westmere-0: # Core stats
   cycles: 626232678 # Simulated unhalted cycles
   cCycles: 123470868 # Cycles due to contention stalls
   instrs: 215312026 # Simulated instructions
   uops: 272207965 # Retired micro-ops
   bbls: 21786610 # Basic blocks
   approxInstrs: 15795752 # Instrs with approx uop decoding
   mispredBranches: 799001 # Mispredicted branches
   condBranches: 13968271 # conditional branches
  westmere-1: # Core stats
   cycles: 625408669 # Simulated unhalted cycles
   cCycles: 123320666 # Cycles due to contention stalls
   instrs: 215064380 # Simulated instructions
   uops: 271895424 # Retired micro-ops
   bbls: 21771691 # Basic blocks
   approxInstrs: 15772647 # Instrs with approx uop decoding
   mispredBranches: 798587 # Mispredicted branches
   condBranches: 13957441 # conditional branches
  westmere-2: # Core stats
   cycles: 626347043 # Simulated unhalted cycles
   cCycles: 123519519 # Cycles due to contention stalls
   instrs: 215264625 # Simulated instructions
   uops: 272149572 # Retired micro-ops
   bbls: 21785226 # Basic blocks
   approxInstrs: 15795285 # Instrs with approx uop decoding
   mispredBranches: 798926 # Mispredicted branches
   condBranches: 13967523 # conditional branches
  westmere-3: # Core stats
   cycles: 625201160 # Simulated unhalted cycles
   cCycles: 123251339 # Cycles due to contention stalls
   instrs: 215137343 # Simulated instructions
   uops: 271958258 # Retired micro-ops
   bbls: 21783380 # Basic blocks
   approxInstrs: 15771067 # Instrs with approx uop decoding
   mispredBranches: 797107 # Mispredicted branches
   condBranches: 13965649 # conditional branches
  westmere-4: # Core stats
   cycles: 626613423 # Simulated unhalted cycles
   cCycles: 123459113 # Cycles due to contention stalls
   instrs: 215505567 # Simulated instructions
   uops: 272455965 # Retired micro-ops
   bbls: 21804509 # Basic blocks
   approxInstrs: 15816545 # Instrs with approx uop decoding
   mispredBranches: 800220 # Mispredicted branches
   condBranches: 13980597 # conditional branches
  westmere-5: # Core stats
   cycles: 626122780 # Simulated unhalted cycles
   cCycles: 123365202 # Cycles due to contention stalls
   instrs: 215347083 # Simulated instructions
   uops: 272262049 # Retired micro-ops
   bbls: 21786449 # Basic blocks
   approxInstrs: 15804329 # Instrs with approx uop decoding
   mispredBranches: 798467 # Mispredicted branches
   condBranches: 13967941 # conditional branches
  westmere-6: # Core stats
   cycles: 625659732 # Simulated unhalted cycles
   cCycles: 123361794 # Cycles due to contention stalls
   instrs: 215139586 # Simulated instructions
   uops: 271995494 # Retired micro-ops
   bbls: 21774076 # Basic blocks
   approxInstrs: 15782727 # Instrs with approx uop decoding
   mispredBranches: 799153 # Mispredicted branches
   condBranches: 13958497 # conditional branches
  westmere-7: # Core stats
   cycles: 625192642 # Simulated unhalted cycles
   cCycles: 123226213 # Cycles due to contention stalls
   instrs: 215140187 # Simulated instructions
   uops: 271983536 # Retired micro-ops
   bbls: 21779622 # Basic blocks
   approxInstrs: 15777073 # Instrs with approx uop decoding
   mispredBranches: 799632 # Mispredicted branches
   condBranches: 13962042 # conditional branches
 l1i: # Cache stats
  l1i-0: # Filter cache stats
   fhGETS: 30428553 # Filtered GETS hits
   fhGETX: 0 # Filtered GETX hits
   hGETS: 520949 # GETS hits
   hGETX: 0 # GETX hits
   mGETS: 19681 # GETS misses
   mGETXIM: 0 # GETX I->M misses
   mGETXSM: 0 # GETX S->M misses (upgrade misses)
   PUTS: 0 # Clean evictions (from lower level)
   PUTX: 0 # Dirty evictions (from lower level)
   INV: 19518 # Invalidates (from upper level)
   INVX: 0 # Downgrades (from upper level)
   FWD: 0 # Forwards (from upper level)
   latGETnl: 913816 # GET request latency on next level
   latGETnet: 0 # GET request latency on network to next level
  l1i-1: # Filter cache stats
   fhGETS: 30404962 # Filtered GETS hits
   fhGETX: 0 # Filtered GETX hits
   hGETS: 520180 # GETS hits
   hGETX: 0 # GETX hits
   mGETS: 19673 # GETS misses
   mGETXIM: 0 # GETX I->M misses
   mGETXSM: 0 # GETX S->M misses (upgrade misses)
   PUTS: 0 # Clean evictions (from lower level)
   PUTX: 0 # Dirty evictions (from lower level)
   INV: 19521 # Invalidates (from upper level)
   INVX: 0 # Downgrades (from upper level)
   FWD: 0 # Forwards (from upper level)
   latGETnl: 900068 # GET request latency on next level
   latGETnet: 0 # GET request latency on network to next level
  l1i-2: # Filter cache stats
   fhGETS: 30424228 # Filtered GETS hits
   fhGETX: 0 # Filtered GETX hits
   hGETS: 520763 # GETS hits
   hGETX: 0 # GETX hits
   mGETS: 19805 # GETS misses
   mGETXIM: 0 # GETX I->M misses
   mGETXSM: 0 # GETX S->M misses (upgrade misses)
   PUTS: 0 # Clean evictions (from lower level)
   PUTX: 0 # Dirty evictions (from lower level)
   INV: 19669 # Invalidates (from upper level)
   INVX: 0 # Downgrades (from upper level)
   FWD: 0 # Forwards (from upper level)
   latGETnl: 914660 # GET request latency on next level
   latGETnet: 0 # GET request latency on network to next level
  l1i-3: # Filter cache stats
   fhGETS: 30410362 # Filtered GETS hits
   fhGETX: 0 # Filtered GETX hits
   hGETS: 520792 # GETS hits
   hGETX: 0 # GETX hits
   mGETS: 19796 # GETS misses
   mGETXIM: 0 # GETX I->M misses
   mGETXSM: 0 # GETX S->M misses (upgrade misses)
   PUTS: 0 # Clean evictions (from lower level)
   PUTX: 0 # Dirty evictions (from lower level)
   INV: 19532 # Invalidates (from upper level)
   INVX: 0 # Downgrades (from upper level)
   FWD: 0 # Forwards (from upper level)
   latGETnl: 922904 # GET request latency on next level
   latGETnet: 0 # GET request latency on network to next level
  l1i-4: # Filter cache stats
   fhGETS: 30456441 # Filtered GETS hits
   fhGETX: 0 # Filtered GETX hits
   hGETS: 521183 # GETS hits
   hGETX: 0 # GETX hits
   mGETS: 19734 # GETS misses
   mGETXIM: 0 # GETX I->M misses
   mGETXSM: 0 # GETX S->M misses (upgrade misses)
   PUTS: 0 # Clean evictions (from lower level)
   PUTX: 0 # Dirty evictions (from lower level)
   INV: 19573 # Invalidates (from upper level)
   INVX: 0 # Downgrades (from upper level)
   FWD: 0 # Forwards (from upper level)
   latGETnl: 906822 # GET request latency on next level
   latGETnet: 0 # GET request latency on network to next level
  l1i-5: # Filter cache stats
   fhGETS: 30424498 # Filtered GETS hits
   fhGETX: 0 # Filtered GETX hits
   hGETS: 521034 # GETS hits
   hGETX: 0 # GETX hits
   mGETS: 19636 # GETS misses
   mGETXIM: 0 # GETX I->M misses
   mGETXSM: 0 # GETX S->M misses (upgrade misses)
   PUTS: 0 # Clean evictions (from lower level)
   PUTX: 0 # Dirty evictions (from lower level)
   INV: 19480 # Invalidates (from upper level)
   INVX: 0 # Downgrades (from upper level)
   FWD: 0 # Forwards (from upper level)
   latGETnl: 891610 # GET request latency on next level
   latGETnet: 0 # GET request latency on network to next level
  l1i-6: # Filter cache stats
   fhGETS: 30411438 # Filtered GETS hits
   fhGETX: 0 # Filtered GETX hits
   hGETS: 520129 # GETS hits
   hGETX: 0 # GETX hits
   mGETS: 19629 # GETS misses
   mGETXIM: 0 # GETX I->M misses
   mGETXSM: 0 # GETX S->M misses (upgrade misses)
   PUTS: 0 # Clean evictions (from lower level)
   PUTX: 0 # Dirty evictions (from lower level)
   INV: 19465 # Invalidates (from upper level)
   INVX: 0 # Downgrades (from upper level)
   FWD: 0 # Forwards (from upper level)
   latGETnl: 892362 # GET request latency on next level
   latGETnet: 0 # GET request latency on network to next level
  l1i-7: # Filter cache stats
   fhGETS: 30418165 # Filtered GETS hits
   fhGETX: 0 # Filtered GETX hits
   hGETS: 521453 # GETS hits
   hGETX: 0 # GETX hits
   mGETS: 19702 # GETS misses
   mGETXIM: 0 # GETX I->M misses
   mGETXSM: 0 # GETX S->M misses (upgrade misses)
   PUTS: 0 # Clean evictions (from lower level)
   PUTX: 0 # Dirty evictions (from lower level)
   INV: 19549 # Invalidates (from upper level)
   INVX: 0 # Downgrades (from upper level)
   FWD: 0 # Forwards (from upper level)
   latGETnl: 896938 # GET request latency on next level
   latGETnet: 0 # GET request latency on network to next level
 l1d: # Cache stats
  l1d-0: # Filter cache stats
   fhGETS: 46059058 # Filtered GETS hits
   fhGETX: 10742281 # Filtered GETX hits
   hGETS: 5837507 # GETS hits
   hGETX: 3715184 # GETX hits
   mGETS: 4695527 # GETS misses
   mGETXIM: 646 # GETX I->M misses
   mGETXSM: 60001 # GETX S->M misses (upgrade misses)
   PUTS: 0 # Clean evictions (from lower level)
   PUTX: 0 # Dirty evictions (from lower level)
   INV: 16192 # Invalidates (from upper level)
   INVX: 45764 # Downgrades (from upper level)
   FWD: 0 # Forwards (from upper level)
   latGETnl: 418681720 # GET request latency on next level
   latGETnet: 0 # GET request latency on network to next level
  l1d-1: # Filter cache stats
   fhGETS: 46005775 # Filtered GETS hits
   fhGETX: 10737477 # Filtered GETX hits
   hGETS: 5829885 # GETS hits
   hGETX: 3712382 # GETX hits
   mGETS: 4688812 # GETS misses
   mGETXIM: 641 # GETX I->M misses
   mGETXSM: 59323 # GETX S->M misses (upgrade misses)
   PUTS: 0 # Clean evictions (from lower level)
   PUTX: 0 # Dirty evictions (from lower level)
   INV: 16078 # Invalidates (from upper level)
   INVX: 46182 # Downgrades (from upper level)
   FWD: 0 # Forwards (from upper level)
   latGETnl: 418162554 # GET request latency on next level
   latGETnet: 0 # GET request latency on network to next level
  l1d-2: # Filter cache stats
   fhGETS: 46032691 # Filtered GETS hits
   fhGETX: 10736652 # Filtered GETX hits
   hGETS: 5857071 # GETS hits
   hGETX: 3714905 # GETX hits
   mGETS: 4696309 # GETS misses
   mGETXIM: 615 # GETX I->M misses
   mGETXSM: 59893 # GETX S->M misses (upgrade misses)
   PUTS: 0 # Clean evictions (from lower level)
   PUTX: 0 # Dirty evictions (from lower level)
   INV: 16103 # Invalidates (from upper level)
   INVX: 45856 # Downgrades (from upper level)
   FWD: 0 # Forwards (from upper level)
   latGETnl: 418969087 # GET request latency on next level
   latGETnet: 0 # GET request latency on network to next level
  l1d-3: # Filter cache stats
   fhGETS: 46007713 # Filtered GETS hits
   fhGETX: 10744565 # Filtered GETX hits
   hGETS: 5835441 # GETS hits
   hGETX: 3711627 # GETX hits
   mGETS: 4689058 # GETS misses
   mGETXIM: 642 # GETX I->M misses
   mGETXSM: 59879 # GETX S->M misses (upgrade misses)
   PUTS: 0 # Clean evictions (from lower level)
   PUTX: 0 # Dirty evictions (from lower level)
   INV: 16086 # Invalidates (from upper level)
   INVX: 45586 # Downgrades (from upper level)
   FWD: 0 # Forwards (from upper level)
   latGETnl: 418025370 # GET request latency on next level
   latGETnet: 0 # GET request latency on network to next level
  l1d-4: # Filter cache stats
   fhGETS: 46115225 # Filtered GETS hits
   fhGETX: 10741098 # Filtered GETX hits
   hGETS: 5833005 # GETS hits
   hGETX: 3720683 # GETX hits
   mGETS: 4700942 # GETS misses
   mGETXIM: 574 # GETX I->M misses
   mGETXSM: 60233 # GETX S->M misses (upgrade misses)
   PUTS: 0 # Clean evictions (from lower level)
   PUTX: 0 # Dirty evictions (from lower level)
   INV: 16152 # Invalidates (from upper level)
   INVX: 45732 # Downgrades (from upper level)
   FWD: 0 # Forwards (from upper level)
   latGETnl: 418998622 # GET request latency on next level
   latGETnet: 0 # GET request latency on network to next level
  l1d-5: # Filter cache stats
   fhGETS: 46078498 # Filtered GETS hits
   fhGETX: 10737262 # Filtered GETX hits
   hGETS: 5833950 # GETS hits
   hGETX: 3716144 # GETX hits
   mGETS: 4698163 # GETS misses
   mGETXIM: 560 # GETX I->M misses
   mGETXSM: 60708 # GETX S->M misses (upgrade misses)
   PUTS: 0 # Clean evictions (from lower level)
   PUTX: 0 # Dirty evictions (from lower level)
   INV: 15932 # Invalidates (from upper level)
   INVX: 45561 # Downgrades (from upper level)
   FWD: 0 # Forwards (from upper level)
   latGETnl: 418759018 # GET request latency on next level
   latGETnet: 0 # GET request latency on network to next level
  l1d-6: # Filter cache stats
   fhGETS: 46012611 # Filtered GETS hits
   fhGETX: 10737675 # Filtered GETX hits
   hGETS: 5845681 # GETS hits
   hGETX: 3711943 # GETX hits
   mGETS: 4692136 # GETS misses
   mGETXIM: 519 # GETX I->M misses
   mGETXSM: 60128 # GETX S->M misses (upgrade misses)
   PUTS: 0 # Clean evictions (from lower level)
   PUTX: 0 # Dirty evictions (from lower level)
   INV: 16148 # Invalidates (from upper level)
   INVX: 45807 # Downgrades (from upper level)
   FWD: 0 # Forwards (from upper level)
   latGETnl: 418292882 # GET request latency on next level
   latGETnet: 0 # GET request latency on network to next level
  l1d-7: # Filter cache stats
   fhGETS: 46010294 # Filtered GETS hits
   fhGETX: 10741133 # Filtered GETX hits
   hGETS: 5841365 # GETS hits
   hGETX: 3712482 # GETX hits
   mGETS: 4689899 # GETS misses
   mGETXIM: 609 # GETX I->M misses
   mGETXSM: 60088 # GETX S->M misses (upgrade misses)
   PUTS: 0 # Clean evictions (from lower level)
   PUTX: 0 # Dirty evictions (from lower level)
   INV: 15912 # Invalidates (from upper level)
   INVX: 45776 # Downgrades (from upper level)
   FWD: 0 # Forwards (from upper level)
   latGETnl: 418079965 # GET request latency on next level
   latGETnet: 0 # GET request latency on network to next level
 l2: # Cache stats
  l2-0: # Cache stats
   hGETS: 198746 # GETS hits
   hGETX: 54 # GETX hits
   mGETS: 4516462 # GETS misses
   mGETXIM: 593 # GETX I->M misses
   mGETXSM: 60000 # GETX S->M misses (upgrade misses)
   PUTS: 2658709 # Clean evictions (from lower level)
   PUTX: 2020790 # Dirty evictions (from lower level)
   INV: 126910 # Invalidates (from upper level)
   INVX: 335916 # Downgrades (from upper level)
   FWD: 0 # Forwards (from upper level)
   latGETnl: 371836986 # GET request latency on next level
   latGETnet: 0 # GET request latency on network to next level
  l2-1: # Cache stats
   hGETS: 199113 # GETS hits
   hGETX: 46 # GETX hits
   mGETS: 4509372 # GETS misses
   mGETXIM: 598 # GETX I->M misses
   mGETXSM: 59320 # GETX S->M misses (upgrade misses)
   PUTS: 2655038 # Clean evictions (from lower level)
   PUTX: 2017851 # Dirty evictions (from lower level)
   INV: 125774 # Invalidates (from upper level)
   INVX: 335360 # Downgrades (from upper level)
   FWD: 0 # Forwards (from upper level)
   latGETnl: 371378132 # GET request latency on next level
   latGETnet: 0 # GET request latency on network to next level
  l2-2: # Cache stats
   hGETS: 197766 # GETS hits
   hGETX: 50 # GETX hits
   mGETS: 4518348 # GETS misses
   mGETXIM: 568 # GETX I->M misses
   mGETXSM: 59890 # GETX S->M misses (upgrade misses)
   PUTS: 2659547 # Clean evictions (from lower level)
   PUTX: 2020782 # Dirty evictions (from lower level)
   INV: 126439 # Invalidates (from upper level)
   INVX: 335305 # Downgrades (from upper level)
   FWD: 0 # Forwards (from upper level)
   latGETnl: 372117527 # GET request latency on next level
   latGETnet: 0 # GET request latency on network to next level
  l2-3: # Cache stats
   hGETS: 198724 # GETS hits
   hGETX: 50 # GETX hits
   mGETS: 4510130 # GETS misses
   mGETXIM: 594 # GETX I->M misses
   mGETXSM: 59877 # GETX S->M misses (upgrade misses)
   PUTS: 2655212 # Clean evictions (from lower level)
   PUTX: 2017904 # Dirty evictions (from lower level)
   INV: 126342 # Invalidates (from upper level)
   INVX: 336040 # Downgrades (from upper level)
   FWD: 0 # Forwards (from upper level)
   latGETnl: 371254524 # GET request latency on next level
   latGETnet: 0 # GET request latency on network to next level
  l2-4: # Cache stats
   hGETS: 198605 # GETS hits
   hGETX: 50 # GETX hits
   mGETS: 4522071 # GETS misses
   mGETXIM: 525 # GETX I->M misses
   mGETXSM: 60232 # GETX S->M misses (upgrade misses)
   PUTS: 2661427 # Clean evictions (from lower level)
   PUTX: 2023445 # Dirty evictions (from lower level)
   INV: 126510 # Invalidates (from upper level)
   INVX: 336186 # Downgrades (from upper level)
   FWD: 0 # Forwards (from upper level)
   latGETnl: 372090614 # GET request latency on next level
   latGETnet: 0 # GET request latency on network to next level
  l2-5: # Cache stats
   hGETS: 199579 # GETS hits
   hGETX: 48 # GETX hits
   mGETS: 4518220 # GETS misses
   mGETXIM: 513 # GETX I->M misses
   mGETXSM: 60707 # GETX S->M misses (upgrade misses)
   PUTS: 2660470 # Clean evictions (from lower level)
   PUTX: 2021829 # Dirty evictions (from lower level)
   INV: 125813 # Invalidates (from upper level)
   INVX: 334891 # Downgrades (from upper level)
   FWD: 0 # Forwards (from upper level)
   latGETnl: 371859958 # GET request latency on next level
   latGETnet: 0 # GET request latency on network to next level
  l2-6: # Cache stats
   hGETS: 198275 # GETS hits
   hGETX: 54 # GETX hits
   mGETS: 4513490 # GETS misses
   mGETXIM: 469 # GETX I->M misses
   mGETXSM: 60124 # GETX S->M misses (upgrade misses)
   PUTS: 2656923 # Clean evictions (from lower level)
   PUTX: 2019096 # Dirty evictions (from lower level)
   INV: 126562 # Invalidates (from upper level)
   INVX: 335039 # Downgrades (from upper level)
   FWD: 0 # Forwards (from upper level)
   latGETnl: 371461124 # GET request latency on next level
   latGETnet: 0 # GET request latency on network to next level
  l2-7: # Cache stats
   hGETS: 199119 # GETS hits
   hGETX: 58 # GETX hits
   mGETS: 4510482 # GETS misses
   mGETXIM: 552 # GETX I->M misses
   mGETXSM: 60087 # GETX S->M misses (upgrade misses)
   PUTS: 2655610 # Clean evictions (from lower level)
   PUTX: 2018495 # Dirty evictions (from lower level)
   INV: 126541 # Invalidates (from upper level)
   INVX: 337111 # Downgrades (from upper level)
   FWD: 0 # Forwards (from upper level)
   latGETnl: 371273923 # GET request latency on next level
   latGETnet: 0 # GET request latency on network to next level
 l3: # Cache stats
  l3-0b0: # Cache stats
   hGETS: 1651787 # GETS hits
   hGETX: 62310 # GETX hits
   mGETS: 2863848 # GETS misses
   mGETXIM: 943 # GETX I->M misses
   mGETXSM: 0 # GETX S->M misses (upgrade misses)
   PUTS: 2485995 # Clean evictions (from lower level)
   PUTX: 1893418 # Dirty evictions (from lower level)
   INV: 0 # Invalidates (from upper level)
   INVX: 0 # Downgrades (from upper level)
   FWD: 0 # Forwards (from upper level)
   latGETnl: 257831190 # GET request latency on next level
   latGETnet: 0 # GET request latency on network to next level
  l3-0b1: # Cache stats
   hGETS: 1659096 # GETS hits
   hGETX: 60262 # GETX hits
   mGETS: 2869439 # GETS misses
   mGETXIM: 115 # GETX I->M misses
   mGETXSM: 0 # GETX S->M misses (upgrade misses)
   PUTS: 2500804 # Clean evictions (from lower level)
   PUTX: 1895624 # Dirty evictions (from lower level)
   INV: 0 # Invalidates (from upper level)
   INVX: 0 # Downgrades (from upper level)
   FWD: 0 # Forwards (from upper level)
   latGETnl: 258259860 # GET request latency on next level
   latGETnet: 0 # GET request latency on network to next level
  l3-0b2: # Cache stats
   hGETS: 1650359 # GETS hits
   hGETX: 59184 # GETX hits
   mGETS: 2861791 # GETS misses
   mGETXIM: 131 # GETX I->M misses
   mGETXSM: 0 # GETX S->M misses (upgrade misses)
   PUTS: 2492623 # Clean evictions (from lower level)
   PUTX: 1891268 # Dirty evictions (from lower level)
   INV: 0 # Invalidates (from upper level)
   INVX: 0 # Downgrades (from upper level)
   FWD: 0 # Forwards (from upper level)
   latGETnl: 257572980 # GET request latency on next level
   latGETnet: 0 # GET request latency on network to next level
  l3-0b3: # Cache stats
   hGETS: 1651243 # GETS hits
   hGETX: 60247 # GETX hits
   mGETS: 2866532 # GETS misses
   mGETXIM: 955 # GETX I->M misses
   mGETXSM: 0 # GETX S->M misses (upgrade misses)
   PUTS: 2495469 # Clean evictions (from lower level)
   PUTX: 1894624 # Dirty evictions (from lower level)
   INV: 0 # Invalidates (from upper level)
   INVX: 0 # Downgrades (from upper level)
   FWD: 0 # Forwards (from upper level)
   latGETnl: 258073830 # GET request latency on next level
   latGETnet: 0 # GET request latency on network to next level
  l3-0b4: # Cache stats
   hGETS: 1644726 # GETS hits
   hGETX: 59665 # GETX hits
   mGETS: 2861167 # GETS misses
   mGETXIM: 917 # GETX I->M misses
   mGETXSM: 0 # GETX S->M misses (upgrade misses)
   PUTS: 2486780 # Clean evictions (from lower level)
   PUTX: 1893007 # Dirty evictions (from lower level)
   INV: 0 # Invalidates (from upper level)
   INVX: 0 # Downgrades (from upper level)
   FWD: 0 # Forwards (from upper level)
   latGETnl: 257587560 # GET request latency on next level
   latGETnet: 0 # GET request latency on network to next level
  l3-0b5: # Cache stats
   hGETS: 1651220 # GETS hits
   hGETX: 59492 # GETX hits
   mGETS: 2864848 # GETS misses
   mGETXIM: 137 # GETX I->M misses
   mGETXSM: 0 # GETX S->M misses (upgrade misses)
   PUTS: 2496792 # Clean evictions (from lower level)
   PUTX: 1887987 # Dirty evictions (from lower level)
   INV: 0 # Invalidates (from upper level)
   INVX: 0 # Downgrades (from upper level)
   FWD: 0 # Forwards (from upper level)
   latGETnl: 257848650 # GET request latency on next level
   latGETnet: 0 # GET request latency on network to next level
  l3-0b6: # Cache stats
   hGETS: 1643356 # GETS hits
   hGETX: 59533 # GETX hits
   mGETS: 2864817 # GETS misses
   mGETXIM: 150 # GETX I->M misses
   mGETXSM: 0 # GETX S->M misses (upgrade misses)
   PUTS: 2489820 # Clean evictions (from lower level)
   PUTX: 1888650 # Dirty evictions (from lower level)
   INV: 0 # Invalidates (from upper level)
   INVX: 0 # Downgrades (from upper level)
   FWD: 0 # Forwards (from upper level)
   latGETnl: 257847030 # GET request latency on next level
   latGETnet: 0 # GET request latency on network to next level
  l3-0b7: # Cache stats
   hGETS: 1652123 # GETS hits
   hGETX: 59683 # GETX hits
   mGETS: 2862223 # GETS misses
   mGETXIM: 925 # GETX I->M misses
   mGETXSM: 0 # GETX S->M misses (upgrade misses)
   PUTS: 2494226 # Clean evictions (from lower level)
   PUTX: 1892475 # Dirty evictions (from lower level)
   INV: 0 # Invalidates (from upper level)
   INVX: 0 # Downgrades (from upper level)
   FWD: 0 # Forwards (from upper level)
   latGETnl: 257683320 # GET request latency on next level
   latGETnet: 0 # GET request latency on network to next level
 mem: # Memory controller stats
  mem-0: # Memory controller stats
   rd: 5728032 # Read requests
   wr: 3269617 # Write requests
   rdlat: 806817843 # Total latency experienced by read requests
   wrlat: 546742605 # Total latency experienced by write requests
   rdhits: 10844 # Read row hits
   wrhits: 9695 # Write row hits
   mlh: # latency histogram for memory requests
    0: 0
    1: 0
    2: 0
    3: 0
    4: 0
    5: 0
    6: 0
    7: 0
    8: 0
    9: 1
    10: 0
    11: 1635
    12: 2041
    13: 4416902
    14: 529229
    15: 322397
    16: 175891
    17: 34758
    18: 25662
    19: 24239
    20: 23653
    21: 23450
    22: 20900
    23: 22776
    24: 25204
    25: 11786
    26: 2289
    27: 2080
    28: 2415
    29: 2591
    30: 2870
    31: 3061
    32: 3332
    33: 3417
    34: 3589
    35: 3587
    36: 3895
    37: 3795
    38: 3565
    39: 3686
    40: 3557
    41: 3874
    42: 3798
    43: 2954
    44: 2191
    45: 1980
    46: 1638
    47: 1529
    48: 914
    49: 229
    50: 138
    51: 120
    52: 115
    53: 98
    54: 59
    55: 44
    56: 28
    57: 17
    58: 24
    59: 10
    60: 3
    61: 2
    62: 1
    63: 6
    64: 4
    65: 0
    66: 1
    67: 0
    68: 1
    69: 0
    70: 0
    71: 0
    72: 0
    73: 0
    74: 1
    75: 0
    76: 0
    77: 0
    78: 0
    79: 0
    80: 0
    81: 0
    82: 0
    83: 0
    84: 0
    85: 0
    86: 0
    87: 0
    88: 0
    89: 0
    90: 0
    91: 0
    92: 0
    93: 0
    94: 0
    95: 0
    96: 0
    97: 0
    98: 0
    99: 0
  mem-1: # Memory controller stats
   rd: 5733870 # Read requests
   wr: 3273826 # Write requests
   rdlat: 807543428 # Total latency experienced by read requests
   wrlat: 547506750 # Total latency experienced by write requests
   rdhits: 10940 # Read row hits
   wrhits: 9682 # Write row hits
   mlh: # latency histogram for memory requests
    0: 0
    1: 0
    2: 0
    3: 0
    4: 0
    5: 0
    6: 0
    7: 0
    8: 0
    9: 0
    10: 0
    11: 1733
    12: 2138
    13: 4422035
    14: 529545
    15: 322342
    16: 176139
    17: 34748
    18: 25656
    19: 24228
    20: 23565
    21: 23502
    22: 21065
    23: 23003
    24: 25073
    25: 11681
    26: 2244
    27: 2158
    28: 2400
    29: 2621
    30: 2966
    31: 3249
    32: 3408
    33: 3433
    34: 3551
    35: 3531
    36: 3841
    37: 3685
    38: 3503
    39: 3745
    40: 3590
    41: 3805
    42: 3775
    43: 2915
    44: 2138
    45: 1985
    46: 1639
    47: 1512
    48: 848
    49: 215
    50: 168
    51: 96
    52: 98
    53: 91
    54: 62
    55: 48
    56: 32
    57: 24
    58: 12
    59: 12
    60: 7
    61: 0
    62: 6
    63: 0
    64: 1
    65: 3
    66: 0
    67: 0
    68: 0
    69: 0
    70: 0
    71: 0
    72: 0
    73: 0
    74: 0
    75: 0
    76: 0
    77: 0
    78: 0
    79: 0
    80: 0
    81: 0
    82: 0
    83: 0
    84: 0
    85: 0
    86: 0
    87: 0
    88: 0
    89: 0
    90: 0
    91: 0
    92: 0
    93: 0
    94: 0
    95: 0
    96: 0
    97: 0
    98: 0
    99: 0
  mem-2: # Memory controller stats
   rd: 5726178 # Read requests
   wr: 3269256 # Write requests
   rdlat: 806401416 # Total latency experienced by read requests
   wrlat: 546613625 # Total latency experienced by write requests
   rdhits: 10766 # Read row hits
   wrhits: 9740 # Write row hits
   mlh: # latency histogram for memory requests
    0: 0
    1: 0
    2: 0
    3: 0
    4: 0
    5: 0
    6: 0
    7: 0
    8: 0
    9: 0
    10: 0
    11: 1781
    12: 2144
    13: 4415312
    14: 529271
    15: 322535
    16: 175773
    17: 34549
    18: 25683
    19: 24448
    20: 23566
    21: 23713
    22: 20746
    23: 22718
    24: 25153
    25: 11768
    26: 2259
    27: 2141
    28: 2460
    29: 2549
    30: 2871
    31: 3214
    32: 3454
    33: 3364
    34: 3501
    35: 3685
    36: 3791
    37: 3786
    38: 3443
    39: 3643
    40: 3451
    41: 3827
    42: 3624
    43: 2857
    44: 2156
    45: 2014
    46: 1613
    47: 1518
    48: 887
    49: 265
    50: 152
    51: 127
    52: 96
    53: 82
    54: 69
    55: 44
    56: 30
    57: 13
    58: 6
    59: 8
    60: 4
    61: 7
    62: 2
    63: 1
    64: 2
    65: 0
    66: 0
    67: 0
    68: 0
    69: 0
    70: 1
    71: 0
    72: 0
    73: 0
    74: 1
    75: 0
    76: 0
    77: 0
    78: 0
    79: 0
    80: 0
    81: 0
    82: 0
    83: 0
    84: 0
    85: 0
    86: 0
    87: 0
    88: 0
    89: 0
    90: 0
    91: 0
    92: 0
    93: 0
    94: 0
    95: 0
    96: 0
    97: 0
    98: 0
    99: 0
  mem-3: # Memory controller stats
   rd: 5730841 # Read requests
   wr: 3271745 # Write requests
   rdlat: 807004638 # Total latency experienced by read requests
   wrlat: 547083700 # Total latency experienced by write requests
   rdhits: 10796 # Read row hits
   wrhits: 9868 # Write row hits
   mlh: # latency histogram for memory requests
    0: 0
    1: 0
    2: 0
    3: 0
    4: 0
    5: 0
    6: 0
    7: 0
    8: 0
    9: 0
    10: 2
    11: 1660
    12: 2077
    13: 4420832
    14: 528240
    15: 322657
    16: 175800
    17: 34996
    18: 25564
    19: 24450
    20: 23489
    21: 23567
    22: 20819
    23: 22565
    24: 25195
    25: 11937
    26: 2298
    27: 2232
    28: 2492
    29: 2544
    30: 2894
    31: 3199
    32: 3418
    33: 3341
    34: 3519
    35: 3552
    36: 3720
    37: 3661
    38: 3609
    39: 3592
    40: 3558
    41: 3743
    42: 3723
    43: 2952
    44: 2242
    45: 1892
    46: 1593
    47: 1480
    48: 841
    49: 265
    50: 126
    51: 108
    52: 108
    53: 79
    54: 71
    55: 37
    56: 35
    57: 20
    58: 20
    59: 14
    60: 4
    61: 5
    62: 2
    63: 0
    64: 1
    65: 0
    66: 1
    67: 0
    68: 0
    69: 0
    70: 0
    71: 0
    72: 0
    73: 0
    74: 0
    75: 0
    76: 0
    77: 0
    78: 0
    79: 0
    80: 0
    81: 0
    82: 0
    83: 0
    84: 0
    85: 0
    86: 0
    87: 0
    88: 0
    89: 0
    90: 0
    91: 0
    92: 0
    93: 0
    94: 0
    95: 0
    96: 0
    97: 0
    98: 0
    99: 0
 sched: # Scheduler stats
  thCr: 9 # Threads created
  thFn: 9 # Threads finished
  schedEvs: 17 # Schedule events
  waitEvs: 0 # Wait events
  handoffEvs: 0 # Handoff events
  sleepEvs: 0 # Sleep events
  idlePhases: 0 # Phases with no thread active
  idlePeriods: 0 # Periods with no thread active
  occHist: # Occupancy histogram
   0: 0
   1: 4
   2: 0
   3: 0
   4: 0
   5: 0
   6: 0
   7: 1
   8: 63507
  rqSzHist: # Run queue size histogram
   0: 63512
   1: 0
   2: 0
   3: 0
   4: 0
   5: 0
   6: 0
   7: 0
   8: 0
   9: 0
   10: 0
   11: 0
   12: 0
   13: 0
   14: 0
   15: 0
   16: 0
 procCycles: # Per-process unhalted core cycles
  0: 5006770422
  1: 0
  2: 0
  3: 0
  4: 0
  5: 0
  6: 0
  7: 0
  8: 0
  9: 0
  10: 0
  11: 0
  12: 0
  13: 0
  14: 0
  15: 0
  16: 0
  17: 0
  18: 0
  19: 0
  20: 0
  21: 0
  22: 0
  23: 0
  24: 0
  25: 0
  26: 0
  27: 0
  28: 0
  29: 0
  30: 0
  31: 0
  32: 0
  33: 0
  34: 0
  35: 0
  36: 0
  37: 0
  38: 0
  39: 0
  40: 0
  41: 0
  42: 0
  43: 0
  44: 0
  45: 0
  46: 0
  47: 0
  48: 0
  49: 0
  50: 0
  51: 0
  52: 0
  53: 0
  54: 0
  55: 0
  56: 0
  57: 0
  58: 0
  59: 0
  60: 0
  61: 0
  62: 0
  63: 0
 procInstrs: # Per-process instructions
  0: 1721910797
  1: 0
  2: 0
  3: 0
  4: 0
  5: 0
  6: 0
  7: 0
  8: 0
  9: 0
  10: 0
  11: 0
  12: 0
  13: 0
  14: 0
  15: 0
  16: 0
  17: 0
  18: 0
  19: 0
  20: 0
  21: 0
  22: 0
  23: 0
  24: 0
  25: 0
  26: 0
  27: 0
  28: 0
  29: 0
  30: 0
  31: 0
  32: 0
  33: 0
  34: 0
  35: 0
  36: 0
  37: 0
  38: 0
  39: 0
  40: 0
  41: 0
  42: 0
  43: 0
  44: 0
  45: 0
  46: 0
  47: 0
  48: 0
  49: 0
  50: 0
  51: 0
  52: 0
  53: 0
  54: 0
  55: 0
  56: 0
  57: 0
  58: 0
  59: 0
  60: 0
  61: 0
  62: 0
  63: 0
 heartbeats: # Per-process heartbeats
  0: 0
  1: 0
  2: 0
  3: 0
  4: 0
  5: 0
  6: 0
  7: 0
  8: 0
  9: 0
  10: 0
  11: 0
  12: 0
  13: 0
  14: 0
  15: 0
  16: 0
  17: 0
  18: 0
  19: 0
  20: 0
  21: 0
  22: 0
  23: 0
  24: 0
  25: 0
  26: 0
  27: 0
  28: 0
  29: 0
  30: 0
  31: 0
  32: 0
  33: 0
  34: 0
  35: 0
  36: 0
  37: 0
  38: 0
  39: 0
  40: 0
  41: 0
  42: 0
  43: 0
  44: 0
  45: 0
  46: 0
  47: 0
  48: 0
  49: 0
  50: 0
  51: 0
  52: 0
  53: 0
  54: 0
  55: 0
  56: 0
  57: 0
  58: 0
  59: 0
  60: 0
  61: 0
  62: 0
  63: 0
===
