# zsim stats
===
root: # Stats
 contention: # Contention simulation stats
  domain-0: # Domain stats
   time: 1204805911 # Weave simulation time
 time: # Simulator time breakdown
  init: 1315306495232
  bound: 7261920276
  weave: 1445092936
  ff: 0
 trigger: 20000 # Reason for this stats dump
 phase: 22424 # Simulated phases
 westmere: # Core stats
  westmere-0: # Core stats
   cycles: 224241653 # Simulated unhalted cycles
   cCycles: 42141452 # Cycles due to contention stalls
   instrs: 100003046 # Simulated instructions
   uops: 108850373 # Retired micro-ops
   bbls: 19685696 # Basic blocks
   approxInstrs: 1899903 # Instrs with approx uop decoding
   mispredBranches: 1215258 # Mispredicted branches
   condBranches: 18533545 # conditional branches
 l1i: # Cache stats
  l1i-0: # Filter cache stats
   fhGETS: 25955089 # Filtered GETS hits
   fhGETX: 0 # Filtered GETX hits
   hGETS: 198898 # GETS hits
   hGETX: 0 # GETX hits
   mGETS: 1896 # GETS misses
   mGETXIM: 0 # GETX I->M misses
   mGETXSM: 0 # GETX S->M misses (upgrade misses)
   PUTS: 0 # Clean evictions (from lower level)
   PUTX: 0 # Dirty evictions (from lower level)
   INV: 4 # Invalidates (from upper level)
   INVX: 0 # Downgrades (from upper level)
   FWD: 0 # Forwards (from upper level)
   latGETnl: 222984 # GET request latency on next level
   latGETnet: 0 # GET request latency on network to next level
 l1d: # Cache stats
  l1d-0: # Filter cache stats
   fhGETS: 22478525 # Filtered GETS hits
   fhGETX: 4022837 # Filtered GETX hits
   hGETS: 2124896 # GETS hits
   hGETX: 2646674 # GETX hits
   mGETS: 3354474 # GETS misses
   mGETXIM: 681692 # GETX I->M misses
   mGETXSM: 0 # GETX S->M misses (upgrade misses)
   PUTS: 0 # Clean evictions (from lower level)
   PUTX: 0 # Dirty evictions (from lower level)
   INV: 0 # Invalidates (from upper level)
   INVX: 0 # Downgrades (from upper level)
   FWD: 0 # Forwards (from upper level)
   latGETnl: 314884040 # GET request latency on next level
   latGETnet: 0 # GET request latency on network to next level
 l2: # Cache stats
  l2-0: # Cache stats
   hGETS: 622336 # GETS hits
   hGETX: 85975 # GETX hits
   mGETS: 2734034 # GETS misses
   mGETXIM: 595717 # GETX I->M misses
   mGETXSM: 0 # GETX S->M misses (upgrade misses)
   PUTS: 2296373 # Clean evictions (from lower level)
   PUTX: 1740675 # Dirty evictions (from lower level)
   INV: 0 # Invalidates (from upper level)
   INVX: 0 # Downgrades (from upper level)
   FWD: 0 # Forwards (from upper level)
   latGETnl: 274726404 # GET request latency on next level
   latGETnet: 0 # GET request latency on network to next level
 l3: # Cache stats
  l3-0: # Cache stats
   hGETS: 955870 # GETS hits
   hGETX: 209299 # GETX hits
   mGETS: 1778164 # GETS misses
   mGETXIM: 386418 # GETX I->M misses
   mGETXSM: 0 # GETX S->M misses (upgrade misses)
   PUTS: 1987346 # Clean evictions (from lower level)
   PUTX: 1338309 # Dirty evictions (from lower level)
   INV: 0 # Invalidates (from upper level)
   INVX: 0 # Downgrades (from upper level)
   FWD: 0 # Forwards (from upper level)
   latGETnl: 194812380 # GET request latency on next level
   latGETnet: 0 # GET request latency on network to next level
 mem: # Memory controller stats
  mem-0: # Memory controller stats
   rd: 541358 # Read requests
   wr: 214791 # Write requests
   rdlat: 73745608 # Total latency experienced by read requests
   wrlat: 32651143 # Total latency experienced by write requests
   rdhits: 9697 # Read row hits
   wrhits: 1718 # Write row hits
   mlh: # latency histogram for memory requests
    0: 0
    1: 0
    2: 0
    3: 0
    4: 0
    5: 0
    6: 0
    7: 0
    8: 0
    9: 0
    10: 0
    11: 602
    12: 561
    13: 476540
    14: 39671
    15: 8124
    16: 3663
    17: 1487
    18: 523
    19: 511
    20: 559
    21: 683
    22: 479
    23: 647
    24: 1184
    25: 675
    26: 181
    27: 208
    28: 243
    29: 279
    30: 318
    31: 317
    32: 351
    33: 329
    34: 337
    35: 346
    36: 333
    37: 311
    38: 299
    39: 299
    40: 322
    41: 328
    42: 287
    43: 118
    44: 47
    45: 34
    46: 51
    47: 37
    48: 44
    49: 11
    50: 5
    51: 8
    52: 0
    53: 1
    54: 3
    55: 1
    56: 0
    57: 0
    58: 0
    59: 1
    60: 0
    61: 0
    62: 0
    63: 0
    64: 0
    65: 0
    66: 0
    67: 0
    68: 0
    69: 0
    70: 0
    71: 0
    72: 0
    73: 0
    74: 0
    75: 0
    76: 0
    77: 0
    78: 0
    79: 0
    80: 0
    81: 0
    82: 0
    83: 0
    84: 0
    85: 0
    86: 0
    87: 0
    88: 0
    89: 0
    90: 0
    91: 0
    92: 0
    93: 0
    94: 0
    95: 0
    96: 0
    97: 0
    98: 0
    99: 0
  mem-1: # Memory controller stats
   rd: 540923 # Read requests
   wr: 214526 # Write requests
   rdlat: 73714945 # Total latency experienced by read requests
   wrlat: 32558548 # Total latency experienced by write requests
   rdhits: 9658 # Read row hits
   wrhits: 1648 # Write row hits
   mlh: # latency histogram for memory requests
    0: 0
    1: 0
    2: 0
    3: 0
    4: 0
    5: 0
    6: 0
    7: 0
    8: 0
    9: 0
    10: 0
    11: 626
    12: 463
    13: 475317
    14: 39452
    15: 8912
    16: 4204
    17: 1461
    18: 484
    19: 435
    20: 533
    21: 605
    22: 626
    23: 659
    24: 1056
    25: 626
    26: 169
    27: 221
    28: 244
    29: 261
    30: 307
    31: 319
    32: 308
    33: 369
    34: 350
    35: 336
    36: 298
    37: 309
    38: 291
    39: 343
    40: 311
    41: 333
    42: 301
    43: 137
    44: 41
    45: 28
    46: 53
    47: 48
    48: 50
    49: 17
    50: 6
    51: 7
    52: 1
    53: 1
    54: 1
    55: 0
    56: 0
    57: 0
    58: 3
    59: 1
    60: 0
    61: 0
    62: 0
    63: 0
    64: 0
    65: 0
    66: 0
    67: 0
    68: 0
    69: 0
    70: 0
    71: 0
    72: 0
    73: 0
    74: 0
    75: 0
    76: 0
    77: 0
    78: 0
    79: 0
    80: 0
    81: 0
    82: 0
    83: 0
    84: 0
    85: 0
    86: 0
    87: 0
    88: 0
    89: 0
    90: 0
    91: 0
    92: 0
    93: 0
    94: 0
    95: 0
    96: 0
    97: 0
    98: 0
    99: 0
  mem-2: # Memory controller stats
   rd: 542650 # Read requests
   wr: 214864 # Write requests
   rdlat: 73960864 # Total latency experienced by read requests
   wrlat: 32530423 # Total latency experienced by write requests
   rdhits: 9264 # Read row hits
   wrhits: 1937 # Write row hits
   mlh: # latency histogram for memory requests
    0: 0
    1: 0
    2: 0
    3: 0
    4: 0
    5: 0
    6: 0
    7: 0
    8: 0
    9: 0
    10: 0
    11: 590
    12: 472
    13: 476383
    14: 41060
    15: 8333
    16: 3558
    17: 1443
    18: 484
    19: 440
    20: 600
    21: 622
    22: 659
    23: 778
    24: 1058
    25: 690
    26: 196
    27: 226
    28: 226
    29: 254
    30: 316
    31: 304
    32: 364
    33: 327
    34: 342
    35: 368
    36: 318
    37: 312
    38: 328
    39: 304
    40: 292
    41: 319
    42: 306
    43: 121
    44: 47
    45: 28
    46: 53
    47: 53
    48: 53
    49: 13
    50: 4
    51: 1
    52: 1
    53: 3
    54: 0
    55: 0
    56: 1
    57: 0
    58: 0
    59: 0
    60: 0
    61: 0
    62: 0
    63: 0
    64: 0
    65: 0
    66: 0
    67: 0
    68: 0
    69: 0
    70: 0
    71: 0
    72: 0
    73: 0
    74: 0
    75: 0
    76: 0
    77: 0
    78: 0
    79: 0
    80: 0
    81: 0
    82: 0
    83: 0
    84: 0
    85: 0
    86: 0
    87: 0
    88: 0
    89: 0
    90: 0
    91: 0
    92: 0
    93: 0
    94: 0
    95: 0
    96: 0
    97: 0
    98: 0
    99: 0
  mem-3: # Memory controller stats
   rd: 539635 # Read requests
   wr: 214219 # Write requests
   rdlat: 73504765 # Total latency experienced by read requests
   wrlat: 32497861 # Total latency experienced by write requests
   rdhits: 9412 # Read row hits
   wrhits: 1763 # Write row hits
   mlh: # latency histogram for memory requests
    0: 0
    1: 0
    2: 0
    3: 0
    4: 0
    5: 0
    6: 0
    7: 0
    8: 0
    9: 0
    10: 0
    11: 664
    12: 450
    13: 475246
    14: 39576
    15: 8079
    16: 3548
    17: 1424
    18: 456
    19: 458
    20: 579
    21: 593
    22: 516
    23: 791
    24: 1216
    25: 730
    26: 187
    27: 178
    28: 252
    29: 250
    30: 275
    31: 299
    32: 335
    33: 332
    34: 334
    35: 368
    36: 324
    37: 314
    38: 304
    39: 289
    40: 292
    41: 287
    42: 322
    43: 137
    44: 56
    45: 28
    46: 44
    47: 41
    48: 42
    49: 6
    50: 5
    51: 0
    52: 4
    53: 1
    54: 1
    55: 0
    56: 1
    57: 0
    58: 0
    59: 1
    60: 0
    61: 0
    62: 0
    63: 0
    64: 0
    65: 0
    66: 0
    67: 0
    68: 0
    69: 0
    70: 0
    71: 0
    72: 0
    73: 0
    74: 0
    75: 0
    76: 0
    77: 0
    78: 0
    79: 0
    80: 0
    81: 0
    82: 0
    83: 0
    84: 0
    85: 0
    86: 0
    87: 0
    88: 0
    89: 0
    90: 0
    91: 0
    92: 0
    93: 0
    94: 0
    95: 0
    96: 0
    97: 0
    98: 0
    99: 0
 sched: # Scheduler stats
  thCr: 1 # Threads created
  thFn: 1 # Threads finished
  schedEvs: 1 # Schedule events
  waitEvs: 0 # Wait events
  handoffEvs: 0 # Handoff events
  sleepEvs: 0 # Sleep events
  idlePhases: 0 # Phases with no thread active
  idlePeriods: 0 # Periods with no thread active
  occHist: # Occupancy histogram
   0: 0
   1: 22424
  rqSzHist: # Run queue size histogram
   0: 22424
   1: 0
   2: 0
   3: 0
   4: 0
   5: 0
   6: 0
   7: 0
   8: 0
   9: 0
   10: 0
   11: 0
   12: 0
   13: 0
   14: 0
   15: 0
   16: 0
 procCycles: # Per-process unhalted core cycles
  0: 224241653
  1: 0
  2: 0
  3: 0
  4: 0
  5: 0
  6: 0
  7: 0
  8: 0
  9: 0
  10: 0
  11: 0
  12: 0
  13: 0
  14: 0
  15: 0
  16: 0
  17: 0
  18: 0
  19: 0
  20: 0
  21: 0
  22: 0
  23: 0
  24: 0
  25: 0
  26: 0
  27: 0
  28: 0
  29: 0
  30: 0
  31: 0
  32: 0
  33: 0
  34: 0
  35: 0
  36: 0
  37: 0
  38: 0
  39: 0
  40: 0
  41: 0
  42: 0
  43: 0
  44: 0
  45: 0
  46: 0
  47: 0
  48: 0
  49: 0
  50: 0
  51: 0
  52: 0
  53: 0
  54: 0
  55: 0
  56: 0
  57: 0
  58: 0
  59: 0
  60: 0
  61: 0
  62: 0
  63: 0
 procInstrs: # Per-process instructions
  0: 100003046
  1: 0
  2: 0
  3: 0
  4: 0
  5: 0
  6: 0
  7: 0
  8: 0
  9: 0
  10: 0
  11: 0
  12: 0
  13: 0
  14: 0
  15: 0
  16: 0
  17: 0
  18: 0
  19: 0
  20: 0
  21: 0
  22: 0
  23: 0
  24: 0
  25: 0
  26: 0
  27: 0
  28: 0
  29: 0
  30: 0
  31: 0
  32: 0
  33: 0
  34: 0
  35: 0
  36: 0
  37: 0
  38: 0
  39: 0
  40: 0
  41: 0
  42: 0
  43: 0
  44: 0
  45: 0
  46: 0
  47: 0
  48: 0
  49: 0
  50: 0
  51: 0
  52: 0
  53: 0
  54: 0
  55: 0
  56: 0
  57: 0
  58: 0
  59: 0
  60: 0
  61: 0
  62: 0
  63: 0
 heartbeats: # Per-process heartbeats
  0: 0
  1: 0
  2: 0
  3: 0
  4: 0
  5: 0
  6: 0
  7: 0
  8: 0
  9: 0
  10: 0
  11: 0
  12: 0
  13: 0
  14: 0
  15: 0
  16: 0
  17: 0
  18: 0
  19: 0
  20: 0
  21: 0
  22: 0
  23: 0
  24: 0
  25: 0
  26: 0
  27: 0
  28: 0
  29: 0
  30: 0
  31: 0
  32: 0
  33: 0
  34: 0
  35: 0
  36: 0
  37: 0
  38: 0
  39: 0
  40: 0
  41: 0
  42: 0
  43: 0
  44: 0
  45: 0
  46: 0
  47: 0
  48: 0
  49: 0
  50: 0
  51: 0
  52: 0
  53: 0
  54: 0
  55: 0
  56: 0
  57: 0
  58: 0
  59: 0
  60: 0
  61: 0
  62: 0
  63: 0
===
