# zsim stats
===
root: # Stats
 contention: # Contention simulation stats
  domain-0: # Domain stats
   time: 474947154 # Weave simulation time
 time: # Simulator time breakdown
  init: 2683944337754
  bound: 5654760853
  weave: 606324282
  ff: 0
 trigger: 20000 # Reason for this stats dump
 phase: 8458 # Simulated phases
 westmere: # Core stats
  westmere-0: # Core stats
   cycles: 84581154 # Simulated unhalted cycles
   cCycles: 10023066 # Cycles due to contention stalls
   instrs: 100002925 # Simulated instructions
   uops: 132217318 # Retired micro-ops
   bbls: 1457985 # Basic blocks
   approxInstrs: 967576 # Instrs with approx uop decoding
   mispredBranches: 1056 # Mispredicted branches
   condBranches: 120267 # conditional branches
 l1i: # Cache stats
  l1i-0: # Filter cache stats
   fhGETS: 6773145 # Filtered GETS hits
   fhGETX: 0 # Filtered GETX hits
   hGETS: 4032127 # GETS hits
   hGETX: 0 # GETX hits
   mGETS: 1955 # GETS misses
   mGETXIM: 0 # GETX I->M misses
   mGETXSM: 0 # GETX S->M misses (upgrade misses)
   PUTS: 0 # Clean evictions (from lower level)
   PUTX: 0 # Dirty evictions (from lower level)
   INV: 1764 # Invalidates (from upper level)
   INVX: 0 # Downgrades (from upper level)
   FWD: 0 # Forwards (from upper level)
   latGETnl: 242420 # GET request latency on next level
   latGETnet: 0 # GET request latency on network to next level
 l1d: # Cache stats
  l1d-0: # Filter cache stats
   fhGETS: 36406258 # Filtered GETS hits
   fhGETX: 9758453 # Filtered GETX hits
   hGETS: 5796628 # GETS hits
   hGETX: 1450198 # GETX hits
   mGETS: 617739 # GETS misses
   mGETXIM: 140020 # GETX I->M misses
   mGETXSM: 0 # GETX S->M misses (upgrade misses)
   PUTS: 0 # Clean evictions (from lower level)
   PUTX: 0 # Dirty evictions (from lower level)
   INV: 227 # Invalidates (from upper level)
   INVX: 0 # Downgrades (from upper level)
   FWD: 0 # Forwards (from upper level)
   latGETnl: 62748046 # GET request latency on next level
   latGETnet: 0 # GET request latency on network to next level
 l2: # Cache stats
  l2-0: # Cache stats
   hGETS: 257739 # GETS hits
   hGETX: 6 # GETX hits
   mGETS: 361955 # GETS misses
   mGETXIM: 140014 # GETX I->M misses
   mGETXSM: 0 # GETX S->M misses (upgrade misses)
   PUTS: 615995 # Clean evictions (from lower level)
   PUTX: 141025 # Dirty evictions (from lower level)
   INV: 2616 # Invalidates (from upper level)
   INVX: 0 # Downgrades (from upper level)
   FWD: 0 # Forwards (from upper level)
   latGETnl: 55393326 # GET request latency on next level
   latGETnet: 0 # GET request latency on network to next level
 l3: # Cache stats
  l3-0: # Cache stats
   hGETS: 15567 # GETS hits
   hGETX: 4779 # GETX hits
   mGETS: 346388 # GETS misses
   mGETXIM: 135235 # GETX I->M misses
   mGETXSM: 0 # GETX S->M misses (upgrade misses)
   PUTS: 355593 # Clean evictions (from lower level)
   PUTX: 139664 # Dirty evictions (from lower level)
   INV: 0 # Invalidates (from upper level)
   INVX: 0 # Downgrades (from upper level)
   FWD: 0 # Forwards (from upper level)
   latGETnl: 43346070 # GET request latency on next level
   latGETnet: 0 # GET request latency on network to next level
 mem: # Memory controller stats
  mem-0: # Memory controller stats
   rd: 120333 # Read requests
   wr: 33863 # Write requests
   rdlat: 17541568 # Total latency experienced by read requests
   wrlat: 5632410 # Total latency experienced by write requests
   rdhits: 10 # Read row hits
   wrhits: 93 # Write row hits
   mlh: # latency histogram for memory requests
    0: 0
    1: 0
    2: 0
    3: 0
    4: 0
    5: 0
    6: 0
    7: 0
    8: 0
    9: 0
    10: 0
    11: 0
    12: 0
    13: 77902
    14: 21059
    15: 5969
    16: 1599
    17: 5088
    18: 973
    19: 1166
    20: 830
    21: 159
    22: 554
    23: 85
    24: 262
    25: 3136
    26: 350
    27: 64
    28: 53
    29: 63
    30: 42
    31: 46
    32: 63
    33: 47
    34: 48
    35: 72
    36: 44
    37: 42
    38: 64
    39: 60
    40: 55
    41: 53
    42: 76
    43: 66
    44: 41
    45: 28
    46: 26
    47: 43
    48: 31
    49: 21
    50: 14
    51: 12
    52: 9
    53: 3
    54: 1
    55: 8
    56: 2
    57: 1
    58: 2
    59: 1
    60: 0
    61: 0
    62: 0
    63: 0
    64: 0
    65: 0
    66: 0
    67: 0
    68: 0
    69: 0
    70: 0
    71: 0
    72: 0
    73: 0
    74: 0
    75: 0
    76: 0
    77: 0
    78: 0
    79: 0
    80: 0
    81: 0
    82: 0
    83: 0
    84: 0
    85: 0
    86: 0
    87: 0
    88: 0
    89: 0
    90: 0
    91: 0
    92: 0
    93: 0
    94: 0
    95: 0
    96: 0
    97: 0
    98: 0
    99: 0
  mem-1: # Memory controller stats
   rd: 120407 # Read requests
   wr: 33884 # Write requests
   rdlat: 17582712 # Total latency experienced by read requests
   wrlat: 5622901 # Total latency experienced by write requests
   rdhits: 8 # Read row hits
   wrhits: 88 # Write row hits
   mlh: # latency histogram for memory requests
    0: 0
    1: 0
    2: 0
    3: 0
    4: 0
    5: 0
    6: 0
    7: 0
    8: 0
    9: 0
    10: 0
    11: 0
    12: 0
    13: 77784
    14: 21019
    15: 6019
    16: 1613
    17: 5073
    18: 1008
    19: 1190
    20: 771
    21: 156
    22: 587
    23: 90
    24: 346
    25: 3091
    26: 371
    27: 66
    28: 51
    29: 69
    30: 57
    31: 54
    32: 52
    33: 50
    34: 41
    35: 77
    36: 70
    37: 57
    38: 60
    39: 71
    40: 67
    41: 58
    42: 66
    43: 59
    44: 33
    45: 25
    46: 25
    47: 43
    48: 49
    49: 29
    50: 15
    51: 14
    52: 9
    53: 4
    54: 5
    55: 8
    56: 1
    57: 1
    58: 1
    59: 2
    60: 0
    61: 0
    62: 0
    63: 0
    64: 0
    65: 0
    66: 0
    67: 0
    68: 0
    69: 0
    70: 0
    71: 0
    72: 0
    73: 0
    74: 0
    75: 0
    76: 0
    77: 0
    78: 0
    79: 0
    80: 0
    81: 0
    82: 0
    83: 0
    84: 0
    85: 0
    86: 0
    87: 0
    88: 0
    89: 0
    90: 0
    91: 0
    92: 0
    93: 0
    94: 0
    95: 0
    96: 0
    97: 0
    98: 0
    99: 0
  mem-2: # Memory controller stats
   rd: 120434 # Read requests
   wr: 33888 # Write requests
   rdlat: 17592563 # Total latency experienced by read requests
   wrlat: 5612399 # Total latency experienced by write requests
   rdhits: 4 # Read row hits
   wrhits: 88 # Write row hits
   mlh: # latency histogram for memory requests
    0: 0
    1: 0
    2: 0
    3: 0
    4: 0
    5: 0
    6: 0
    7: 0
    8: 0
    9: 0
    10: 0
    11: 0
    12: 0
    13: 77904
    14: 21181
    15: 5961
    16: 1461
    17: 5017
    18: 988
    19: 1149
    20: 788
    21: 160
    22: 521
    23: 163
    24: 305
    25: 3135
    26: 368
    27: 57
    28: 63
    29: 53
    30: 58
    31: 55
    32: 44
    33: 51
    34: 61
    35: 78
    36: 52
    37: 60
    38: 83
    39: 61
    40: 69
    41: 69
    42: 79
    43: 92
    44: 38
    45: 34
    46: 31
    47: 44
    48: 43
    49: 17
    50: 10
    51: 7
    52: 8
    53: 3
    54: 1
    55: 4
    56: 1
    57: 4
    58: 2
    59: 1
    60: 0
    61: 0
    62: 0
    63: 0
    64: 0
    65: 0
    66: 0
    67: 0
    68: 0
    69: 0
    70: 0
    71: 0
    72: 0
    73: 0
    74: 0
    75: 0
    76: 0
    77: 0
    78: 0
    79: 0
    80: 0
    81: 0
    82: 0
    83: 0
    84: 0
    85: 0
    86: 0
    87: 0
    88: 0
    89: 0
    90: 0
    91: 0
    92: 0
    93: 0
    94: 0
    95: 0
    96: 0
    97: 0
    98: 0
    99: 0
  mem-3: # Memory controller stats
   rd: 120446 # Read requests
   wr: 33870 # Write requests
   rdlat: 17566861 # Total latency experienced by read requests
   wrlat: 5607652 # Total latency experienced by write requests
   rdhits: 1 # Read row hits
   wrhits: 93 # Write row hits
   mlh: # latency histogram for memory requests
    0: 0
    1: 0
    2: 0
    3: 0
    4: 0
    5: 0
    6: 0
    7: 0
    8: 0
    9: 0
    10: 0
    11: 0
    12: 0
    13: 78028
    14: 21114
    15: 5957
    16: 1489
    17: 5025
    18: 1018
    19: 1161
    20: 729
    21: 137
    22: 552
    23: 200
    24: 337
    25: 3109
    26: 360
    27: 67
    28: 63
    29: 58
    30: 51
    31: 53
    32: 47
    33: 53
    34: 61
    35: 78
    36: 63
    37: 56
    38: 53
    39: 41
    40: 64
    41: 52
    42: 72
    43: 54
    44: 31
    45: 22
    46: 15
    47: 44
    48: 58
    49: 22
    50: 9
    51: 9
    52: 7
    53: 6
    54: 3
    55: 9
    56: 3
    57: 4
    58: 0
    59: 2
    60: 0
    61: 0
    62: 0
    63: 0
    64: 0
    65: 0
    66: 0
    67: 0
    68: 0
    69: 0
    70: 0
    71: 0
    72: 0
    73: 0
    74: 0
    75: 0
    76: 0
    77: 0
    78: 0
    79: 0
    80: 0
    81: 0
    82: 0
    83: 0
    84: 0
    85: 0
    86: 0
    87: 0
    88: 0
    89: 0
    90: 0
    91: 0
    92: 0
    93: 0
    94: 0
    95: 0
    96: 0
    97: 0
    98: 0
    99: 0
 sched: # Scheduler stats
  thCr: 1 # Threads created
  thFn: 1 # Threads finished
  schedEvs: 1 # Schedule events
  waitEvs: 0 # Wait events
  handoffEvs: 0 # Handoff events
  sleepEvs: 0 # Sleep events
  idlePhases: 0 # Phases with no thread active
  idlePeriods: 0 # Periods with no thread active
  occHist: # Occupancy histogram
   0: 0
   1: 8458
  rqSzHist: # Run queue size histogram
   0: 8458
   1: 0
   2: 0
   3: 0
   4: 0
   5: 0
   6: 0
   7: 0
   8: 0
   9: 0
   10: 0
   11: 0
   12: 0
   13: 0
   14: 0
   15: 0
   16: 0
 procCycles: # Per-process unhalted core cycles
  0: 84581154
  1: 0
  2: 0
  3: 0
  4: 0
  5: 0
  6: 0
  7: 0
  8: 0
  9: 0
  10: 0
  11: 0
  12: 0
  13: 0
  14: 0
  15: 0
  16: 0
  17: 0
  18: 0
  19: 0
  20: 0
  21: 0
  22: 0
  23: 0
  24: 0
  25: 0
  26: 0
  27: 0
  28: 0
  29: 0
  30: 0
  31: 0
  32: 0
  33: 0
  34: 0
  35: 0
  36: 0
  37: 0
  38: 0
  39: 0
  40: 0
  41: 0
  42: 0
  43: 0
  44: 0
  45: 0
  46: 0
  47: 0
  48: 0
  49: 0
  50: 0
  51: 0
  52: 0
  53: 0
  54: 0
  55: 0
  56: 0
  57: 0
  58: 0
  59: 0
  60: 0
  61: 0
  62: 0
  63: 0
 procInstrs: # Per-process instructions
  0: 100002925
  1: 0
  2: 0
  3: 0
  4: 0
  5: 0
  6: 0
  7: 0
  8: 0
  9: 0
  10: 0
  11: 0
  12: 0
  13: 0
  14: 0
  15: 0
  16: 0
  17: 0
  18: 0
  19: 0
  20: 0
  21: 0
  22: 0
  23: 0
  24: 0
  25: 0
  26: 0
  27: 0
  28: 0
  29: 0
  30: 0
  31: 0
  32: 0
  33: 0
  34: 0
  35: 0
  36: 0
  37: 0
  38: 0
  39: 0
  40: 0
  41: 0
  42: 0
  43: 0
  44: 0
  45: 0
  46: 0
  47: 0
  48: 0
  49: 0
  50: 0
  51: 0
  52: 0
  53: 0
  54: 0
  55: 0
  56: 0
  57: 0
  58: 0
  59: 0
  60: 0
  61: 0
  62: 0
  63: 0
 heartbeats: # Per-process heartbeats
  0: 0
  1: 0
  2: 0
  3: 0
  4: 0
  5: 0
  6: 0
  7: 0
  8: 0
  9: 0
  10: 0
  11: 0
  12: 0
  13: 0
  14: 0
  15: 0
  16: 0
  17: 0
  18: 0
  19: 0
  20: 0
  21: 0
  22: 0
  23: 0
  24: 0
  25: 0
  26: 0
  27: 0
  28: 0
  29: 0
  30: 0
  31: 0
  32: 0
  33: 0
  34: 0
  35: 0
  36: 0
  37: 0
  38: 0
  39: 0
  40: 0
  41: 0
  42: 0
  43: 0
  44: 0
  45: 0
  46: 0
  47: 0
  48: 0
  49: 0
  50: 0
  51: 0
  52: 0
  53: 0
  54: 0
  55: 0
  56: 0
  57: 0
  58: 0
  59: 0
  60: 0
  61: 0
  62: 0
  63: 0
===
