# zsim stats
===
root: # Stats
 contention: # Contention simulation stats
  domain-0: # Domain stats
   time: 136184225 # Weave simulation time
 time: # Simulator time breakdown
  init: 2491791055554
  bound: 4910371803
  weave: 256931041
  ff: 0
 trigger: 20000 # Reason for this stats dump
 phase: 6291 # Simulated phases
 westmere: # Core stats
  westmere-0: # Core stats
   cycles: 62910734 # Simulated unhalted cycles
   cCycles: 4966620 # Cycles due to contention stalls
   instrs: 100008134 # Simulated instructions
   uops: 142680222 # Retired micro-ops
   bbls: 4785742 # Basic blocks
   approxInstrs: 432 # Instrs with approx uop decoding
   mispredBranches: 23097 # Mispredicted branches
   condBranches: 4718432 # conditional branches
 l1i: # Cache stats
  l1i-0: # Filter cache stats
   fhGETS: 9440720 # Filtered GETS hits
   fhGETX: 0 # Filtered GETX hits
   hGETS: 20726 # GETS hits
   hGETX: 0 # GETX hits
   mGETS: 1891 # GETS misses
   mGETXIM: 0 # GETX I->M misses
   mGETXSM: 0 # GETX S->M misses (upgrade misses)
   PUTS: 0 # Clean evictions (from lower level)
   PUTX: 0 # Dirty evictions (from lower level)
   INV: 0 # Invalidates (from upper level)
   INVX: 0 # Downgrades (from upper level)
   FWD: 0 # Forwards (from upper level)
   latGETnl: 114082 # GET request latency on next level
   latGETnet: 0 # GET request latency on network to next level
 l1d: # Cache stats
  l1d-0: # Filter cache stats
   fhGETS: 27008288 # Filtered GETS hits
   fhGETX: 9102195 # Filtered GETX hits
   hGETS: 15824902 # GETS hits
   hGETX: 5952546 # GETX hits
   mGETS: 243475 # GETS misses
   mGETXIM: 291842 # GETX I->M misses
   mGETXSM: 0 # GETX S->M misses (upgrade misses)
   PUTS: 0 # Clean evictions (from lower level)
   PUTX: 0 # Dirty evictions (from lower level)
   INV: 0 # Invalidates (from upper level)
   INVX: 0 # Downgrades (from upper level)
   FWD: 0 # Forwards (from upper level)
   latGETnl: 25342014 # GET request latency on next level
   latGETnet: 0 # GET request latency on network to next level
 l2: # Cache stats
  l2-0: # Cache stats
   hGETS: 215682 # GETS hits
   hGETX: 1427 # GETX hits
   mGETS: 29684 # GETS misses
   mGETXIM: 290415 # GETX I->M misses
   mGETXSM: 0 # GETX S->M misses (upgrade misses)
   PUTS: 243676 # Clean evictions (from lower level)
   PUTX: 292586 # Dirty evictions (from lower level)
   INV: 0 # Invalidates (from upper level)
   INVX: 0 # Downgrades (from upper level)
   FWD: 0 # Forwards (from upper level)
   latGETnl: 20084016 # GET request latency on next level
   latGETnet: 0 # GET request latency on network to next level
 l3: # Cache stats
  l3-0: # Cache stats
   hGETS: 25028 # GETS hits
   hGETX: 157275 # GETX hits
   mGETS: 4656 # GETS misses
   mGETXIM: 133140 # GETX I->M misses
   mGETXSM: 0 # GETX S->M misses (upgrade misses)
   PUTS: 27392 # Clean evictions (from lower level)
   PUTX: 288611 # Dirty evictions (from lower level)
   INV: 0 # Invalidates (from upper level)
   INVX: 0 # Downgrades (from upper level)
   FWD: 0 # Forwards (from upper level)
   latGETnl: 12401640 # GET request latency on next level
   latGETnet: 0 # GET request latency on network to next level
 mem: # Memory controller stats
  mem-0: # Memory controller stats
   rd: 34398 # Read requests
   wr: 25702 # Write requests
   rdlat: 5234503 # Total latency experienced by read requests
   wrlat: 3857934 # Total latency experienced by write requests
   rdhits: 6 # Read row hits
   wrhits: 236 # Write row hits
   mlh: # latency histogram for memory requests
    0: 0
    1: 0
    2: 0
    3: 0
    4: 0
    5: 0
    6: 0
    7: 0
    8: 0
    9: 0
    10: 0
    11: 0
    12: 1
    13: 25376
    14: 3320
    15: 42
    16: 27
    17: 19
    18: 22
    19: 10
    20: 13
    21: 19
    22: 32
    23: 4929
    24: 34
    25: 66
    26: 23
    27: 29
    28: 21
    29: 30
    30: 26
    31: 24
    32: 22
    33: 26
    34: 12
    35: 11
    36: 17
    37: 15
    38: 13
    39: 27
    40: 17
    41: 20
    42: 23
    43: 24
    44: 5
    45: 1
    46: 7
    47: 48
    48: 13
    49: 10
    50: 6
    51: 10
    52: 6
    53: 2
    54: 0
    55: 0
    56: 0
    57: 0
    58: 0
    59: 0
    60: 0
    61: 0
    62: 0
    63: 0
    64: 0
    65: 0
    66: 0
    67: 0
    68: 0
    69: 0
    70: 0
    71: 0
    72: 0
    73: 0
    74: 0
    75: 0
    76: 0
    77: 0
    78: 0
    79: 0
    80: 0
    81: 0
    82: 0
    83: 0
    84: 0
    85: 0
    86: 0
    87: 0
    88: 0
    89: 0
    90: 0
    91: 0
    92: 0
    93: 0
    94: 0
    95: 0
    96: 0
    97: 0
    98: 0
    99: 0
  mem-1: # Memory controller stats
   rd: 34440 # Read requests
   wr: 25706 # Write requests
   rdlat: 5222873 # Total latency experienced by read requests
   wrlat: 3854650 # Total latency experienced by write requests
   rdhits: 4 # Read row hits
   wrhits: 224 # Write row hits
   mlh: # latency histogram for memory requests
    0: 0
    1: 0
    2: 0
    3: 0
    4: 0
    5: 0
    6: 0
    7: 0
    8: 0
    9: 0
    10: 0
    11: 0
    12: 0
    13: 25479
    14: 3337
    15: 32
    16: 29
    17: 12
    18: 12
    19: 13
    20: 12
    21: 17
    22: 28
    23: 4925
    24: 32
    25: 64
    26: 39
    27: 36
    28: 24
    29: 17
    30: 16
    31: 31
    32: 20
    33: 13
    34: 15
    35: 16
    36: 18
    37: 14
    38: 24
    39: 8
    40: 21
    41: 34
    42: 16
    43: 11
    44: 4
    45: 7
    46: 8
    47: 26
    48: 5
    49: 4
    50: 7
    51: 8
    52: 4
    53: 2
    54: 0
    55: 0
    56: 0
    57: 0
    58: 0
    59: 0
    60: 0
    61: 0
    62: 0
    63: 0
    64: 0
    65: 0
    66: 0
    67: 0
    68: 0
    69: 0
    70: 0
    71: 0
    72: 0
    73: 0
    74: 0
    75: 0
    76: 0
    77: 0
    78: 0
    79: 0
    80: 0
    81: 0
    82: 0
    83: 0
    84: 0
    85: 0
    86: 0
    87: 0
    88: 0
    89: 0
    90: 0
    91: 0
    92: 0
    93: 0
    94: 0
    95: 0
    96: 0
    97: 0
    98: 0
    99: 0
  mem-2: # Memory controller stats
   rd: 34486 # Read requests
   wr: 25719 # Write requests
   rdlat: 5237052 # Total latency experienced by read requests
   wrlat: 3866929 # Total latency experienced by write requests
   rdhits: 3 # Read row hits
   wrhits: 223 # Write row hits
   mlh: # latency histogram for memory requests
    0: 0
    1: 0
    2: 0
    3: 0
    4: 0
    5: 0
    6: 0
    7: 0
    8: 0
    9: 0
    10: 0
    11: 0
    12: 0
    13: 25456
    14: 3373
    15: 30
    16: 32
    17: 12
    18: 10
    19: 20
    20: 8
    21: 9
    22: 21
    23: 4962
    24: 34
    25: 81
    26: 25
    27: 20
    28: 22
    29: 26
    30: 17
    31: 14
    32: 21
    33: 23
    34: 17
    35: 16
    36: 12
    37: 18
    38: 17
    39: 18
    40: 20
    41: 22
    42: 18
    43: 18
    44: 5
    45: 3
    46: 2
    47: 45
    48: 7
    49: 9
    50: 6
    51: 5
    52: 9
    53: 3
    54: 0
    55: 0
    56: 0
    57: 0
    58: 0
    59: 0
    60: 0
    61: 0
    62: 0
    63: 0
    64: 0
    65: 0
    66: 0
    67: 0
    68: 0
    69: 0
    70: 0
    71: 0
    72: 0
    73: 0
    74: 0
    75: 0
    76: 0
    77: 0
    78: 0
    79: 0
    80: 0
    81: 0
    82: 0
    83: 0
    84: 0
    85: 0
    86: 0
    87: 0
    88: 0
    89: 0
    90: 0
    91: 0
    92: 0
    93: 0
    94: 0
    95: 0
    96: 0
    97: 0
    98: 0
    99: 0
  mem-3: # Memory controller stats
   rd: 34470 # Read requests
   wr: 25772 # Write requests
   rdlat: 5218866 # Total latency experienced by read requests
   wrlat: 3871752 # Total latency experienced by write requests
   rdhits: 5 # Read row hits
   wrhits: 249 # Write row hits
   mlh: # latency histogram for memory requests
    0: 0
    1: 0
    2: 0
    3: 0
    4: 0
    5: 0
    6: 0
    7: 0
    8: 0
    9: 0
    10: 0
    11: 0
    12: 1
    13: 25541
    14: 3301
    15: 43
    16: 20
    17: 7
    18: 15
    19: 18
    20: 15
    21: 14
    22: 33
    23: 4980
    24: 47
    25: 68
    26: 21
    27: 17
    28: 23
    29: 17
    30: 17
    31: 18
    32: 14
    33: 15
    34: 24
    35: 16
    36: 12
    37: 11
    38: 17
    39: 21
    40: 13
    41: 18
    42: 21
    43: 8
    44: 4
    45: 0
    46: 3
    47: 26
    48: 5
    49: 7
    50: 4
    51: 2
    52: 10
    53: 3
    54: 0
    55: 0
    56: 0
    57: 0
    58: 0
    59: 0
    60: 0
    61: 0
    62: 0
    63: 0
    64: 0
    65: 0
    66: 0
    67: 0
    68: 0
    69: 0
    70: 0
    71: 0
    72: 0
    73: 0
    74: 0
    75: 0
    76: 0
    77: 0
    78: 0
    79: 0
    80: 0
    81: 0
    82: 0
    83: 0
    84: 0
    85: 0
    86: 0
    87: 0
    88: 0
    89: 0
    90: 0
    91: 0
    92: 0
    93: 0
    94: 0
    95: 0
    96: 0
    97: 0
    98: 0
    99: 0
 sched: # Scheduler stats
  thCr: 1 # Threads created
  thFn: 1 # Threads finished
  schedEvs: 1 # Schedule events
  waitEvs: 0 # Wait events
  handoffEvs: 0 # Handoff events
  sleepEvs: 0 # Sleep events
  idlePhases: 0 # Phases with no thread active
  idlePeriods: 0 # Periods with no thread active
  occHist: # Occupancy histogram
   0: 0
   1: 6291
  rqSzHist: # Run queue size histogram
   0: 6291
   1: 0
   2: 0
   3: 0
   4: 0
   5: 0
   6: 0
   7: 0
   8: 0
   9: 0
   10: 0
   11: 0
   12: 0
   13: 0
   14: 0
   15: 0
   16: 0
 procCycles: # Per-process unhalted core cycles
  0: 62910734
  1: 0
  2: 0
  3: 0
  4: 0
  5: 0
  6: 0
  7: 0
  8: 0
  9: 0
  10: 0
  11: 0
  12: 0
  13: 0
  14: 0
  15: 0
  16: 0
  17: 0
  18: 0
  19: 0
  20: 0
  21: 0
  22: 0
  23: 0
  24: 0
  25: 0
  26: 0
  27: 0
  28: 0
  29: 0
  30: 0
  31: 0
  32: 0
  33: 0
  34: 0
  35: 0
  36: 0
  37: 0
  38: 0
  39: 0
  40: 0
  41: 0
  42: 0
  43: 0
  44: 0
  45: 0
  46: 0
  47: 0
  48: 0
  49: 0
  50: 0
  51: 0
  52: 0
  53: 0
  54: 0
  55: 0
  56: 0
  57: 0
  58: 0
  59: 0
  60: 0
  61: 0
  62: 0
  63: 0
 procInstrs: # Per-process instructions
  0: 100008134
  1: 0
  2: 0
  3: 0
  4: 0
  5: 0
  6: 0
  7: 0
  8: 0
  9: 0
  10: 0
  11: 0
  12: 0
  13: 0
  14: 0
  15: 0
  16: 0
  17: 0
  18: 0
  19: 0
  20: 0
  21: 0
  22: 0
  23: 0
  24: 0
  25: 0
  26: 0
  27: 0
  28: 0
  29: 0
  30: 0
  31: 0
  32: 0
  33: 0
  34: 0
  35: 0
  36: 0
  37: 0
  38: 0
  39: 0
  40: 0
  41: 0
  42: 0
  43: 0
  44: 0
  45: 0
  46: 0
  47: 0
  48: 0
  49: 0
  50: 0
  51: 0
  52: 0
  53: 0
  54: 0
  55: 0
  56: 0
  57: 0
  58: 0
  59: 0
  60: 0
  61: 0
  62: 0
  63: 0
 heartbeats: # Per-process heartbeats
  0: 0
  1: 0
  2: 0
  3: 0
  4: 0
  5: 0
  6: 0
  7: 0
  8: 0
  9: 0
  10: 0
  11: 0
  12: 0
  13: 0
  14: 0
  15: 0
  16: 0
  17: 0
  18: 0
  19: 0
  20: 0
  21: 0
  22: 0
  23: 0
  24: 0
  25: 0
  26: 0
  27: 0
  28: 0
  29: 0
  30: 0
  31: 0
  32: 0
  33: 0
  34: 0
  35: 0
  36: 0
  37: 0
  38: 0
  39: 0
  40: 0
  41: 0
  42: 0
  43: 0
  44: 0
  45: 0
  46: 0
  47: 0
  48: 0
  49: 0
  50: 0
  51: 0
  52: 0
  53: 0
  54: 0
  55: 0
  56: 0
  57: 0
  58: 0
  59: 0
  60: 0
  61: 0
  62: 0
  63: 0
===
