# zsim stats
===
root: # Stats
 contention: # Contention simulation stats
  domain-0: # Domain stats
   time: 172421779 # Weave simulation time
 time: # Simulator time breakdown
  init: 455652987
  bound: 30493248531
  weave: 1069656618
  ff: 0
 trigger: 20000 # Reason for this stats dump
 phase: 40172 # Simulated phases
 westmere: # Core stats
  westmere-0: # Core stats
   cycles: 401720004 # Simulated unhalted cycles
   cCycles: 28087 # Cycles due to contention stalls
   instrs: 624996002 # Simulated instructions
   uops: 750409380 # Retired micro-ops
   bbls: 83819420 # Basic blocks
   approxInstrs: 6870791 # Instrs with approx uop decoding
   mispredBranches: 1800279 # Mispredicted branches
   condBranches: 64862293 # conditional branches
  westmere-1: # Core stats
   cycles: 401720015 # Simulated unhalted cycles
   cCycles: 30319 # Cycles due to contention stalls
   instrs: 625000442 # Simulated instructions
   uops: 750414625 # Retired micro-ops
   bbls: 83819706 # Basic blocks
   approxInstrs: 6871090 # Instrs with approx uop decoding
   mispredBranches: 1800326 # Mispredicted branches
   condBranches: 64862262 # conditional branches
  westmere-2: # Core stats
   cycles: 401710023 # Simulated unhalted cycles
   cCycles: 29332 # Cycles due to contention stalls
   instrs: 624999482 # Simulated instructions
   uops: 750413432 # Retired micro-ops
   bbls: 83819571 # Basic blocks
   approxInstrs: 6871056 # Instrs with approx uop decoding
   mispredBranches: 1800314 # Mispredicted branches
   condBranches: 64862187 # conditional branches
  westmere-3: # Core stats
   cycles: 401710010 # Simulated unhalted cycles
   cCycles: 30443 # Cycles due to contention stalls
   instrs: 625000229 # Simulated instructions
   uops: 750414338 # Retired micro-ops
   bbls: 83819676 # Basic blocks
   approxInstrs: 6871083 # Instrs with approx uop decoding
   mispredBranches: 1800323 # Mispredicted branches
   condBranches: 64862251 # conditional branches
  westmere-4: # Core stats
   cycles: 401710002 # Simulated unhalted cycles
   cCycles: 29587 # Cycles due to contention stalls
   instrs: 625001803 # Simulated instructions
   uops: 750416334 # Retired micro-ops
   bbls: 83819879 # Basic blocks
   approxInstrs: 6871139 # Instrs with approx uop decoding
   mispredBranches: 1800338 # Mispredicted branches
   condBranches: 64862360 # conditional branches
  westmere-5: # Core stats
   cycles: 401710012 # Simulated unhalted cycles
   cCycles: 28779 # Cycles due to contention stalls
   instrs: 625000623 # Simulated instructions
   uops: 750414856 # Retired micro-ops
   bbls: 83819721 # Basic blocks
   approxInstrs: 6871095 # Instrs with approx uop decoding
   mispredBranches: 1800326 # Mispredicted branches
   condBranches: 64862275 # conditional branches
  westmere-6: # Core stats
   cycles: 401710003 # Simulated unhalted cycles
   cCycles: 26573 # Cycles due to contention stalls
   instrs: 625003781 # Simulated instructions
   uops: 750418785 # Retired micro-ops
   bbls: 83820148 # Basic blocks
   approxInstrs: 6871211 # Instrs with approx uop decoding
   mispredBranches: 1800353 # Mispredicted branches
   condBranches: 64862513 # conditional branches
  westmere-7: # Core stats
   cycles: 401710002 # Simulated unhalted cycles
   cCycles: 30267 # Cycles due to contention stalls
   instrs: 624999413 # Simulated instructions
   uops: 750413350 # Retired micro-ops
   bbls: 83819567 # Basic blocks
   approxInstrs: 6871055 # Instrs with approx uop decoding
   mispredBranches: 1800314 # Mispredicted branches
   condBranches: 64862184 # conditional branches
 l1i: # Cache stats
  l1i-0: # Filter cache stats
   fhGETS: 112019291 # Filtered GETS hits
   fhGETX: 0 # Filtered GETX hits
   hGETS: 1226583 # GETS hits
   hGETX: 0 # GETX hits
   mGETS: 45529 # GETS misses
   mGETXIM: 0 # GETX I->M misses
   mGETXSM: 0 # GETX S->M misses (upgrade misses)
   PUTS: 0 # Clean evictions (from lower level)
   PUTX: 0 # Dirty evictions (from lower level)
   INV: 0 # Invalidates (from upper level)
   INVX: 0 # Downgrades (from upper level)
   FWD: 0 # Forwards (from upper level)
   latGETnl: 481192 # GET request latency on next level
   latGETnet: 0 # GET request latency on network to next level
  l1i-1: # Filter cache stats
   fhGETS: 112020374 # Filtered GETS hits
   fhGETX: 0 # Filtered GETX hits
   hGETS: 1226460 # GETS hits
   hGETX: 0 # GETX hits
   mGETS: 45448 # GETS misses
   mGETXIM: 0 # GETX I->M misses
   mGETXSM: 0 # GETX S->M misses (upgrade misses)
   PUTS: 0 # Clean evictions (from lower level)
   PUTX: 0 # Dirty evictions (from lower level)
   INV: 0 # Invalidates (from upper level)
   INVX: 0 # Downgrades (from upper level)
   FWD: 0 # Forwards (from upper level)
   latGETnl: 484372 # GET request latency on next level
   latGETnet: 0 # GET request latency on network to next level
  l1i-2: # Filter cache stats
   fhGETS: 112020186 # Filtered GETS hits
   fhGETX: 0 # Filtered GETX hits
   hGETS: 1226458 # GETS hits
   hGETX: 0 # GETX hits
   mGETS: 45450 # GETS misses
   mGETXIM: 0 # GETX I->M misses
   mGETXSM: 0 # GETX S->M misses (upgrade misses)
   PUTS: 0 # Clean evictions (from lower level)
   PUTX: 0 # Dirty evictions (from lower level)
   INV: 0 # Invalidates (from upper level)
   INVX: 0 # Downgrades (from upper level)
   FWD: 0 # Forwards (from upper level)
   latGETnl: 474918 # GET request latency on next level
   latGETnet: 0 # GET request latency on network to next level
  l1i-3: # Filter cache stats
   fhGETS: 112020402 # Filtered GETS hits
   fhGETX: 0 # Filtered GETX hits
   hGETS: 1226465 # GETS hits
   hGETX: 0 # GETX hits
   mGETS: 45445 # GETS misses
   mGETXIM: 0 # GETX I->M misses
   mGETXSM: 0 # GETX S->M misses (upgrade misses)
   PUTS: 0 # Clean evictions (from lower level)
   PUTX: 0 # Dirty evictions (from lower level)
   INV: 0 # Invalidates (from upper level)
   INVX: 0 # Downgrades (from upper level)
   FWD: 0 # Forwards (from upper level)
   latGETnl: 474868 # GET request latency on next level
   latGETnet: 0 # GET request latency on network to next level
  l1i-4: # Filter cache stats
   fhGETS: 112020711 # Filtered GETS hits
   fhGETX: 0 # Filtered GETX hits
   hGETS: 1226463 # GETS hits
   hGETX: 0 # GETX hits
   mGETS: 45452 # GETS misses
   mGETXIM: 0 # GETX I->M misses
   mGETXSM: 0 # GETX S->M misses (upgrade misses)
   PUTS: 0 # Clean evictions (from lower level)
   PUTX: 0 # Dirty evictions (from lower level)
   INV: 0 # Invalidates (from upper level)
   INVX: 0 # Downgrades (from upper level)
   FWD: 0 # Forwards (from upper level)
   latGETnl: 477686 # GET request latency on next level
   latGETnet: 0 # GET request latency on network to next level
  l1i-5: # Filter cache stats
   fhGETS: 112020514 # Filtered GETS hits
   fhGETX: 0 # Filtered GETX hits
   hGETS: 1226462 # GETS hits
   hGETX: 0 # GETX hits
   mGETS: 45450 # GETS misses
   mGETXIM: 0 # GETX I->M misses
   mGETXSM: 0 # GETX S->M misses (upgrade misses)
   PUTS: 0 # Clean evictions (from lower level)
   PUTX: 0 # Dirty evictions (from lower level)
   INV: 0 # Invalidates (from upper level)
   INVX: 0 # Downgrades (from upper level)
   FWD: 0 # Forwards (from upper level)
   latGETnl: 473028 # GET request latency on next level
   latGETnet: 0 # GET request latency on network to next level
  l1i-6: # Filter cache stats
   fhGETS: 112021154 # Filtered GETS hits
   fhGETX: 0 # Filtered GETX hits
   hGETS: 1226464 # GETS hits
   hGETX: 0 # GETX hits
   mGETS: 45444 # GETS misses
   mGETXIM: 0 # GETX I->M misses
   mGETXSM: 0 # GETX S->M misses (upgrade misses)
   PUTS: 0 # Clean evictions (from lower level)
   PUTX: 0 # Dirty evictions (from lower level)
   INV: 0 # Invalidates (from upper level)
   INVX: 0 # Downgrades (from upper level)
   FWD: 0 # Forwards (from upper level)
   latGETnl: 474924 # GET request latency on next level
   latGETnet: 0 # GET request latency on network to next level
  l1i-7: # Filter cache stats
   fhGETS: 112020204 # Filtered GETS hits
   fhGETX: 0 # Filtered GETX hits
   hGETS: 1226463 # GETS hits
   hGETX: 0 # GETX hits
   mGETS: 45447 # GETS misses
   mGETXIM: 0 # GETX I->M misses
   mGETXSM: 0 # GETX S->M misses (upgrade misses)
   PUTS: 0 # Clean evictions (from lower level)
   PUTX: 0 # Dirty evictions (from lower level)
   INV: 0 # Invalidates (from upper level)
   INVX: 0 # Downgrades (from upper level)
   FWD: 0 # Forwards (from upper level)
   latGETnl: 475296 # GET request latency on next level
   latGETnet: 0 # GET request latency on network to next level
 l1d: # Cache stats
  l1d-0: # Filter cache stats
   fhGETS: 161147844 # Filtered GETS hits
   fhGETX: 38009927 # Filtered GETX hits
   hGETS: 10917356 # GETS hits
   hGETX: 11694450 # GETX hits
   mGETS: 1337702 # GETS misses
   mGETXIM: 1100360 # GETX I->M misses
   mGETXSM: 15 # GETX S->M misses (upgrade misses)
   PUTS: 0 # Clean evictions (from lower level)
   PUTX: 0 # Dirty evictions (from lower level)
   INV: 43 # Invalidates (from upper level)
   INVX: 37 # Downgrades (from upper level)
   FWD: 0 # Forwards (from upper level)
   latGETnl: 24551384 # GET request latency on next level
   latGETnet: 0 # GET request latency on network to next level
  l1d-1: # Filter cache stats
   fhGETS: 157363089 # Filtered GETS hits
   fhGETX: 37716104 # Filtered GETX hits
   hGETS: 14703912 # GETS hits
   hGETX: 11989288 # GETX hits
   mGETS: 1337983 # GETS misses
   mGETXIM: 1098616 # GETX I->M misses
   mGETXSM: 3 # GETX S->M misses (upgrade misses)
   PUTS: 0 # Clean evictions (from lower level)
   PUTX: 0 # Dirty evictions (from lower level)
   INV: 10 # Invalidates (from upper level)
   INVX: 119 # Downgrades (from upper level)
   FWD: 0 # Forwards (from upper level)
   latGETnl: 24529675 # GET request latency on next level
   latGETnet: 0 # GET request latency on network to next level
  l1d-2: # Filter cache stats
   fhGETS: 160965389 # Filtered GETS hits
   fhGETX: 38008018 # Filtered GETX hits
   hGETS: 11101991 # GETS hits
   hGETX: 11691868 # GETX hits
   mGETS: 1337302 # GETS misses
   mGETXIM: 1104069 # GETX I->M misses
   mGETXSM: 6 # GETX S->M misses (upgrade misses)
   PUTS: 0 # Clean evictions (from lower level)
   PUTX: 0 # Dirty evictions (from lower level)
   INV: 8 # Invalidates (from upper level)
   INVX: 41 # Downgrades (from upper level)
   FWD: 0 # Forwards (from upper level)
   latGETnl: 24569954 # GET request latency on next level
   latGETnet: 0 # GET request latency on network to next level
  l1d-3: # Filter cache stats
   fhGETS: 160980468 # Filtered GETS hits
   fhGETX: 38008516 # Filtered GETX hits
   hGETS: 11088669 # GETS hits
   hGETX: 11690837 # GETX hits
   mGETS: 1335759 # GETS misses
   mGETXIM: 1104640 # GETX I->M misses
   mGETXSM: 6 # GETX S->M misses (upgrade misses)
   PUTS: 0 # Clean evictions (from lower level)
   PUTX: 0 # Dirty evictions (from lower level)
   INV: 10 # Invalidates (from upper level)
   INVX: 42 # Downgrades (from upper level)
   FWD: 0 # Forwards (from upper level)
   latGETnl: 24560075 # GET request latency on next level
   latGETnet: 0 # GET request latency on network to next level
  l1d-4: # Filter cache stats
   fhGETS: 160886749 # Filtered GETS hits
   fhGETX: 38019385 # Filtered GETX hits
   hGETS: 11182594 # GETS hits
   hGETX: 11672348 # GETX hits
   mGETS: 1336080 # GETS misses
   mGETXIM: 1112353 # GETX I->M misses
   mGETXSM: 6 # GETX S->M misses (upgrade misses)
   PUTS: 0 # Clean evictions (from lower level)
   PUTX: 0 # Dirty evictions (from lower level)
   INV: 8 # Invalidates (from upper level)
   INVX: 34 # Downgrades (from upper level)
   FWD: 0 # Forwards (from upper level)
   latGETnl: 24639569 # GET request latency on next level
   latGETnet: 0 # GET request latency on network to next level
  l1d-5: # Filter cache stats
   fhGETS: 158856282 # Filtered GETS hits
   fhGETX: 38011887 # Filtered GETX hits
   hGETS: 13210579 # GETS hits
   hGETX: 11684627 # GETX hits
   mGETS: 1338186 # GETS misses
   mGETXIM: 1107507 # GETX I->M misses
   mGETXSM: 5 # GETX S->M misses (upgrade misses)
   PUTS: 0 # Clean evictions (from lower level)
   PUTX: 0 # Dirty evictions (from lower level)
   INV: 8 # Invalidates (from upper level)
   INVX: 72 # Downgrades (from upper level)
   FWD: 0 # Forwards (from upper level)
   latGETnl: 24616051 # GET request latency on next level
   latGETnet: 0 # GET request latency on network to next level
  l1d-6: # Filter cache stats
   fhGETS: 156617219 # Filtered GETS hits
   fhGETX: 37728218 # Filtered GETX hits
   hGETS: 15449513 # GETS hits
   hGETX: 11975950 # GETX hits
   mGETS: 1339307 # GETS misses
   mGETXIM: 1100025 # GETX I->M misses
   mGETXSM: 6 # GETX S->M misses (upgrade misses)
   PUTS: 0 # Clean evictions (from lower level)
   PUTX: 0 # Dirty evictions (from lower level)
   INV: 7 # Invalidates (from upper level)
   INVX: 66 # Downgrades (from upper level)
   FWD: 0 # Forwards (from upper level)
   latGETnl: 24551867 # GET request latency on next level
   latGETnet: 0 # GET request latency on network to next level
  l1d-7: # Filter cache stats
   fhGETS: 160972113 # Filtered GETS hits
   fhGETX: 38006371 # Filtered GETX hits
   hGETS: 11096692 # GETS hits
   hGETX: 11692404 # GETX hits
   mGETS: 1335858 # GETS misses
   mGETXIM: 1105177 # GETX I->M misses
   mGETXSM: 6 # GETX S->M misses (upgrade misses)
   PUTS: 0 # Clean evictions (from lower level)
   PUTX: 0 # Dirty evictions (from lower level)
   INV: 6 # Invalidates (from upper level)
   INVX: 43 # Downgrades (from upper level)
   FWD: 0 # Forwards (from upper level)
   latGETnl: 24566455 # GET request latency on next level
   latGETnet: 0 # GET request latency on network to next level
 l2: # Cache stats
  l2-0: # Cache stats
   hGETS: 1381971 # GETS hits
   hGETX: 1099140 # GETX hits
   mGETS: 1260 # GETS misses
   mGETXIM: 1220 # GETX I->M misses
   mGETXSM: 15 # GETX S->M misses (upgrade misses)
   PUTS: 1193041 # Clean evictions (from lower level)
   PUTX: 1289502 # Dirty evictions (from lower level)
   INV: 43 # Invalidates (from upper level)
   INVX: 38 # Downgrades (from upper level)
   FWD: 0 # Forwards (from upper level)
   latGETnl: 196516 # GET request latency on next level
   latGETnet: 0 # GET request latency on network to next level
  l2-1: # Cache stats
   hGETS: 1382267 # GETS hits
   hGETX: 1097521 # GETX hits
   mGETS: 1164 # GETS misses
   mGETXIM: 1095 # GETX I->M misses
   mGETXSM: 3 # GETX S->M misses (upgrade misses)
   PUTS: 1192758 # Clean evictions (from lower level)
   PUTX: 1288285 # Dirty evictions (from lower level)
   INV: 10 # Invalidates (from upper level)
   INVX: 119 # Downgrades (from upper level)
   FWD: 0 # Forwards (from upper level)
   latGETnl: 193547 # GET request latency on next level
   latGETnet: 0 # GET request latency on network to next level
  l2-2: # Cache stats
   hGETS: 1381590 # GETS hits
   hGETX: 1102974 # GETX hits
   mGETS: 1162 # GETS misses
   mGETXIM: 1095 # GETX I->M misses
   mGETXSM: 6 # GETX S->M misses (upgrade misses)
   PUTS: 1191085 # Clean evictions (from lower level)
   PUTX: 1294735 # Dirty evictions (from lower level)
   INV: 8 # Invalidates (from upper level)
   INVX: 41 # Downgrades (from upper level)
   FWD: 0 # Forwards (from upper level)
   latGETnl: 176602 # GET request latency on next level
   latGETnet: 0 # GET request latency on network to next level
  l2-3: # Cache stats
   hGETS: 1380040 # GETS hits
   hGETX: 1103545 # GETX hits
   mGETS: 1164 # GETS misses
   mGETXIM: 1095 # GETX I->M misses
   mGETXSM: 6 # GETX S->M misses (upgrade misses)
   PUTS: 1189998 # Clean evictions (from lower level)
   PUTX: 1294845 # Dirty evictions (from lower level)
   INV: 10 # Invalidates (from upper level)
   INVX: 42 # Downgrades (from upper level)
   FWD: 0 # Forwards (from upper level)
   latGETnl: 176443 # GET request latency on next level
   latGETnet: 0 # GET request latency on network to next level
  l2-4: # Cache stats
   hGETS: 1380368 # GETS hits
   hGETX: 1111258 # GETX hits
   mGETS: 1164 # GETS misses
   mGETXIM: 1095 # GETX I->M misses
   mGETXSM: 6 # GETX S->M misses (upgrade misses)
   PUTS: 1190067 # Clean evictions (from lower level)
   PUTX: 1302817 # Dirty evictions (from lower level)
   INV: 8 # Invalidates (from upper level)
   INVX: 34 # Downgrades (from upper level)
   FWD: 0 # Forwards (from upper level)
   latGETnl: 178345 # GET request latency on next level
   latGETnet: 0 # GET request latency on network to next level
  l2-5: # Cache stats
   hGETS: 1382475 # GETS hits
   hGETX: 1106411 # GETX hits
   mGETS: 1161 # GETS misses
   mGETXIM: 1096 # GETX I->M misses
   mGETXSM: 5 # GETX S->M misses (upgrade misses)
   PUTS: 1191917 # Clean evictions (from lower level)
   PUTX: 1298227 # Dirty evictions (from lower level)
   INV: 8 # Invalidates (from upper level)
   INVX: 72 # Downgrades (from upper level)
   FWD: 0 # Forwards (from upper level)
   latGETnl: 177599 # GET request latency on next level
   latGETnet: 0 # GET request latency on network to next level
  l2-6: # Cache stats
   hGETS: 1383591 # GETS hits
   hGETX: 1098930 # GETX hits
   mGETS: 1160 # GETS misses
   mGETXIM: 1095 # GETX I->M misses
   mGETXSM: 6 # GETX S->M misses (upgrade misses)
   PUTS: 1191397 # Clean evictions (from lower level)
   PUTX: 1292381 # Dirty evictions (from lower level)
   INV: 7 # Invalidates (from upper level)
   INVX: 66 # Downgrades (from upper level)
   FWD: 0 # Forwards (from upper level)
   latGETnl: 178971 # GET request latency on next level
   latGETnet: 0 # GET request latency on network to next level
  l2-7: # Cache stats
   hGETS: 1380142 # GETS hits
   hGETX: 1104082 # GETX hits
   mGETS: 1163 # GETS misses
   mGETXIM: 1095 # GETX I->M misses
   mGETXSM: 6 # GETX S->M misses (upgrade misses)
   PUTS: 1190338 # Clean evictions (from lower level)
   PUTX: 1295145 # Dirty evictions (from lower level)
   INV: 6 # Invalidates (from upper level)
   INVX: 43 # Downgrades (from upper level)
   FWD: 0 # Forwards (from upper level)
   latGETnl: 176871 # GET request latency on next level
   latGETnet: 0 # GET request latency on network to next level
 l3: # Cache stats
  l3-0b0: # Cache stats
   hGETS: 875 # GETS hits
   hGETX: 11 # GETX hits
   mGETS: 296 # GETS misses
   mGETXIM: 1100 # GETX I->M misses
   mGETXSM: 0 # GETX S->M misses (upgrade misses)
   PUTS: 0 # Clean evictions (from lower level)
   PUTX: 0 # Dirty evictions (from lower level)
   INV: 0 # Invalidates (from upper level)
   INVX: 0 # Downgrades (from upper level)
   FWD: 0 # Forwards (from upper level)
   latGETnl: 125640 # GET request latency on next level
   latGETnet: 0 # GET request latency on network to next level
  l3-0b1: # Cache stats
   hGETS: 902 # GETS hits
   hGETX: 13 # GETX hits
   mGETS: 306 # GETS misses
   mGETXIM: 1090 # GETX I->M misses
   mGETXSM: 0 # GETX S->M misses (upgrade misses)
   PUTS: 1 # Clean evictions (from lower level)
   PUTX: 1 # Dirty evictions (from lower level)
   INV: 0 # Invalidates (from upper level)
   INVX: 0 # Downgrades (from upper level)
   FWD: 0 # Forwards (from upper level)
   latGETnl: 125640 # GET request latency on next level
   latGETnet: 0 # GET request latency on network to next level
  l3-0b2: # Cache stats
   hGETS: 902 # GETS hits
   hGETX: 5 # GETX hits
   mGETS: 280 # GETS misses
   mGETXIM: 1120 # GETX I->M misses
   mGETXSM: 0 # GETX S->M misses (upgrade misses)
   PUTS: 1 # Clean evictions (from lower level)
   PUTX: 0 # Dirty evictions (from lower level)
   INV: 0 # Invalidates (from upper level)
   INVX: 0 # Downgrades (from upper level)
   FWD: 0 # Forwards (from upper level)
   latGETnl: 126000 # GET request latency on next level
   latGETnet: 0 # GET request latency on network to next level
  l3-0b3: # Cache stats
   hGETS: 861 # GETS hits
   hGETX: 6 # GETX hits
   mGETS: 301 # GETS misses
   mGETXIM: 1103 # GETX I->M misses
   mGETXSM: 0 # GETX S->M misses (upgrade misses)
   PUTS: 0 # Clean evictions (from lower level)
   PUTX: 0 # Dirty evictions (from lower level)
   INV: 0 # Invalidates (from upper level)
   INVX: 0 # Downgrades (from upper level)
   FWD: 0 # Forwards (from upper level)
   latGETnl: 126360 # GET request latency on next level
   latGETnet: 0 # GET request latency on network to next level
  l3-0b4: # Cache stats
   hGETS: 842 # GETS hits
   hGETX: 4 # GETX hits
   mGETS: 278 # GETS misses
   mGETXIM: 1120 # GETX I->M misses
   mGETXSM: 0 # GETX S->M misses (upgrade misses)
   PUTS: 0 # Clean evictions (from lower level)
   PUTX: 0 # Dirty evictions (from lower level)
   INV: 0 # Invalidates (from upper level)
   INVX: 0 # Downgrades (from upper level)
   FWD: 0 # Forwards (from upper level)
   latGETnl: 125820 # GET request latency on next level
   latGETnet: 0 # GET request latency on network to next level
  l3-0b5: # Cache stats
   hGETS: 902 # GETS hits
   hGETX: 20 # GETX hits
   mGETS: 302 # GETS misses
   mGETXIM: 1104 # GETX I->M misses
   mGETXSM: 0 # GETX S->M misses (upgrade misses)
   PUTS: 0 # Clean evictions (from lower level)
   PUTX: 0 # Dirty evictions (from lower level)
   INV: 0 # Invalidates (from upper level)
   INVX: 0 # Downgrades (from upper level)
   FWD: 0 # Forwards (from upper level)
   latGETnl: 126540 # GET request latency on next level
   latGETnet: 0 # GET request latency on network to next level
  l3-0b6: # Cache stats
   hGETS: 873 # GETS hits
   hGETX: 11 # GETX hits
   mGETS: 293 # GETS misses
   mGETXIM: 1100 # GETX I->M misses
   mGETXSM: 0 # GETX S->M misses (upgrade misses)
   PUTS: 1 # Clean evictions (from lower level)
   PUTX: 0 # Dirty evictions (from lower level)
   INV: 0 # Invalidates (from upper level)
   INVX: 0 # Downgrades (from upper level)
   FWD: 0 # Forwards (from upper level)
   latGETnl: 125370 # GET request latency on next level
   latGETnet: 0 # GET request latency on network to next level
  l3-0b7: # Cache stats
   hGETS: 888 # GETS hits
   hGETX: 12 # GETX hits
   mGETS: 297 # GETS misses
   mGETXIM: 1120 # GETX I->M misses
   mGETXSM: 0 # GETX S->M misses (upgrade misses)
   PUTS: 1 # Clean evictions (from lower level)
   PUTX: 0 # Dirty evictions (from lower level)
   INV: 0 # Invalidates (from upper level)
   INVX: 0 # Downgrades (from upper level)
   FWD: 0 # Forwards (from upper level)
   latGETnl: 127530 # GET request latency on next level
   latGETnet: 0 # GET request latency on network to next level
 mem: # Memory controller stats
  mem-0: # Memory controller stats
   rd: 2845 # Read requests
   wr: 0 # Write requests
   rdlat: 596660 # Total latency experienced by read requests
   wrlat: 0 # Total latency experienced by write requests
   rdhits: 287 # Read row hits
   wrhits: 0 # Write row hits
   mlh: # latency histogram for memory requests
    0: 0
    1: 0
    2: 0
    3: 0
    4: 0
    5: 0
    6: 0
    7: 0
    8: 0
    9: 0
    10: 0
    11: 13
    12: 23
    13: 1743
    14: 217
    15: 84
    16: 79
    17: 33
    18: 31
    19: 31
    20: 31
    21: 35
    22: 22
    23: 19
    24: 23
    25: 12
    26: 11
    27: 17
    28: 13
    29: 11
    30: 8
    31: 11
    32: 9
    33: 5
    34: 5
    35: 7
    36: 7
    37: 4
    38: 6
    39: 7
    40: 5
    41: 6
    42: 4
    43: 1
    44: 6
    45: 8
    46: 6
    47: 8
    48: 3
    49: 9
    50: 13
    51: 8
    52: 4
    53: 2
    54: 6
    55: 5
    56: 5
    57: 6
    58: 8
    59: 8
    60: 6
    61: 4
    62: 2
    63: 6
    64: 12
    65: 5
    66: 7
    67: 5
    68: 3
    69: 3
    70: 8
    71: 11
    72: 14
    73: 7
    74: 9
    75: 8
    76: 7
    77: 9
    78: 14
    79: 6
    80: 10
    81: 3
    82: 6
    83: 2
    84: 3
    85: 6
    86: 5
    87: 6
    88: 3
    89: 1
    90: 3
    91: 2
    92: 3
    93: 2
    94: 1
    95: 1
    96: 0
    97: 0
    98: 0
    99: 4
  mem-1: # Memory controller stats
   rd: 2787 # Read requests
   wr: 0 # Write requests
   rdlat: 574363 # Total latency experienced by read requests
   wrlat: 0 # Total latency experienced by write requests
   rdhits: 283 # Read row hits
   wrhits: 0 # Write row hits
   mlh: # latency histogram for memory requests
    0: 0
    1: 0
    2: 0
    3: 0
    4: 0
    5: 0
    6: 0
    7: 0
    8: 0
    9: 0
    10: 0
    11: 7
    12: 22
    13: 1701
    14: 215
    15: 65
    16: 69
    17: 37
    18: 35
    19: 33
    20: 38
    21: 38
    22: 32
    23: 20
    24: 23
    25: 32
    26: 15
    27: 8
    28: 17
    29: 20
    30: 13
    31: 10
    32: 9
    33: 10
    34: 14
    35: 3
    36: 3
    37: 7
    38: 10
    39: 5
    40: 6
    41: 6
    42: 7
    43: 9
    44: 1
    45: 1
    46: 3
    47: 6
    48: 8
    49: 4
    50: 8
    51: 3
    52: 7
    53: 4
    54: 11
    55: 6
    56: 6
    57: 3
    58: 5
    59: 5
    60: 3
    61: 5
    62: 9
    63: 4
    64: 3
    65: 5
    66: 5
    67: 1
    68: 3
    69: 5
    70: 4
    71: 7
    72: 6
    73: 3
    74: 2
    75: 7
    76: 4
    77: 6
    78: 5
    79: 5
    80: 2
    81: 4
    82: 2
    83: 5
    84: 4
    85: 5
    86: 4
    87: 4
    88: 2
    89: 6
    90: 2
    91: 2
    92: 5
    93: 3
    94: 3
    95: 2
    96: 5
    97: 2
    98: 3
    99: 10
  mem-2: # Memory controller stats
   rd: 2794 # Read requests
   wr: 0 # Write requests
   rdlat: 580351 # Total latency experienced by read requests
   wrlat: 0 # Total latency experienced by write requests
   rdhits: 296 # Read row hits
   wrhits: 0 # Write row hits
   mlh: # latency histogram for memory requests
    0: 0
    1: 0
    2: 0
    3: 0
    4: 0
    5: 0
    6: 0
    7: 0
    8: 0
    9: 0
    10: 0
    11: 9
    12: 26
    13: 1684
    14: 222
    15: 87
    16: 82
    17: 41
    18: 45
    19: 28
    20: 26
    21: 26
    22: 16
    23: 6
    24: 18
    25: 19
    26: 18
    27: 15
    28: 11
    29: 11
    30: 11
    31: 7
    32: 10
    33: 7
    34: 9
    35: 11
    36: 8
    37: 4
    38: 8
    39: 10
    40: 10
    41: 5
    42: 8
    43: 6
    44: 2
    45: 7
    46: 7
    47: 2
    48: 5
    49: 10
    50: 8
    51: 6
    52: 5
    53: 4
    54: 6
    55: 5
    56: 10
    57: 10
    58: 8
    59: 6
    60: 6
    61: 7
    62: 4
    63: 6
    64: 6
    65: 7
    66: 7
    67: 14
    68: 6
    69: 7
    70: 11
    71: 9
    72: 8
    73: 6
    74: 6
    75: 8
    76: 8
    77: 7
    78: 3
    79: 6
    80: 5
    81: 6
    82: 2
    83: 1
    84: 7
    85: 5
    86: 8
    87: 5
    88: 2
    89: 4
    90: 1
    91: 0
    92: 0
    93: 0
    94: 0
    95: 0
    96: 0
    97: 0
    98: 0
    99: 1
  mem-3: # Memory controller stats
   rd: 2784 # Read requests
   wr: 0 # Write requests
   rdlat: 553380 # Total latency experienced by read requests
   wrlat: 0 # Total latency experienced by write requests
   rdhits: 280 # Read row hits
   wrhits: 0 # Write row hits
   mlh: # latency histogram for memory requests
    0: 0
    1: 0
    2: 0
    3: 0
    4: 0
    5: 0
    6: 0
    7: 0
    8: 0
    9: 0
    10: 0
    11: 8
    12: 24
    13: 1689
    14: 208
    15: 89
    16: 63
    17: 38
    18: 44
    19: 38
    20: 42
    21: 42
    22: 27
    23: 22
    24: 37
    25: 25
    26: 14
    27: 18
    28: 21
    29: 15
    30: 13
    31: 7
    32: 4
    33: 6
    34: 7
    35: 4
    36: 5
    37: 9
    38: 11
    39: 8
    40: 4
    41: 2
    42: 3
    43: 9
    44: 11
    45: 7
    46: 8
    47: 10
    48: 6
    49: 4
    50: 4
    51: 11
    52: 6
    53: 0
    54: 3
    55: 3
    56: 2
    57: 1
    58: 4
    59: 3
    60: 7
    61: 4
    62: 7
    63: 3
    64: 1
    65: 7
    66: 5
    67: 3
    68: 6
    69: 2
    70: 5
    71: 2
    72: 5
    73: 3
    74: 3
    75: 7
    76: 4
    77: 6
    78: 2
    79: 0
    80: 3
    81: 6
    82: 3
    83: 3
    84: 3
    85: 2
    86: 5
    87: 5
    88: 8
    89: 3
    90: 3
    91: 3
    92: 2
    93: 4
    94: 3
    95: 0
    96: 0
    97: 1
    98: 0
    99: 6
 sched: # Scheduler stats
  thCr: 9 # Threads created
  thFn: 0 # Threads finished
  schedEvs: 9 # Schedule events
  waitEvs: 1 # Wait events
  handoffEvs: 0 # Handoff events
  sleepEvs: 0 # Sleep events
  idlePhases: 0 # Phases with no thread active
  idlePeriods: 0 # Periods with no thread active
  occHist: # Occupancy histogram
   0: 0
   1: 0
   2: 1
   3: 0
   4: 0
   5: 0
   6: 0
   7: 0
   8: 40171
  rqSzHist: # Run queue size histogram
   0: 40171
   1: 1
   2: 0
   3: 0
   4: 0
   5: 0
   6: 0
   7: 0
   8: 0
   9: 0
   10: 0
   11: 0
   12: 0
   13: 0
   14: 0
   15: 0
   16: 0
 procCycles: # Per-process unhalted core cycles
  0: 3213700071
  1: 0
  2: 0
  3: 0
  4: 0
  5: 0
  6: 0
  7: 0
  8: 0
  9: 0
  10: 0
  11: 0
  12: 0
  13: 0
  14: 0
  15: 0
  16: 0
  17: 0
  18: 0
  19: 0
  20: 0
  21: 0
  22: 0
  23: 0
  24: 0
  25: 0
  26: 0
  27: 0
  28: 0
  29: 0
  30: 0
  31: 0
  32: 0
  33: 0
  34: 0
  35: 0
  36: 0
  37: 0
  38: 0
  39: 0
  40: 0
  41: 0
  42: 0
  43: 0
  44: 0
  45: 0
  46: 0
  47: 0
  48: 0
  49: 0
  50: 0
  51: 0
  52: 0
  53: 0
  54: 0
  55: 0
  56: 0
  57: 0
  58: 0
  59: 0
  60: 0
  61: 0
  62: 0
  63: 0
 procInstrs: # Per-process instructions
  0: 5000001775
  1: 0
  2: 0
  3: 0
  4: 0
  5: 0
  6: 0
  7: 0
  8: 0
  9: 0
  10: 0
  11: 0
  12: 0
  13: 0
  14: 0
  15: 0
  16: 0
  17: 0
  18: 0
  19: 0
  20: 0
  21: 0
  22: 0
  23: 0
  24: 0
  25: 0
  26: 0
  27: 0
  28: 0
  29: 0
  30: 0
  31: 0
  32: 0
  33: 0
  34: 0
  35: 0
  36: 0
  37: 0
  38: 0
  39: 0
  40: 0
  41: 0
  42: 0
  43: 0
  44: 0
  45: 0
  46: 0
  47: 0
  48: 0
  49: 0
  50: 0
  51: 0
  52: 0
  53: 0
  54: 0
  55: 0
  56: 0
  57: 0
  58: 0
  59: 0
  60: 0
  61: 0
  62: 0
  63: 0
 heartbeats: # Per-process heartbeats
  0: 0
  1: 0
  2: 0
  3: 0
  4: 0
  5: 0
  6: 0
  7: 0
  8: 0
  9: 0
  10: 0
  11: 0
  12: 0
  13: 0
  14: 0
  15: 0
  16: 0
  17: 0
  18: 0
  19: 0
  20: 0
  21: 0
  22: 0
  23: 0
  24: 0
  25: 0
  26: 0
  27: 0
  28: 0
  29: 0
  30: 0
  31: 0
  32: 0
  33: 0
  34: 0
  35: 0
  36: 0
  37: 0
  38: 0
  39: 0
  40: 0
  41: 0
  42: 0
  43: 0
  44: 0
  45: 0
  46: 0
  47: 0
  48: 0
  49: 0
  50: 0
  51: 0
  52: 0
  53: 0
  54: 0
  55: 0
  56: 0
  57: 0
  58: 0
  59: 0
  60: 0
  61: 0
  62: 0
  63: 0
===
