# zsim stats
===
root: # Stats
 contention: # Contention simulation stats
  domain-0: # Domain stats
   time: 1065181197 # Weave simulation time
 time: # Simulator time breakdown
  init: 3377120068412
  bound: 5059264288
  weave: 1229988456
  ff: 0
 trigger: 20000 # Reason for this stats dump
 phase: 15855 # Simulated phases
 westmere: # Core stats
  westmere-0: # Core stats
   cycles: 158552278 # Simulated unhalted cycles
   cCycles: 36952448 # Cycles due to contention stalls
   instrs: 100002422 # Simulated instructions
   uops: 109167552 # Retired micro-ops
   bbls: 17939315 # Basic blocks
   approxInstrs: 0 # Instrs with approx uop decoding
   mispredBranches: 70578 # Mispredicted branches
   condBranches: 17939274 # conditional branches
 l1i: # Cache stats
  l1i-0: # Filter cache stats
   fhGETS: 18292107 # Filtered GETS hits
   fhGETX: 0 # Filtered GETX hits
   hGETS: 0 # GETS hits
   hGETX: 0 # GETX hits
   mGETS: 39 # GETS misses
   mGETXIM: 0 # GETX I->M misses
   mGETXSM: 0 # GETX S->M misses (upgrade misses)
   PUTS: 0 # Clean evictions (from lower level)
   PUTX: 0 # Dirty evictions (from lower level)
   INV: 0 # Invalidates (from upper level)
   INVX: 0 # Downgrades (from upper level)
   FWD: 0 # Forwards (from upper level)
   latGETnl: 4836 # GET request latency on next level
   latGETnet: 0 # GET request latency on network to next level
 l1d: # Cache stats
  l1d-0: # Filter cache stats
   fhGETS: 27002222 # Filtered GETS hits
   fhGETX: 1817287 # Filtered GETX hits
   hGETS: 547876 # GETS hits
   hGETX: 1056358 # GETX hits
   mGETS: 2504568 # GETS misses
   mGETXIM: 15 # GETX I->M misses
   mGETXSM: 0 # GETX S->M misses (upgrade misses)
   PUTS: 0 # Clean evictions (from lower level)
   PUTX: 0 # Dirty evictions (from lower level)
   INV: 0 # Invalidates (from upper level)
   INVX: 0 # Downgrades (from upper level)
   FWD: 0 # Forwards (from upper level)
   latGETnl: 310568292 # GET request latency on next level
   latGETnet: 0 # GET request latency on network to next level
 l2: # Cache stats
  l2-0: # Cache stats
   hGETS: 0 # GETS hits
   hGETX: 0 # GETX hits
   mGETS: 2504607 # GETS misses
   mGETXIM: 15 # GETX I->M misses
   mGETXSM: 0 # GETX S->M misses (upgrade misses)
   PUTS: 1501907 # Clean evictions (from lower level)
   PUTX: 1002164 # Dirty evictions (from lower level)
   INV: 0 # Invalidates (from upper level)
   INVX: 0 # Downgrades (from upper level)
   FWD: 0 # Forwards (from upper level)
   latGETnl: 285526908 # GET request latency on next level
   latGETnet: 0 # GET request latency on network to next level
 l3: # Cache stats
  l3-0: # Cache stats
   hGETS: 0 # GETS hits
   hGETX: 0 # GETX hits
   mGETS: 2504607 # GETS misses
   mGETXIM: 15 # GETX I->M misses
   mGETXSM: 0 # GETX S->M misses (upgrade misses)
   PUTS: 1499276 # Clean evictions (from lower level)
   PUTX: 1001250 # Dirty evictions (from lower level)
   INV: 0 # Invalidates (from upper level)
   INVX: 0 # Downgrades (from upper level)
   FWD: 0 # Forwards (from upper level)
   latGETnl: 225415980 # GET request latency on next level
   latGETnet: 0 # GET request latency on network to next level
 mem: # Memory controller stats
  mem-0: # Memory controller stats
   rd: 626143 # Read requests
   wr: 249074 # Write requests
   rdlat: 83166445 # Total latency experienced by read requests
   wrlat: 36690483 # Total latency experienced by write requests
   rdhits: 1 # Read row hits
   wrhits: 4 # Write row hits
   mlh: # latency histogram for memory requests
    0: 0
    1: 0
    2: 0
    3: 0
    4: 0
    5: 0
    6: 0
    7: 0
    8: 0
    9: 0
    10: 0
    11: 0
    12: 1
    13: 617829
    14: 1578
    15: 278
    16: 259
    17: 0
    18: 5
    19: 1
    20: 4
    21: 6
    22: 16
    23: 39
    24: 22
    25: 124
    26: 190
    27: 361
    28: 447
    29: 329
    30: 191
    31: 237
    32: 521
    33: 350
    34: 244
    35: 269
    36: 320
    37: 280
    38: 499
    39: 320
    40: 348
    41: 535
    42: 423
    43: 89
    44: 5
    45: 13
    46: 9
    47: 0
    48: 1
    49: 0
    50: 0
    51: 0
    52: 0
    53: 0
    54: 0
    55: 0
    56: 0
    57: 0
    58: 0
    59: 0
    60: 0
    61: 0
    62: 0
    63: 0
    64: 0
    65: 0
    66: 0
    67: 0
    68: 0
    69: 0
    70: 0
    71: 0
    72: 0
    73: 0
    74: 0
    75: 0
    76: 0
    77: 0
    78: 0
    79: 0
    80: 0
    81: 0
    82: 0
    83: 0
    84: 0
    85: 0
    86: 0
    87: 0
    88: 0
    89: 0
    90: 0
    91: 0
    92: 0
    93: 0
    94: 0
    95: 0
    96: 0
    97: 0
    98: 0
    99: 0
  mem-1: # Memory controller stats
   rd: 626145 # Read requests
   wr: 248255 # Write requests
   rdlat: 83189185 # Total latency experienced by read requests
   wrlat: 35756374 # Total latency experienced by write requests
   rdhits: 0 # Read row hits
   wrhits: 1 # Write row hits
   mlh: # latency histogram for memory requests
    0: 0
    1: 0
    2: 0
    3: 0
    4: 0
    5: 0
    6: 0
    7: 0
    8: 0
    9: 0
    10: 0
    11: 0
    12: 0
    13: 618153
    14: 624
    15: 554
    16: 485
    17: 0
    18: 0
    19: 2
    20: 3
    21: 13
    22: 15
    23: 24
    24: 14
    25: 111
    26: 177
    27: 371
    28: 440
    29: 314
    30: 208
    31: 251
    32: 489
    33: 445
    34: 311
    35: 309
    36: 363
    37: 323
    38: 477
    39: 314
    40: 407
    41: 485
    42: 384
    43: 67
    44: 3
    45: 3
    46: 3
    47: 2
    48: 1
    49: 0
    50: 0
    51: 0
    52: 0
    53: 0
    54: 0
    55: 0
    56: 0
    57: 0
    58: 0
    59: 0
    60: 0
    61: 0
    62: 0
    63: 0
    64: 0
    65: 0
    66: 0
    67: 0
    68: 0
    69: 0
    70: 0
    71: 0
    72: 0
    73: 0
    74: 0
    75: 0
    76: 0
    77: 0
    78: 0
    79: 0
    80: 0
    81: 0
    82: 0
    83: 0
    84: 0
    85: 0
    86: 0
    87: 0
    88: 0
    89: 0
    90: 0
    91: 0
    92: 0
    93: 0
    94: 0
    95: 0
    96: 0
    97: 0
    98: 0
    99: 0
  mem-2: # Memory controller stats
   rd: 626148 # Read requests
   wr: 248257 # Write requests
   rdlat: 83189640 # Total latency experienced by read requests
   wrlat: 36570424 # Total latency experienced by write requests
   rdhits: 0 # Read row hits
   wrhits: 3 # Write row hits
   mlh: # latency histogram for memory requests
    0: 0
    1: 0
    2: 0
    3: 0
    4: 0
    5: 0
    6: 0
    7: 0
    8: 0
    9: 0
    10: 0
    11: 0
    12: 0
    13: 617408
    14: 1486
    15: 586
    16: 407
    17: 0
    18: 0
    19: 4
    20: 5
    21: 4
    22: 5
    23: 18
    24: 26
    25: 128
    26: 210
    27: 412
    28: 489
    29: 359
    30: 178
    31: 233
    32: 537
    33: 327
    34: 293
    35: 281
    36: 348
    37: 298
    38: 488
    39: 332
    40: 351
    41: 492
    42: 341
    43: 68
    44: 5
    45: 18
    46: 5
    47: 1
    48: 5
    49: 0
    50: 0
    51: 0
    52: 0
    53: 0
    54: 0
    55: 0
    56: 0
    57: 0
    58: 0
    59: 0
    60: 0
    61: 0
    62: 0
    63: 0
    64: 0
    65: 0
    66: 0
    67: 0
    68: 0
    69: 0
    70: 0
    71: 0
    72: 0
    73: 0
    74: 0
    75: 0
    76: 0
    77: 0
    78: 0
    79: 0
    80: 0
    81: 0
    82: 0
    83: 0
    84: 0
    85: 0
    86: 0
    87: 0
    88: 0
    89: 0
    90: 0
    91: 0
    92: 0
    93: 0
    94: 0
    95: 0
    96: 0
    97: 0
    98: 0
    99: 0
  mem-3: # Memory controller stats
   rd: 626145 # Read requests
   wr: 248250 # Write requests
   rdlat: 83153416 # Total latency experienced by read requests
   wrlat: 35759788 # Total latency experienced by write requests
   rdhits: 0 # Read row hits
   wrhits: 3 # Write row hits
   mlh: # latency histogram for memory requests
    0: 0
    1: 0
    2: 0
    3: 0
    4: 0
    5: 0
    6: 0
    7: 0
    8: 0
    9: 0
    10: 0
    11: 0
    12: 0
    13: 617888
    14: 674
    15: 854
    16: 612
    17: 0
    18: 0
    19: 0
    20: 1
    21: 3
    22: 13
    23: 26
    24: 24
    25: 123
    26: 173
    27: 369
    28: 436
    29: 289
    30: 209
    31: 210
    32: 530
    33: 409
    34: 314
    35: 311
    36: 344
    37: 306
    38: 444
    39: 278
    40: 385
    41: 481
    42: 361
    43: 57
    44: 6
    45: 6
    46: 5
    47: 3
    48: 1
    49: 0
    50: 0
    51: 0
    52: 0
    53: 0
    54: 0
    55: 0
    56: 0
    57: 0
    58: 0
    59: 0
    60: 0
    61: 0
    62: 0
    63: 0
    64: 0
    65: 0
    66: 0
    67: 0
    68: 0
    69: 0
    70: 0
    71: 0
    72: 0
    73: 0
    74: 0
    75: 0
    76: 0
    77: 0
    78: 0
    79: 0
    80: 0
    81: 0
    82: 0
    83: 0
    84: 0
    85: 0
    86: 0
    87: 0
    88: 0
    89: 0
    90: 0
    91: 0
    92: 0
    93: 0
    94: 0
    95: 0
    96: 0
    97: 0
    98: 0
    99: 0
 sched: # Scheduler stats
  thCr: 1 # Threads created
  thFn: 1 # Threads finished
  schedEvs: 1 # Schedule events
  waitEvs: 0 # Wait events
  handoffEvs: 0 # Handoff events
  sleepEvs: 0 # Sleep events
  idlePhases: 0 # Phases with no thread active
  idlePeriods: 0 # Periods with no thread active
  occHist: # Occupancy histogram
   0: 0
   1: 15855
  rqSzHist: # Run queue size histogram
   0: 15855
   1: 0
   2: 0
   3: 0
   4: 0
   5: 0
   6: 0
   7: 0
   8: 0
   9: 0
   10: 0
   11: 0
   12: 0
   13: 0
   14: 0
   15: 0
   16: 0
 procCycles: # Per-process unhalted core cycles
  0: 158552278
  1: 0
  2: 0
  3: 0
  4: 0
  5: 0
  6: 0
  7: 0
  8: 0
  9: 0
  10: 0
  11: 0
  12: 0
  13: 0
  14: 0
  15: 0
  16: 0
  17: 0
  18: 0
  19: 0
  20: 0
  21: 0
  22: 0
  23: 0
  24: 0
  25: 0
  26: 0
  27: 0
  28: 0
  29: 0
  30: 0
  31: 0
  32: 0
  33: 0
  34: 0
  35: 0
  36: 0
  37: 0
  38: 0
  39: 0
  40: 0
  41: 0
  42: 0
  43: 0
  44: 0
  45: 0
  46: 0
  47: 0
  48: 0
  49: 0
  50: 0
  51: 0
  52: 0
  53: 0
  54: 0
  55: 0
  56: 0
  57: 0
  58: 0
  59: 0
  60: 0
  61: 0
  62: 0
  63: 0
 procInstrs: # Per-process instructions
  0: 100002422
  1: 0
  2: 0
  3: 0
  4: 0
  5: 0
  6: 0
  7: 0
  8: 0
  9: 0
  10: 0
  11: 0
  12: 0
  13: 0
  14: 0
  15: 0
  16: 0
  17: 0
  18: 0
  19: 0
  20: 0
  21: 0
  22: 0
  23: 0
  24: 0
  25: 0
  26: 0
  27: 0
  28: 0
  29: 0
  30: 0
  31: 0
  32: 0
  33: 0
  34: 0
  35: 0
  36: 0
  37: 0
  38: 0
  39: 0
  40: 0
  41: 0
  42: 0
  43: 0
  44: 0
  45: 0
  46: 0
  47: 0
  48: 0
  49: 0
  50: 0
  51: 0
  52: 0
  53: 0
  54: 0
  55: 0
  56: 0
  57: 0
  58: 0
  59: 0
  60: 0
  61: 0
  62: 0
  63: 0
 heartbeats: # Per-process heartbeats
  0: 0
  1: 0
  2: 0
  3: 0
  4: 0
  5: 0
  6: 0
  7: 0
  8: 0
  9: 0
  10: 0
  11: 0
  12: 0
  13: 0
  14: 0
  15: 0
  16: 0
  17: 0
  18: 0
  19: 0
  20: 0
  21: 0
  22: 0
  23: 0
  24: 0
  25: 0
  26: 0
  27: 0
  28: 0
  29: 0
  30: 0
  31: 0
  32: 0
  33: 0
  34: 0
  35: 0
  36: 0
  37: 0
  38: 0
  39: 0
  40: 0
  41: 0
  42: 0
  43: 0
  44: 0
  45: 0
  46: 0
  47: 0
  48: 0
  49: 0
  50: 0
  51: 0
  52: 0
  53: 0
  54: 0
  55: 0
  56: 0
  57: 0
  58: 0
  59: 0
  60: 0
  61: 0
  62: 0
  63: 0
===
