# zsim stats
===
root: # Stats
 contention: # Contention simulation stats
  domain-0: # Domain stats
   time: 252977369 # Weave simulation time
 time: # Simulator time breakdown
  init: 471960148
  bound: 38987061075
  weave: 1338314613
  ff: 0
 trigger: 20000 # Reason for this stats dump
 phase: 40172 # Simulated phases
 westmere: # Core stats
  westmere-0: # Core stats
   cycles: 401720005 # Simulated unhalted cycles
   cCycles: 28681 # Cycles due to contention stalls
   instrs: 625003556 # Simulated instructions
   uops: 750418741 # Retired micro-ops
   bbls: 83820435 # Basic blocks
   approxInstrs: 6871059 # Instrs with approx uop decoding
   mispredBranches: 1800356 # Mispredicted branches
   condBranches: 64862877 # conditional branches
  westmere-1: # Core stats
   cycles: 401720025 # Simulated unhalted cycles
   cCycles: 31790 # Cycles due to contention stalls
   instrs: 625000024 # Simulated instructions
   uops: 750414105 # Retired micro-ops
   bbls: 83819647 # Basic blocks
   approxInstrs: 6871074 # Instrs with approx uop decoding
   mispredBranches: 1800323 # Mispredicted branches
   condBranches: 64862231 # conditional branches
  westmere-2: # Core stats
   cycles: 401710023 # Simulated unhalted cycles
   cCycles: 29811 # Cycles due to contention stalls
   instrs: 624999490 # Simulated instructions
   uops: 750413442 # Retired micro-ops
   bbls: 83819576 # Basic blocks
   approxInstrs: 6871057 # Instrs with approx uop decoding
   mispredBranches: 1800315 # Mispredicted branches
   condBranches: 64862188 # conditional branches
  westmere-3: # Core stats
   cycles: 401710001 # Simulated unhalted cycles
   cCycles: 26498 # Cycles due to contention stalls
   instrs: 625000985 # Simulated instructions
   uops: 750415300 # Retired micro-ops
   bbls: 83819777 # Basic blocks
   approxInstrs: 6871111 # Instrs with approx uop decoding
   mispredBranches: 1800329 # Mispredicted branches
   condBranches: 64862303 # conditional branches
  westmere-4: # Core stats
   cycles: 401710015 # Simulated unhalted cycles
   cCycles: 27779 # Cycles due to contention stalls
   instrs: 625004490 # Simulated instructions
   uops: 750419687 # Retired micro-ops
   bbls: 83820235 # Basic blocks
   approxInstrs: 6871231 # Instrs with approx uop decoding
   mispredBranches: 1800361 # Mispredicted branches
   condBranches: 64862564 # conditional branches
  westmere-5: # Core stats
   cycles: 401710004 # Simulated unhalted cycles
   cCycles: 29247 # Cycles due to contention stalls
   instrs: 624999546 # Simulated instructions
   uops: 750413505 # Retired micro-ops
   bbls: 83819587 # Basic blocks
   approxInstrs: 6871059 # Instrs with approx uop decoding
   mispredBranches: 1800315 # Mispredicted branches
   condBranches: 64862196 # conditional branches
  westmere-6: # Core stats
   cycles: 401710002 # Simulated unhalted cycles
   cCycles: 28465 # Cycles due to contention stalls
   instrs: 625002599 # Simulated instructions
   uops: 750417278 # Retired micro-ops
   bbls: 83820001 # Basic blocks
   approxInstrs: 6871173 # Instrs with approx uop decoding
   mispredBranches: 1800343 # Mispredicted branches
   condBranches: 64862433 # conditional branches
  westmere-7: # Core stats
   cycles: 401710002 # Simulated unhalted cycles
   cCycles: 28522 # Cycles due to contention stalls
   instrs: 624992932 # Simulated instructions
   uops: 750405281 # Retired micro-ops
   bbls: 83818707 # Basic blocks
   approxInstrs: 6870831 # Instrs with approx uop decoding
   mispredBranches: 1800248 # Mispredicted branches
   condBranches: 64861686 # conditional branches
 l1i: # Cache stats
  l1i-0: # Filter cache stats
   fhGETS: 112020999 # Filtered GETS hits
   fhGETX: 0 # Filtered GETX hits
   hGETS: 1226587 # GETS hits
   hGETX: 0 # GETX hits
   mGETS: 45527 # GETS misses
   mGETXIM: 0 # GETX I->M misses
   mGETXSM: 0 # GETX S->M misses (upgrade misses)
   PUTS: 0 # Clean evictions (from lower level)
   PUTX: 0 # Dirty evictions (from lower level)
   INV: 0 # Invalidates (from upper level)
   INVX: 0 # Downgrades (from upper level)
   FWD: 0 # Forwards (from upper level)
   latGETnl: 482474 # GET request latency on next level
   latGETnet: 0 # GET request latency on network to next level
  l1i-1: # Filter cache stats
   fhGETS: 112020289 # Filtered GETS hits
   fhGETX: 0 # Filtered GETX hits
   hGETS: 1226459 # GETS hits
   hGETX: 0 # GETX hits
   mGETS: 45450 # GETS misses
   mGETXIM: 0 # GETX I->M misses
   mGETXSM: 0 # GETX S->M misses (upgrade misses)
   PUTS: 0 # Clean evictions (from lower level)
   PUTX: 0 # Dirty evictions (from lower level)
   INV: 0 # Invalidates (from upper level)
   INVX: 0 # Downgrades (from upper level)
   FWD: 0 # Forwards (from upper level)
   latGETnl: 486012 # GET request latency on next level
   latGETnet: 0 # GET request latency on network to next level
  l1i-2: # Filter cache stats
   fhGETS: 112020211 # Filtered GETS hits
   fhGETX: 0 # Filtered GETX hits
   hGETS: 1226462 # GETS hits
   hGETX: 0 # GETX hits
   mGETS: 45454 # GETS misses
   mGETXIM: 0 # GETX I->M misses
   mGETXSM: 0 # GETX S->M misses (upgrade misses)
   PUTS: 0 # Clean evictions (from lower level)
   PUTX: 0 # Dirty evictions (from lower level)
   INV: 0 # Invalidates (from upper level)
   INVX: 0 # Downgrades (from upper level)
   FWD: 0 # Forwards (from upper level)
   latGETnl: 471634 # GET request latency on next level
   latGETnet: 0 # GET request latency on network to next level
  l1i-3: # Filter cache stats
   fhGETS: 112020556 # Filtered GETS hits
   fhGETX: 0 # Filtered GETX hits
   hGETS: 1226462 # GETS hits
   hGETX: 0 # GETX hits
   mGETS: 45448 # GETS misses
   mGETXIM: 0 # GETX I->M misses
   mGETXSM: 0 # GETX S->M misses (upgrade misses)
   PUTS: 0 # Clean evictions (from lower level)
   PUTX: 0 # Dirty evictions (from lower level)
   INV: 0 # Invalidates (from upper level)
   INVX: 0 # Downgrades (from upper level)
   FWD: 0 # Forwards (from upper level)
   latGETnl: 474718 # GET request latency on next level
   latGETnet: 0 # GET request latency on network to next level
  l1i-4: # Filter cache stats
   fhGETS: 112021312 # Filtered GETS hits
   fhGETX: 0 # Filtered GETX hits
   hGETS: 1226459 # GETS hits
   hGETX: 0 # GETX hits
   mGETS: 45447 # GETS misses
   mGETXIM: 0 # GETX I->M misses
   mGETXSM: 0 # GETX S->M misses (upgrade misses)
   PUTS: 0 # Clean evictions (from lower level)
   PUTX: 0 # Dirty evictions (from lower level)
   INV: 0 # Invalidates (from upper level)
   INVX: 0 # Downgrades (from upper level)
   FWD: 0 # Forwards (from upper level)
   latGETnl: 475428 # GET request latency on next level
   latGETnet: 0 # GET request latency on network to next level
  l1i-5: # Filter cache stats
   fhGETS: 112020252 # Filtered GETS hits
   fhGETX: 0 # Filtered GETX hits
   hGETS: 1226465 # GETS hits
   hGETX: 0 # GETX hits
   mGETS: 45446 # GETS misses
   mGETXIM: 0 # GETX I->M misses
   mGETXSM: 0 # GETX S->M misses (upgrade misses)
   PUTS: 0 # Clean evictions (from lower level)
   PUTX: 0 # Dirty evictions (from lower level)
   INV: 0 # Invalidates (from upper level)
   INVX: 0 # Downgrades (from upper level)
   FWD: 0 # Forwards (from upper level)
   latGETnl: 477062 # GET request latency on next level
   latGETnet: 0 # GET request latency on network to next level
  l1i-6: # Filter cache stats
   fhGETS: 112020910 # Filtered GETS hits
   fhGETX: 0 # Filtered GETX hits
   hGETS: 1226460 # GETS hits
   hGETX: 0 # GETX hits
   mGETS: 45450 # GETS misses
   mGETXIM: 0 # GETX I->M misses
   mGETXSM: 0 # GETX S->M misses (upgrade misses)
   PUTS: 0 # Clean evictions (from lower level)
   PUTX: 0 # Dirty evictions (from lower level)
   INV: 0 # Invalidates (from upper level)
   INVX: 0 # Downgrades (from upper level)
   FWD: 0 # Forwards (from upper level)
   latGETnl: 474468 # GET request latency on next level
   latGETnet: 0 # GET request latency on network to next level
  l1i-7: # Filter cache stats
   fhGETS: 112018732 # Filtered GETS hits
   fhGETX: 0 # Filtered GETX hits
   hGETS: 1226455 # GETS hits
   hGETX: 0 # GETX hits
   mGETS: 45449 # GETS misses
   mGETXIM: 0 # GETX I->M misses
   mGETXSM: 0 # GETX S->M misses (upgrade misses)
   PUTS: 0 # Clean evictions (from lower level)
   PUTX: 0 # Dirty evictions (from lower level)
   INV: 0 # Invalidates (from upper level)
   INVX: 0 # Downgrades (from upper level)
   FWD: 0 # Forwards (from upper level)
   latGETnl: 474662 # GET request latency on next level
   latGETnet: 0 # GET request latency on network to next level
 l1d: # Cache stats
  l1d-0: # Filter cache stats
   fhGETS: 160972561 # Filtered GETS hits
   fhGETX: 38007367 # Filtered GETX hits
   hGETS: 11096773 # GETS hits
   hGETX: 11692490 # GETX hits
   mGETS: 1335884 # GETS misses
   mGETXIM: 1105302 # GETX I->M misses
   mGETXSM: 17 # GETX S->M misses (upgrade misses)
   PUTS: 0 # Clean evictions (from lower level)
   PUTX: 0 # Dirty evictions (from lower level)
   INV: 43 # Invalidates (from upper level)
   INVX: 38 # Downgrades (from upper level)
   FWD: 0 # Forwards (from upper level)
   latGETnl: 24582714 # GET request latency on next level
   latGETnet: 0 # GET request latency on network to next level
  l1d-1: # Filter cache stats
   fhGETS: 157362971 # Filtered GETS hits
   fhGETX: 37716088 # Filtered GETX hits
   hGETS: 14703893 # GETS hits
   hGETX: 11989285 # GETX hits
   mGETS: 1337983 # GETS misses
   mGETXIM: 1098616 # GETX I->M misses
   mGETXSM: 3 # GETX S->M misses (upgrade misses)
   PUTS: 0 # Clean evictions (from lower level)
   PUTX: 0 # Dirty evictions (from lower level)
   INV: 10 # Invalidates (from upper level)
   INVX: 100 # Downgrades (from upper level)
   FWD: 0 # Forwards (from upper level)
   latGETnl: 24527536 # GET request latency on next level
   latGETnet: 0 # GET request latency on network to next level
  l1d-2: # Filter cache stats
   fhGETS: 160965386 # Filtered GETS hits
   fhGETX: 38008019 # Filtered GETX hits
   hGETS: 11101994 # GETS hits
   hGETX: 11691868 # GETX hits
   mGETS: 1337303 # GETS misses
   mGETXIM: 1104069 # GETX I->M misses
   mGETXSM: 5 # GETX S->M misses (upgrade misses)
   PUTS: 0 # Clean evictions (from lower level)
   PUTX: 0 # Dirty evictions (from lower level)
   INV: 9 # Invalidates (from upper level)
   INVX: 58 # Downgrades (from upper level)
   FWD: 0 # Forwards (from upper level)
   latGETnl: 24572190 # GET request latency on next level
   latGETnet: 0 # GET request latency on network to next level
  l1d-3: # Filter cache stats
   fhGETS: 160980694 # Filtered GETS hits
   fhGETX: 38008554 # Filtered GETX hits
   hGETS: 11088700 # GETS hits
   hGETX: 11690842 # GETX hits
   mGETS: 1335760 # GETS misses
   mGETXIM: 1104640 # GETX I->M misses
   mGETXSM: 7 # GETX S->M misses (upgrade misses)
   PUTS: 0 # Clean evictions (from lower level)
   PUTX: 0 # Dirty evictions (from lower level)
   INV: 9 # Invalidates (from upper level)
   INVX: 117 # Downgrades (from upper level)
   FWD: 0 # Forwards (from upper level)
   latGETnl: 24566876 # GET request latency on next level
   latGETnet: 0 # GET request latency on network to next level
  l1d-4: # Filter cache stats
   fhGETS: 160887529 # Filtered GETS hits
   fhGETX: 38019508 # Filtered GETX hits
   hGETS: 11182670 # GETS hits
   hGETX: 11672373 # GETX hits
   mGETS: 1336083 # GETS misses
   mGETXIM: 1112353 # GETX I->M misses
   mGETXSM: 6 # GETX S->M misses (upgrade misses)
   PUTS: 0 # Clean evictions (from lower level)
   PUTX: 0 # Dirty evictions (from lower level)
   INV: 10 # Invalidates (from upper level)
   INVX: 49 # Downgrades (from upper level)
   FWD: 0 # Forwards (from upper level)
   latGETnl: 24641163 # GET request latency on next level
   latGETnet: 0 # GET request latency on network to next level
  l1d-5: # Filter cache stats
   fhGETS: 158855969 # Filtered GETS hits
   fhGETX: 38011833 # Filtered GETX hits
   hGETS: 13210534 # GETS hits
   hGETX: 11684621 # GETX hits
   mGETS: 1338188 # GETS misses
   mGETXIM: 1107506 # GETX I->M misses
   mGETXSM: 6 # GETX S->M misses (upgrade misses)
   PUTS: 0 # Clean evictions (from lower level)
   PUTX: 0 # Dirty evictions (from lower level)
   INV: 9 # Invalidates (from upper level)
   INVX: 38 # Downgrades (from upper level)
   FWD: 0 # Forwards (from upper level)
   latGETnl: 24612729 # GET request latency on next level
   latGETnet: 0 # GET request latency on network to next level
  l1d-6: # Filter cache stats
   fhGETS: 156616859 # Filtered GETS hits
   fhGETX: 37728167 # Filtered GETX hits
   hGETS: 15449460 # GETS hits
   hGETX: 11975936 # GETX hits
   mGETS: 1339307 # GETS misses
   mGETXIM: 1100025 # GETX I->M misses
   mGETXSM: 6 # GETX S->M misses (upgrade misses)
   PUTS: 0 # Clean evictions (from lower level)
   PUTX: 0 # Dirty evictions (from lower level)
   INV: 7 # Invalidates (from upper level)
   INVX: 35 # Downgrades (from upper level)
   FWD: 0 # Forwards (from upper level)
   latGETnl: 24549033 # GET request latency on next level
   latGETnet: 0 # GET request latency on network to next level
  l1d-7: # Filter cache stats
   fhGETS: 161147680 # Filtered GETS hits
   fhGETX: 38008970 # Filtered GETX hits
   hGETS: 10917294 # GETS hits
   hGETX: 11694367 # GETX hits
   mGETS: 1337679 # GETS misses
   mGETXIM: 1100245 # GETX I->M misses
   mGETXSM: 6 # GETX S->M misses (upgrade misses)
   PUTS: 0 # Clean evictions (from lower level)
   PUTX: 0 # Dirty evictions (from lower level)
   INV: 6 # Invalidates (from upper level)
   INVX: 21 # Downgrades (from upper level)
   FWD: 0 # Forwards (from upper level)
   latGETnl: 24533173 # GET request latency on next level
   latGETnet: 0 # GET request latency on network to next level
 l2: # Cache stats
  l2-0: # Cache stats
   hGETS: 1380153 # GETS hits
   hGETX: 1104082 # GETX hits
   mGETS: 1258 # GETS misses
   mGETXIM: 1220 # GETX I->M misses
   mGETXSM: 17 # GETX S->M misses (upgrade misses)
   PUTS: 1190434 # Clean evictions (from lower level)
   PUTX: 1295232 # Dirty evictions (from lower level)
   INV: 43 # Invalidates (from upper level)
   INVX: 39 # Downgrades (from upper level)
   FWD: 0 # Forwards (from upper level)
   latGETnl: 197888 # GET request latency on next level
   latGETnet: 0 # GET request latency on network to next level
  l2-1: # Cache stats
   hGETS: 1382269 # GETS hits
   hGETX: 1097521 # GETX hits
   mGETS: 1164 # GETS misses
   mGETXIM: 1095 # GETX I->M misses
   mGETXSM: 3 # GETX S->M misses (upgrade misses)
   PUTS: 1192760 # Clean evictions (from lower level)
   PUTX: 1288285 # Dirty evictions (from lower level)
   INV: 10 # Invalidates (from upper level)
   INVX: 100 # Downgrades (from upper level)
   FWD: 0 # Forwards (from upper level)
   latGETnl: 193028 # GET request latency on next level
   latGETnet: 0 # GET request latency on network to next level
  l2-2: # Cache stats
   hGETS: 1381590 # GETS hits
   hGETX: 1102974 # GETX hits
   mGETS: 1167 # GETS misses
   mGETXIM: 1095 # GETX I->M misses
   mGETXSM: 5 # GETX S->M misses (upgrade misses)
   PUTS: 1191088 # Clean evictions (from lower level)
   PUTX: 1294735 # Dirty evictions (from lower level)
   INV: 9 # Invalidates (from upper level)
   INVX: 58 # Downgrades (from upper level)
   FWD: 0 # Forwards (from upper level)
   latGETnl: 175514 # GET request latency on next level
   latGETnet: 0 # GET request latency on network to next level
  l2-3: # Cache stats
   hGETS: 1380045 # GETS hits
   hGETX: 1103545 # GETX hits
   mGETS: 1163 # GETS misses
   mGETXIM: 1095 # GETX I->M misses
   mGETXSM: 7 # GETX S->M misses (upgrade misses)
   PUTS: 1190000 # Clean evictions (from lower level)
   PUTX: 1294846 # Dirty evictions (from lower level)
   INV: 9 # Invalidates (from upper level)
   INVX: 117 # Downgrades (from upper level)
   FWD: 0 # Forwards (from upper level)
   latGETnl: 183044 # GET request latency on next level
   latGETnet: 0 # GET request latency on network to next level
  l2-4: # Cache stats
   hGETS: 1380366 # GETS hits
   hGETX: 1111258 # GETX hits
   mGETS: 1164 # GETS misses
   mGETXIM: 1095 # GETX I->M misses
   mGETXSM: 6 # GETX S->M misses (upgrade misses)
   PUTS: 1190064 # Clean evictions (from lower level)
   PUTX: 1302818 # Dirty evictions (from lower level)
   INV: 10 # Invalidates (from upper level)
   INVX: 49 # Downgrades (from upper level)
   FWD: 0 # Forwards (from upper level)
   latGETnl: 177701 # GET request latency on next level
   latGETnet: 0 # GET request latency on network to next level
  l2-5: # Cache stats
   hGETS: 1382470 # GETS hits
   hGETX: 1106411 # GETX hits
   mGETS: 1164 # GETS misses
   mGETXIM: 1095 # GETX I->M misses
   mGETXSM: 6 # GETX S->M misses (upgrade misses)
   PUTS: 1191911 # Clean evictions (from lower level)
   PUTX: 1298227 # Dirty evictions (from lower level)
   INV: 9 # Invalidates (from upper level)
   INVX: 38 # Downgrades (from upper level)
   FWD: 0 # Forwards (from upper level)
   latGETnl: 178331 # GET request latency on next level
   latGETnet: 0 # GET request latency on network to next level
  l2-6: # Cache stats
   hGETS: 1383596 # GETS hits
   hGETX: 1098930 # GETX hits
   mGETS: 1161 # GETS misses
   mGETXIM: 1095 # GETX I->M misses
   mGETXSM: 6 # GETX S->M misses (upgrade misses)
   PUTS: 1191403 # Clean evictions (from lower level)
   PUTX: 1292381 # Dirty evictions (from lower level)
   INV: 7 # Invalidates (from upper level)
   INVX: 35 # Downgrades (from upper level)
   FWD: 0 # Forwards (from upper level)
   latGETnl: 175621 # GET request latency on next level
   latGETnet: 0 # GET request latency on network to next level
  l2-7: # Cache stats
   hGETS: 1381967 # GETS hits
   hGETX: 1099150 # GETX hits
   mGETS: 1161 # GETS misses
   mGETXIM: 1095 # GETX I->M misses
   mGETXSM: 6 # GETX S->M misses (upgrade misses)
   PUTS: 1192945 # Clean evictions (from lower level)
   PUTX: 1289429 # Dirty evictions (from lower level)
   INV: 6 # Invalidates (from upper level)
   INVX: 21 # Downgrades (from upper level)
   FWD: 0 # Forwards (from upper level)
   latGETnl: 174045 # GET request latency on next level
   latGETnet: 0 # GET request latency on network to next level
 l3: # Cache stats
  l3-0b0: # Cache stats
   hGETS: 876 # GETS hits
   hGETX: 12 # GETX hits
   mGETS: 296 # GETS misses
   mGETXIM: 1100 # GETX I->M misses
   mGETXSM: 0 # GETX S->M misses (upgrade misses)
   PUTS: 0 # Clean evictions (from lower level)
   PUTX: 0 # Dirty evictions (from lower level)
   INV: 0 # Invalidates (from upper level)
   INVX: 0 # Downgrades (from upper level)
   FWD: 0 # Forwards (from upper level)
   latGETnl: 125640 # GET request latency on next level
   latGETnet: 0 # GET request latency on network to next level
  l3-0b1: # Cache stats
   hGETS: 903 # GETS hits
   hGETX: 12 # GETX hits
   mGETS: 306 # GETS misses
   mGETXIM: 1090 # GETX I->M misses
   mGETXSM: 0 # GETX S->M misses (upgrade misses)
   PUTS: 1 # Clean evictions (from lower level)
   PUTX: 0 # Dirty evictions (from lower level)
   INV: 0 # Invalidates (from upper level)
   INVX: 0 # Downgrades (from upper level)
   FWD: 0 # Forwards (from upper level)
   latGETnl: 125640 # GET request latency on next level
   latGETnet: 0 # GET request latency on network to next level
  l3-0b2: # Cache stats
   hGETS: 902 # GETS hits
   hGETX: 4 # GETX hits
   mGETS: 280 # GETS misses
   mGETXIM: 1120 # GETX I->M misses
   mGETXSM: 0 # GETX S->M misses (upgrade misses)
   PUTS: 0 # Clean evictions (from lower level)
   PUTX: 0 # Dirty evictions (from lower level)
   INV: 0 # Invalidates (from upper level)
   INVX: 0 # Downgrades (from upper level)
   FWD: 0 # Forwards (from upper level)
   latGETnl: 126000 # GET request latency on next level
   latGETnet: 0 # GET request latency on network to next level
  l3-0b3: # Cache stats
   hGETS: 859 # GETS hits
   hGETX: 5 # GETX hits
   mGETS: 301 # GETS misses
   mGETXIM: 1103 # GETX I->M misses
   mGETXSM: 0 # GETX S->M misses (upgrade misses)
   PUTS: 0 # Clean evictions (from lower level)
   PUTX: 0 # Dirty evictions (from lower level)
   INV: 0 # Invalidates (from upper level)
   INVX: 0 # Downgrades (from upper level)
   FWD: 0 # Forwards (from upper level)
   latGETnl: 126360 # GET request latency on next level
   latGETnet: 0 # GET request latency on network to next level
  l3-0b4: # Cache stats
   hGETS: 843 # GETS hits
   hGETX: 5 # GETX hits
   mGETS: 278 # GETS misses
   mGETXIM: 1120 # GETX I->M misses
   mGETXSM: 0 # GETX S->M misses (upgrade misses)
   PUTS: 0 # Clean evictions (from lower level)
   PUTX: 0 # Dirty evictions (from lower level)
   INV: 0 # Invalidates (from upper level)
   INVX: 0 # Downgrades (from upper level)
   FWD: 0 # Forwards (from upper level)
   latGETnl: 125820 # GET request latency on next level
   latGETnet: 0 # GET request latency on network to next level
  l3-0b5: # Cache stats
   hGETS: 904 # GETS hits
   hGETX: 21 # GETX hits
   mGETS: 302 # GETS misses
   mGETXIM: 1104 # GETX I->M misses
   mGETXSM: 0 # GETX S->M misses (upgrade misses)
   PUTS: 0 # Clean evictions (from lower level)
   PUTX: 0 # Dirty evictions (from lower level)
   INV: 0 # Invalidates (from upper level)
   INVX: 0 # Downgrades (from upper level)
   FWD: 0 # Forwards (from upper level)
   latGETnl: 126540 # GET request latency on next level
   latGETnet: 0 # GET request latency on network to next level
  l3-0b6: # Cache stats
   hGETS: 874 # GETS hits
   hGETX: 12 # GETX hits
   mGETS: 293 # GETS misses
   mGETXIM: 1100 # GETX I->M misses
   mGETXSM: 0 # GETX S->M misses (upgrade misses)
   PUTS: 1 # Clean evictions (from lower level)
   PUTX: 0 # Dirty evictions (from lower level)
   INV: 0 # Invalidates (from upper level)
   INVX: 0 # Downgrades (from upper level)
   FWD: 0 # Forwards (from upper level)
   latGETnl: 125370 # GET request latency on next level
   latGETnet: 0 # GET request latency on network to next level
  l3-0b7: # Cache stats
   hGETS: 887 # GETS hits
   hGETX: 13 # GETX hits
   mGETS: 298 # GETS misses
   mGETXIM: 1120 # GETX I->M misses
   mGETXSM: 0 # GETX S->M misses (upgrade misses)
   PUTS: 1 # Clean evictions (from lower level)
   PUTX: 0 # Dirty evictions (from lower level)
   INV: 0 # Invalidates (from upper level)
   INVX: 0 # Downgrades (from upper level)
   FWD: 0 # Forwards (from upper level)
   latGETnl: 127620 # GET request latency on next level
   latGETnet: 0 # GET request latency on network to next level
 mem: # Memory controller stats
  mem-0: # Memory controller stats
   rd: 2845 # Read requests
   wr: 0 # Write requests
   rdlat: 613168 # Total latency experienced by read requests
   wrlat: 0 # Total latency experienced by write requests
   rdhits: 276 # Read row hits
   wrhits: 0 # Write row hits
   mlh: # latency histogram for memory requests
    0: 0
    1: 0
    2: 0
    3: 0
    4: 0
    5: 0
    6: 0
    7: 0
    8: 0
    9: 0
    10: 0
    11: 4
    12: 18
    13: 1706
    14: 246
    15: 97
    16: 92
    17: 48
    18: 34
    19: 39
    20: 29
    21: 36
    22: 30
    23: 20
    24: 21
    25: 15
    26: 9
    27: 6
    28: 6
    29: 8
    30: 5
    31: 7
    32: 2
    33: 4
    34: 7
    35: 7
    36: 4
    37: 4
    38: 3
    39: 7
    40: 2
    41: 5
    42: 4
    43: 3
    44: 5
    45: 5
    46: 4
    47: 2
    48: 3
    49: 4
    50: 8
    51: 7
    52: 2
    53: 4
    54: 7
    55: 4
    56: 4
    57: 5
    58: 4
    59: 7
    60: 1
    61: 7
    62: 3
    63: 6
    64: 4
    65: 2
    66: 3
    67: 5
    68: 6
    69: 4
    70: 8
    71: 7
    72: 8
    73: 8
    74: 10
    75: 9
    76: 11
    77: 6
    78: 8
    79: 6
    80: 5
    81: 7
    82: 7
    83: 7
    84: 11
    85: 10
    86: 9
    87: 6
    88: 7
    89: 8
    90: 7
    91: 11
    92: 9
    93: 4
    94: 1
    95: 2
    96: 4
    97: 0
    98: 1
    99: 4
  mem-1: # Memory controller stats
   rd: 2787 # Read requests
   wr: 0 # Write requests
   rdlat: 558787 # Total latency experienced by read requests
   wrlat: 0 # Total latency experienced by write requests
   rdhits: 304 # Read row hits
   wrhits: 0 # Write row hits
   mlh: # latency histogram for memory requests
    0: 0
    1: 0
    2: 0
    3: 0
    4: 0
    5: 0
    6: 0
    7: 0
    8: 0
    9: 0
    10: 0
    11: 10
    12: 28
    13: 1739
    14: 227
    15: 85
    16: 68
    17: 35
    18: 38
    19: 30
    20: 24
    21: 35
    22: 24
    23: 17
    24: 22
    25: 32
    26: 20
    27: 22
    28: 11
    29: 5
    30: 2
    31: 5
    32: 4
    33: 3
    34: 6
    35: 5
    36: 2
    37: 6
    38: 4
    39: 5
    40: 1
    41: 4
    42: 3
    43: 6
    44: 4
    45: 6
    46: 5
    47: 5
    48: 4
    49: 1
    50: 4
    51: 2
    52: 2
    53: 8
    54: 5
    55: 4
    56: 4
    57: 6
    58: 2
    59: 3
    60: 5
    61: 7
    62: 5
    63: 10
    64: 10
    65: 3
    66: 6
    67: 6
    68: 12
    69: 15
    70: 9
    71: 4
    72: 8
    73: 12
    74: 3
    75: 2
    76: 7
    77: 8
    78: 7
    79: 3
    80: 7
    81: 12
    82: 0
    83: 4
    84: 2
    85: 2
    86: 3
    87: 4
    88: 5
    89: 4
    90: 1
    91: 2
    92: 1
    93: 1
    94: 2
    95: 0
    96: 1
    97: 0
    98: 1
    99: 0
  mem-2: # Memory controller stats
   rd: 2795 # Read requests
   wr: 0 # Write requests
   rdlat: 592912 # Total latency experienced by read requests
   wrlat: 0 # Total latency experienced by write requests
   rdhits: 291 # Read row hits
   wrhits: 0 # Write row hits
   mlh: # latency histogram for memory requests
    0: 0
    1: 0
    2: 0
    3: 0
    4: 0
    5: 0
    6: 0
    7: 0
    8: 0
    9: 0
    10: 0
    11: 9
    12: 18
    13: 1691
    14: 234
    15: 87
    16: 77
    17: 45
    18: 50
    19: 27
    20: 25
    21: 26
    22: 28
    23: 24
    24: 19
    25: 19
    26: 8
    27: 10
    28: 7
    29: 12
    30: 10
    31: 11
    32: 4
    33: 7
    34: 9
    35: 8
    36: 3
    37: 5
    38: 2
    39: 7
    40: 3
    41: 3
    42: 4
    43: 2
    44: 7
    45: 2
    46: 3
    47: 2
    48: 4
    49: 3
    50: 2
    51: 5
    52: 3
    53: 4
    54: 7
    55: 6
    56: 2
    57: 4
    58: 3
    59: 8
    60: 5
    61: 7
    62: 7
    63: 3
    64: 1
    65: 4
    66: 6
    67: 11
    68: 2
    69: 4
    70: 12
    71: 13
    72: 11
    73: 14
    74: 8
    75: 5
    76: 12
    77: 5
    78: 4
    79: 6
    80: 6
    81: 12
    82: 17
    83: 10
    84: 12
    85: 7
    86: 10
    87: 5
    88: 2
    89: 7
    90: 1
    91: 1
    92: 1
    93: 2
    94: 0
    95: 1
    96: 0
    97: 0
    98: 1
    99: 1
  mem-3: # Memory controller stats
   rd: 2784 # Read requests
   wr: 0 # Write requests
   rdlat: 547022 # Total latency experienced by read requests
   wrlat: 0 # Total latency experienced by write requests
   rdhits: 287 # Read row hits
   wrhits: 0 # Write row hits
   mlh: # latency histogram for memory requests
    0: 0
    1: 0
    2: 0
    3: 0
    4: 0
    5: 0
    6: 0
    7: 0
    8: 0
    9: 0
    10: 0
    11: 13
    12: 21
    13: 1741
    14: 229
    15: 84
    16: 77
    17: 31
    18: 41
    19: 32
    20: 23
    21: 31
    22: 25
    23: 16
    24: 22
    25: 20
    26: 27
    27: 13
    28: 5
    29: 9
    30: 8
    31: 4
    32: 8
    33: 8
    34: 9
    35: 9
    36: 6
    37: 5
    38: 2
    39: 8
    40: 4
    41: 3
    42: 10
    43: 7
    44: 5
    45: 4
    46: 4
    47: 2
    48: 2
    49: 3
    50: 3
    51: 1
    52: 5
    53: 3
    54: 4
    55: 4
    56: 7
    57: 9
    58: 6
    59: 5
    60: 9
    61: 6
    62: 8
    63: 6
    64: 9
    65: 6
    66: 7
    67: 7
    68: 6
    69: 6
    70: 4
    71: 6
    72: 8
    73: 11
    74: 11
    75: 4
    76: 4
    77: 3
    78: 2
    79: 5
    80: 6
    81: 5
    82: 4
    83: 8
    84: 3
    85: 2
    86: 4
    87: 0
    88: 1
    89: 2
    90: 0
    91: 0
    92: 1
    93: 0
    94: 0
    95: 0
    96: 0
    97: 0
    98: 0
    99: 2
 sched: # Scheduler stats
  thCr: 9 # Threads created
  thFn: 0 # Threads finished
  schedEvs: 9 # Schedule events
  waitEvs: 1 # Wait events
  handoffEvs: 0 # Handoff events
  sleepEvs: 0 # Sleep events
  idlePhases: 0 # Phases with no thread active
  idlePeriods: 0 # Periods with no thread active
  occHist: # Occupancy histogram
   0: 0
   1: 0
   2: 1
   3: 0
   4: 0
   5: 0
   6: 0
   7: 0
   8: 40171
  rqSzHist: # Run queue size histogram
   0: 40171
   1: 1
   2: 0
   3: 0
   4: 0
   5: 0
   6: 0
   7: 0
   8: 0
   9: 0
   10: 0
   11: 0
   12: 0
   13: 0
   14: 0
   15: 0
   16: 0
 procCycles: # Per-process unhalted core cycles
  0: 3213700077
  1: 0
  2: 0
  3: 0
  4: 0
  5: 0
  6: 0
  7: 0
  8: 0
  9: 0
  10: 0
  11: 0
  12: 0
  13: 0
  14: 0
  15: 0
  16: 0
  17: 0
  18: 0
  19: 0
  20: 0
  21: 0
  22: 0
  23: 0
  24: 0
  25: 0
  26: 0
  27: 0
  28: 0
  29: 0
  30: 0
  31: 0
  32: 0
  33: 0
  34: 0
  35: 0
  36: 0
  37: 0
  38: 0
  39: 0
  40: 0
  41: 0
  42: 0
  43: 0
  44: 0
  45: 0
  46: 0
  47: 0
  48: 0
  49: 0
  50: 0
  51: 0
  52: 0
  53: 0
  54: 0
  55: 0
  56: 0
  57: 0
  58: 0
  59: 0
  60: 0
  61: 0
  62: 0
  63: 0
 procInstrs: # Per-process instructions
  0: 5000003622
  1: 0
  2: 0
  3: 0
  4: 0
  5: 0
  6: 0
  7: 0
  8: 0
  9: 0
  10: 0
  11: 0
  12: 0
  13: 0
  14: 0
  15: 0
  16: 0
  17: 0
  18: 0
  19: 0
  20: 0
  21: 0
  22: 0
  23: 0
  24: 0
  25: 0
  26: 0
  27: 0
  28: 0
  29: 0
  30: 0
  31: 0
  32: 0
  33: 0
  34: 0
  35: 0
  36: 0
  37: 0
  38: 0
  39: 0
  40: 0
  41: 0
  42: 0
  43: 0
  44: 0
  45: 0
  46: 0
  47: 0
  48: 0
  49: 0
  50: 0
  51: 0
  52: 0
  53: 0
  54: 0
  55: 0
  56: 0
  57: 0
  58: 0
  59: 0
  60: 0
  61: 0
  62: 0
  63: 0
 heartbeats: # Per-process heartbeats
  0: 0
  1: 0
  2: 0
  3: 0
  4: 0
  5: 0
  6: 0
  7: 0
  8: 0
  9: 0
  10: 0
  11: 0
  12: 0
  13: 0
  14: 0
  15: 0
  16: 0
  17: 0
  18: 0
  19: 0
  20: 0
  21: 0
  22: 0
  23: 0
  24: 0
  25: 0
  26: 0
  27: 0
  28: 0
  29: 0
  30: 0
  31: 0
  32: 0
  33: 0
  34: 0
  35: 0
  36: 0
  37: 0
  38: 0
  39: 0
  40: 0
  41: 0
  42: 0
  43: 0
  44: 0
  45: 0
  46: 0
  47: 0
  48: 0
  49: 0
  50: 0
  51: 0
  52: 0
  53: 0
  54: 0
  55: 0
  56: 0
  57: 0
  58: 0
  59: 0
  60: 0
  61: 0
  62: 0
  63: 0
===
