# zsim stats
===
root: # Stats
 contention: # Contention simulation stats
  domain-0: # Domain stats
   time: 1096942211 # Weave simulation time
 time: # Simulator time breakdown
  init: 1309634919113
  bound: 6638337724
  weave: 1366450387
  ff: 0
 trigger: 20000 # Reason for this stats dump
 phase: 22680 # Simulated phases
 westmere: # Core stats
  westmere-0: # Core stats
   cycles: 226801996 # Simulated unhalted cycles
   cCycles: 42867466 # Cycles due to contention stalls
   instrs: 100000031 # Simulated instructions
   uops: 108846982 # Retired micro-ops
   bbls: 19685415 # Basic blocks
   approxInstrs: 1899809 # Instrs with approx uop decoding
   mispredBranches: 1215222 # Mispredicted branches
   condBranches: 18533264 # conditional branches
 l1i: # Cache stats
  l1i-0: # Filter cache stats
   fhGETS: 25952871 # Filtered GETS hits
   fhGETX: 0 # Filtered GETX hits
   hGETS: 196819 # GETS hits
   hGETX: 0 # GETX hits
   mGETS: 4468 # GETS misses
   mGETXIM: 0 # GETX I->M misses
   mGETXSM: 0 # GETX S->M misses (upgrade misses)
   PUTS: 0 # Clean evictions (from lower level)
   PUTX: 0 # Dirty evictions (from lower level)
   INV: 4383 # Invalidates (from upper level)
   INVX: 0 # Downgrades (from upper level)
   FWD: 0 # Forwards (from upper level)
   latGETnl: 553576 # GET request latency on next level
   latGETnet: 0 # GET request latency on network to next level
 l1d: # Cache stats
  l1d-0: # Filter cache stats
   fhGETS: 22477453 # Filtered GETS hits
   fhGETX: 4022761 # Filtered GETX hits
   hGETS: 2124659 # GETS hits
   hGETX: 2646566 # GETX hits
   mGETS: 3354521 # GETS misses
   mGETXIM: 681594 # GETX I->M misses
   mGETXSM: 0 # GETX S->M misses (upgrade misses)
   PUTS: 0 # Clean evictions (from lower level)
   PUTX: 0 # Dirty evictions (from lower level)
   INV: 1037 # Invalidates (from upper level)
   INVX: 0 # Downgrades (from upper level)
   FWD: 0 # Forwards (from upper level)
   latGETnl: 317643254 # GET request latency on next level
   latGETnet: 0 # GET request latency on network to next level
 l2: # Cache stats
  l2-0: # Cache stats
   hGETS: 654062 # GETS hits
   hGETX: 90051 # GETX hits
   mGETS: 2704927 # GETS misses
   mGETXIM: 591543 # GETX I->M misses
   mGETXSM: 0 # GETX S->M misses (upgrade misses)
   PUTS: 2294516 # Clean evictions (from lower level)
   PUTX: 1740086 # Dirty evictions (from lower level)
   INV: 12733 # Invalidates (from upper level)
   INVX: 0 # Downgrades (from upper level)
   FWD: 0 # Forwards (from upper level)
   latGETnl: 277791000 # GET request latency on next level
   latGETnet: 0 # GET request latency on network to next level
 l3: # Cache stats
  l3-0: # Cache stats
   hGETS: 876132 # GETS hits
   hGETX: 212830 # GETX hits
   mGETS: 1828795 # GETS misses
   mGETXIM: 378713 # GETX I->M misses
   mGETXSM: 0 # GETX S->M misses (upgrade misses)
   PUTS: 1962193 # Clean evictions (from lower level)
   PUTX: 1317449 # Dirty evictions (from lower level)
   INV: 0 # Invalidates (from upper level)
   INVX: 0 # Downgrades (from upper level)
   FWD: 0 # Forwards (from upper level)
   latGETnl: 198675720 # GET request latency on next level
   latGETnet: 0 # GET request latency on network to next level
 mem: # Memory controller stats
  mem-0: # Memory controller stats
   rd: 551427 # Read requests
   wr: 216932 # Write requests
   rdlat: 75147102 # Total latency experienced by read requests
   wrlat: 32570264 # Total latency experienced by write requests
   rdhits: 10810 # Read row hits
   wrhits: 1202 # Write row hits
   mlh: # latency histogram for memory requests
    0: 0
    1: 0
    2: 0
    3: 0
    4: 0
    5: 0
    6: 0
    7: 0
    8: 0
    9: 0
    10: 0
    11: 634
    12: 558
    13: 481380
    14: 44971
    15: 8283
    16: 3590
    17: 1311
    18: 510
    19: 495
    20: 518
    21: 653
    22: 535
    23: 677
    24: 1042
    25: 647
    26: 217
    27: 238
    28: 249
    29: 289
    30: 335
    31: 338
    32: 384
    33: 335
    34: 350
    35: 321
    36: 327
    37: 334
    38: 272
    39: 334
    40: 299
    41: 310
    42: 283
    43: 152
    44: 46
    45: 37
    46: 36
    47: 59
    48: 59
    49: 8
    50: 3
    51: 3
    52: 1
    53: 1
    54: 2
    55: 0
    56: 0
    57: 1
    58: 0
    59: 0
    60: 0
    61: 0
    62: 0
    63: 0
    64: 0
    65: 0
    66: 0
    67: 0
    68: 0
    69: 0
    70: 0
    71: 0
    72: 0
    73: 0
    74: 0
    75: 0
    76: 0
    77: 0
    78: 0
    79: 0
    80: 0
    81: 0
    82: 0
    83: 0
    84: 0
    85: 0
    86: 0
    87: 0
    88: 0
    89: 0
    90: 0
    91: 0
    92: 0
    93: 0
    94: 0
    95: 0
    96: 0
    97: 0
    98: 0
    99: 0
  mem-1: # Memory controller stats
   rd: 552195 # Read requests
   wr: 217832 # Write requests
   rdlat: 75277298 # Total latency experienced by read requests
   wrlat: 32796284 # Total latency experienced by write requests
   rdhits: 10815 # Read row hits
   wrhits: 1309 # Write row hits
   mlh: # latency histogram for memory requests
    0: 0
    1: 0
    2: 0
    3: 0
    4: 0
    5: 0
    6: 0
    7: 0
    8: 0
    9: 0
    10: 0
    11: 635
    12: 471
    13: 481969
    14: 43987
    15: 8968
    16: 4187
    17: 1297
    18: 416
    19: 495
    20: 535
    21: 693
    22: 560
    23: 710
    24: 1032
    25: 599
    26: 201
    27: 219
    28: 265
    29: 290
    30: 346
    31: 361
    32: 350
    33: 338
    34: 316
    35: 307
    36: 352
    37: 353
    38: 311
    39: 294
    40: 334
    41: 293
    42: 306
    43: 134
    44: 63
    45: 46
    46: 43
    47: 44
    48: 46
    49: 9
    50: 1
    51: 9
    52: 5
    53: 4
    54: 0
    55: 0
    56: 0
    57: 0
    58: 0
    59: 1
    60: 0
    61: 0
    62: 0
    63: 0
    64: 0
    65: 0
    66: 0
    67: 0
    68: 0
    69: 0
    70: 0
    71: 0
    72: 0
    73: 0
    74: 0
    75: 0
    76: 0
    77: 0
    78: 0
    79: 0
    80: 0
    81: 0
    82: 0
    83: 0
    84: 0
    85: 0
    86: 0
    87: 0
    88: 0
    89: 0
    90: 0
    91: 0
    92: 0
    93: 0
    94: 0
    95: 0
    96: 0
    97: 0
    98: 0
    99: 0
  mem-2: # Memory controller stats
   rd: 553136 # Read requests
   wr: 217387 # Write requests
   rdlat: 75419392 # Total latency experienced by read requests
   wrlat: 32649054 # Total latency experienced by write requests
   rdhits: 10494 # Read row hits
   wrhits: 1288 # Write row hits
   mlh: # latency histogram for memory requests
    0: 0
    1: 0
    2: 0
    3: 0
    4: 0
    5: 0
    6: 0
    7: 0
    8: 0
    9: 0
    10: 0
    11: 647
    12: 493
    13: 481818
    14: 45974
    15: 8505
    16: 3528
    17: 1375
    18: 471
    19: 447
    20: 536
    21: 691
    22: 548
    23: 742
    24: 1096
    25: 623
    26: 184
    27: 197
    28: 257
    29: 295
    30: 331
    31: 324
    32: 381
    33: 363
    34: 361
    35: 349
    36: 352
    37: 335
    38: 307
    39: 289
    40: 298
    41: 282
    42: 314
    43: 182
    44: 51
    45: 43
    46: 36
    47: 48
    48: 41
    49: 8
    50: 3
    51: 3
    52: 4
    53: 3
    54: 0
    55: 1
    56: 0
    57: 0
    58: 0
    59: 0
    60: 0
    61: 0
    62: 0
    63: 0
    64: 0
    65: 0
    66: 0
    67: 0
    68: 0
    69: 0
    70: 0
    71: 0
    72: 0
    73: 0
    74: 0
    75: 0
    76: 0
    77: 0
    78: 0
    79: 0
    80: 0
    81: 0
    82: 0
    83: 0
    84: 0
    85: 0
    86: 0
    87: 0
    88: 0
    89: 0
    90: 0
    91: 0
    92: 0
    93: 0
    94: 0
    95: 0
    96: 0
    97: 0
    98: 0
    99: 0
  mem-3: # Memory controller stats
   rd: 550729 # Read requests
   wr: 216769 # Write requests
   rdlat: 75065508 # Total latency experienced by read requests
   wrlat: 32557479 # Total latency experienced by write requests
   rdhits: 10740 # Read row hits
   wrhits: 1291 # Write row hits
   mlh: # latency histogram for memory requests
    0: 0
    1: 0
    2: 0
    3: 0
    4: 0
    5: 0
    6: 0
    7: 0
    8: 0
    9: 0
    10: 0
    11: 704
    12: 496
    13: 480780
    14: 44743
    15: 8177
    16: 3666
    17: 1405
    18: 455
    19: 486
    20: 546
    21: 676
    22: 524
    23: 711
    24: 1165
    25: 657
    26: 182
    27: 207
    28: 247
    29: 284
    30: 318
    31: 360
    32: 347
    33: 345
    34: 322
    35: 331
    36: 324
    37: 275
    38: 327
    39: 355
    40: 308
    41: 303
    42: 305
    43: 153
    44: 39
    45: 31
    46: 44
    47: 49
    48: 46
    49: 14
    50: 5
    51: 9
    52: 3
    53: 1
    54: 2
    55: 1
    56: 0
    57: 0
    58: 0
    59: 0
    60: 0
    61: 0
    62: 0
    63: 1
    64: 0
    65: 0
    66: 0
    67: 0
    68: 0
    69: 0
    70: 0
    71: 0
    72: 0
    73: 0
    74: 0
    75: 0
    76: 0
    77: 0
    78: 0
    79: 0
    80: 0
    81: 0
    82: 0
    83: 0
    84: 0
    85: 0
    86: 0
    87: 0
    88: 0
    89: 0
    90: 0
    91: 0
    92: 0
    93: 0
    94: 0
    95: 0
    96: 0
    97: 0
    98: 0
    99: 0
 sched: # Scheduler stats
  thCr: 1 # Threads created
  thFn: 1 # Threads finished
  schedEvs: 1 # Schedule events
  waitEvs: 0 # Wait events
  handoffEvs: 0 # Handoff events
  sleepEvs: 0 # Sleep events
  idlePhases: 0 # Phases with no thread active
  idlePeriods: 0 # Periods with no thread active
  occHist: # Occupancy histogram
   0: 0
   1: 22680
  rqSzHist: # Run queue size histogram
   0: 22680
   1: 0
   2: 0
   3: 0
   4: 0
   5: 0
   6: 0
   7: 0
   8: 0
   9: 0
   10: 0
   11: 0
   12: 0
   13: 0
   14: 0
   15: 0
   16: 0
 procCycles: # Per-process unhalted core cycles
  0: 226801996
  1: 0
  2: 0
  3: 0
  4: 0
  5: 0
  6: 0
  7: 0
  8: 0
  9: 0
  10: 0
  11: 0
  12: 0
  13: 0
  14: 0
  15: 0
  16: 0
  17: 0
  18: 0
  19: 0
  20: 0
  21: 0
  22: 0
  23: 0
  24: 0
  25: 0
  26: 0
  27: 0
  28: 0
  29: 0
  30: 0
  31: 0
  32: 0
  33: 0
  34: 0
  35: 0
  36: 0
  37: 0
  38: 0
  39: 0
  40: 0
  41: 0
  42: 0
  43: 0
  44: 0
  45: 0
  46: 0
  47: 0
  48: 0
  49: 0
  50: 0
  51: 0
  52: 0
  53: 0
  54: 0
  55: 0
  56: 0
  57: 0
  58: 0
  59: 0
  60: 0
  61: 0
  62: 0
  63: 0
 procInstrs: # Per-process instructions
  0: 100000031
  1: 0
  2: 0
  3: 0
  4: 0
  5: 0
  6: 0
  7: 0
  8: 0
  9: 0
  10: 0
  11: 0
  12: 0
  13: 0
  14: 0
  15: 0
  16: 0
  17: 0
  18: 0
  19: 0
  20: 0
  21: 0
  22: 0
  23: 0
  24: 0
  25: 0
  26: 0
  27: 0
  28: 0
  29: 0
  30: 0
  31: 0
  32: 0
  33: 0
  34: 0
  35: 0
  36: 0
  37: 0
  38: 0
  39: 0
  40: 0
  41: 0
  42: 0
  43: 0
  44: 0
  45: 0
  46: 0
  47: 0
  48: 0
  49: 0
  50: 0
  51: 0
  52: 0
  53: 0
  54: 0
  55: 0
  56: 0
  57: 0
  58: 0
  59: 0
  60: 0
  61: 0
  62: 0
  63: 0
 heartbeats: # Per-process heartbeats
  0: 0
  1: 0
  2: 0
  3: 0
  4: 0
  5: 0
  6: 0
  7: 0
  8: 0
  9: 0
  10: 0
  11: 0
  12: 0
  13: 0
  14: 0
  15: 0
  16: 0
  17: 0
  18: 0
  19: 0
  20: 0
  21: 0
  22: 0
  23: 0
  24: 0
  25: 0
  26: 0
  27: 0
  28: 0
  29: 0
  30: 0
  31: 0
  32: 0
  33: 0
  34: 0
  35: 0
  36: 0
  37: 0
  38: 0
  39: 0
  40: 0
  41: 0
  42: 0
  43: 0
  44: 0
  45: 0
  46: 0
  47: 0
  48: 0
  49: 0
  50: 0
  51: 0
  52: 0
  53: 0
  54: 0
  55: 0
  56: 0
  57: 0
  58: 0
  59: 0
  60: 0
  61: 0
  62: 0
  63: 0
===
