# zsim stats
===
root: # Stats
 contention: # Contention simulation stats
  domain-0: # Domain stats
   time: 343373556 # Weave simulation time
 time: # Simulator time breakdown
  init: 2660241452068
  bound: 5573236541
  weave: 461785589
  ff: 0
 trigger: 20000 # Reason for this stats dump
 phase: 8417 # Simulated phases
 westmere: # Core stats
  westmere-0: # Core stats
   cycles: 84171075 # Simulated unhalted cycles
   cCycles: 9917718 # Cycles due to contention stalls
   instrs: 100002155 # Simulated instructions
   uops: 132216312 # Retired micro-ops
   bbls: 1457974 # Basic blocks
   approxInstrs: 967573 # Instrs with approx uop decoding
   mispredBranches: 1056 # Mispredicted branches
   condBranches: 120267 # conditional branches
 l1i: # Cache stats
  l1i-0: # Filter cache stats
   fhGETS: 6773559 # Filtered GETS hits
   fhGETX: 0 # Filtered GETX hits
   hGETS: 4033342 # GETS hits
   hGETX: 0 # GETX hits
   mGETS: 265 # GETS misses
   mGETXIM: 0 # GETX I->M misses
   mGETXSM: 0 # GETX S->M misses (upgrade misses)
   PUTS: 0 # Clean evictions (from lower level)
   PUTX: 0 # Dirty evictions (from lower level)
   INV: 20 # Invalidates (from upper level)
   INVX: 0 # Downgrades (from upper level)
   FWD: 0 # Forwards (from upper level)
   latGETnl: 32860 # GET request latency on next level
   latGETnet: 0 # GET request latency on network to next level
 l1d: # Cache stats
  l1d-0: # Filter cache stats
   fhGETS: 36496841 # Filtered GETS hits
   fhGETX: 9745197 # Filtered GETX hits
   hGETS: 5705426 # GETS hits
   hGETX: 1463427 # GETX hits
   mGETS: 618015 # GETS misses
   mGETXIM: 139987 # GETX I->M misses
   mGETXSM: 0 # GETX S->M misses (upgrade misses)
   PUTS: 0 # Clean evictions (from lower level)
   PUTX: 0 # Dirty evictions (from lower level)
   INV: 6 # Invalidates (from upper level)
   INVX: 0 # Downgrades (from upper level)
   FWD: 0 # Forwards (from upper level)
   latGETnl: 62506120 # GET request latency on next level
   latGETnet: 0 # GET request latency on network to next level
 l2: # Cache stats
  l2-0: # Cache stats
   hGETS: 257718 # GETS hits
   hGETX: 4 # GETX hits
   mGETS: 360562 # GETS misses
   mGETXIM: 139983 # GETX I->M misses
   mGETXSM: 0 # GETX S->M misses (upgrade misses)
   PUTS: 616328 # Clean evictions (from lower level)
   PUTX: 141156 # Dirty evictions (from lower level)
   INV: 0 # Invalidates (from upper level)
   INVX: 0 # Downgrades (from upper level)
   FWD: 0 # Forwards (from upper level)
   latGETnl: 54956310 # GET request latency on next level
   latGETnet: 0 # GET request latency on network to next level
 l3: # Cache stats
  l3-0: # Cache stats
   hGETS: 17566 # GETS hits
   hGETX: 5832 # GETX hits
   mGETS: 342996 # GETS misses
   mGETXIM: 134151 # GETX I->M misses
   mGETXSM: 0 # GETX S->M misses (upgrade misses)
   PUTS: 356525 # Clean evictions (from lower level)
   PUTX: 139924 # Dirty evictions (from lower level)
   INV: 0 # Invalidates (from upper level)
   INVX: 0 # Downgrades (from upper level)
   FWD: 0 # Forwards (from upper level)
   latGETnl: 42943230 # GET request latency on next level
   latGETnet: 0 # GET request latency on network to next level
 mem: # Memory controller stats
  mem-0: # Memory controller stats
   rd: 119230 # Read requests
   wr: 33849 # Write requests
   rdlat: 17422370 # Total latency experienced by read requests
   wrlat: 5642459 # Total latency experienced by write requests
   rdhits: 10 # Read row hits
   wrhits: 99 # Write row hits
   mlh: # latency histogram for memory requests
    0: 0
    1: 0
    2: 0
    3: 0
    4: 0
    5: 0
    6: 0
    7: 0
    8: 0
    9: 0
    10: 0
    11: 0
    12: 0
    13: 76612
    14: 20934
    15: 6102
    16: 1745
    17: 5080
    18: 973
    19: 1157
    20: 852
    21: 168
    22: 496
    23: 96
    24: 275
    25: 2953
    26: 409
    27: 102
    28: 110
    29: 63
    30: 45
    31: 49
    32: 63
    33: 52
    34: 44
    35: 70
    36: 61
    37: 69
    38: 67
    39: 59
    40: 63
    41: 56
    42: 78
    43: 67
    44: 36
    45: 21
    46: 15
    47: 43
    48: 56
    49: 28
    50: 12
    51: 7
    52: 10
    53: 7
    54: 3
    55: 8
    56: 6
    57: 0
    58: 5
    59: 3
    60: 0
    61: 0
    62: 0
    63: 0
    64: 0
    65: 0
    66: 0
    67: 0
    68: 0
    69: 0
    70: 0
    71: 0
    72: 0
    73: 0
    74: 0
    75: 0
    76: 0
    77: 0
    78: 0
    79: 0
    80: 0
    81: 0
    82: 0
    83: 0
    84: 0
    85: 0
    86: 0
    87: 0
    88: 0
    89: 0
    90: 0
    91: 0
    92: 0
    93: 0
    94: 0
    95: 0
    96: 0
    97: 0
    98: 0
    99: 0
  mem-1: # Memory controller stats
   rd: 119275 # Read requests
   wr: 33858 # Write requests
   rdlat: 17425587 # Total latency experienced by read requests
   wrlat: 5628077 # Total latency experienced by write requests
   rdhits: 7 # Read row hits
   wrhits: 94 # Write row hits
   mlh: # latency histogram for memory requests
    0: 0
    1: 0
    2: 0
    3: 0
    4: 0
    5: 0
    6: 0
    7: 0
    8: 0
    9: 0
    10: 0
    11: 0
    12: 0
    13: 76631
    14: 20849
    15: 6198
    16: 1675
    17: 5148
    18: 1056
    19: 1112
    20: 838
    21: 146
    22: 524
    23: 95
    24: 375
    25: 2887
    26: 386
    27: 91
    28: 116
    29: 67
    30: 45
    31: 46
    32: 62
    33: 60
    34: 51
    35: 52
    36: 60
    37: 62
    38: 74
    39: 72
    40: 71
    41: 54
    42: 66
    43: 57
    44: 36
    45: 13
    46: 16
    47: 29
    48: 55
    49: 28
    50: 13
    51: 13
    52: 8
    53: 4
    54: 5
    55: 11
    56: 6
    57: 3
    58: 3
    59: 4
    60: 2
    61: 0
    62: 0
    63: 0
    64: 0
    65: 0
    66: 0
    67: 0
    68: 0
    69: 0
    70: 0
    71: 0
    72: 0
    73: 0
    74: 0
    75: 0
    76: 0
    77: 0
    78: 0
    79: 0
    80: 0
    81: 0
    82: 0
    83: 0
    84: 0
    85: 0
    86: 0
    87: 0
    88: 0
    89: 0
    90: 0
    91: 0
    92: 0
    93: 0
    94: 0
    95: 0
    96: 0
    97: 0
    98: 0
    99: 0
  mem-2: # Memory controller stats
   rd: 119332 # Read requests
   wr: 33868 # Write requests
   rdlat: 17438210 # Total latency experienced by read requests
   wrlat: 5617970 # Total latency experienced by write requests
   rdhits: 4 # Read row hits
   wrhits: 95 # Write row hits
   mlh: # latency histogram for memory requests
    0: 0
    1: 0
    2: 0
    3: 0
    4: 0
    5: 0
    6: 0
    7: 0
    8: 0
    9: 0
    10: 0
    11: 0
    12: 0
    13: 76814
    14: 20960
    15: 6105
    16: 1569
    17: 5028
    18: 1019
    19: 1117
    20: 823
    21: 148
    22: 506
    23: 168
    24: 306
    25: 2943
    26: 423
    27: 117
    28: 116
    29: 70
    30: 60
    31: 49
    32: 39
    33: 67
    34: 46
    35: 71
    36: 90
    37: 61
    38: 66
    39: 70
    40: 49
    41: 62
    42: 70
    43: 53
    44: 34
    45: 26
    46: 17
    47: 48
    48: 38
    49: 24
    50: 12
    51: 9
    52: 8
    53: 7
    54: 2
    55: 8
    56: 4
    57: 4
    58: 5
    59: 1
    60: 0
    61: 0
    62: 0
    63: 0
    64: 0
    65: 0
    66: 0
    67: 0
    68: 0
    69: 0
    70: 0
    71: 0
    72: 0
    73: 0
    74: 0
    75: 0
    76: 0
    77: 0
    78: 0
    79: 0
    80: 0
    81: 0
    82: 0
    83: 0
    84: 0
    85: 0
    86: 0
    87: 0
    88: 0
    89: 0
    90: 0
    91: 0
    92: 0
    93: 0
    94: 0
    95: 0
    96: 0
    97: 0
    98: 0
    99: 0
  mem-3: # Memory controller stats
   rd: 119306 # Read requests
   wr: 33851 # Write requests
   rdlat: 17443222 # Total latency experienced by read requests
   wrlat: 5613378 # Total latency experienced by write requests
   rdhits: 1 # Read row hits
   wrhits: 96 # Write row hits
   mlh: # latency histogram for memory requests
    0: 0
    1: 0
    2: 0
    3: 0
    4: 0
    5: 0
    6: 0
    7: 0
    8: 0
    9: 0
    10: 0
    11: 0
    12: 0
    13: 76745
    14: 20943
    15: 6095
    16: 1590
    17: 5118
    18: 1055
    19: 1033
    20: 841
    21: 163
    22: 475
    23: 189
    24: 348
    25: 2890
    26: 378
    27: 90
    28: 142
    29: 57
    30: 38
    31: 51
    32: 47
    33: 48
    34: 73
    35: 76
    36: 67
    37: 56
    38: 83
    39: 64
    40: 94
    41: 71
    42: 75
    43: 58
    44: 38
    45: 28
    46: 22
    47: 32
    48: 55
    49: 26
    50: 13
    51: 7
    52: 9
    53: 3
    54: 0
    55: 8
    56: 1
    57: 4
    58: 5
    59: 1
    60: 1
    61: 0
    62: 0
    63: 0
    64: 0
    65: 0
    66: 0
    67: 0
    68: 0
    69: 0
    70: 0
    71: 0
    72: 0
    73: 0
    74: 0
    75: 0
    76: 0
    77: 0
    78: 0
    79: 0
    80: 0
    81: 0
    82: 0
    83: 0
    84: 0
    85: 0
    86: 0
    87: 0
    88: 0
    89: 0
    90: 0
    91: 0
    92: 0
    93: 0
    94: 0
    95: 0
    96: 0
    97: 0
    98: 0
    99: 0
 sched: # Scheduler stats
  thCr: 1 # Threads created
  thFn: 1 # Threads finished
  schedEvs: 1 # Schedule events
  waitEvs: 0 # Wait events
  handoffEvs: 0 # Handoff events
  sleepEvs: 0 # Sleep events
  idlePhases: 0 # Phases with no thread active
  idlePeriods: 0 # Periods with no thread active
  occHist: # Occupancy histogram
   0: 0
   1: 8417
  rqSzHist: # Run queue size histogram
   0: 8417
   1: 0
   2: 0
   3: 0
   4: 0
   5: 0
   6: 0
   7: 0
   8: 0
   9: 0
   10: 0
   11: 0
   12: 0
   13: 0
   14: 0
   15: 0
   16: 0
 procCycles: # Per-process unhalted core cycles
  0: 84171075
  1: 0
  2: 0
  3: 0
  4: 0
  5: 0
  6: 0
  7: 0
  8: 0
  9: 0
  10: 0
  11: 0
  12: 0
  13: 0
  14: 0
  15: 0
  16: 0
  17: 0
  18: 0
  19: 0
  20: 0
  21: 0
  22: 0
  23: 0
  24: 0
  25: 0
  26: 0
  27: 0
  28: 0
  29: 0
  30: 0
  31: 0
  32: 0
  33: 0
  34: 0
  35: 0
  36: 0
  37: 0
  38: 0
  39: 0
  40: 0
  41: 0
  42: 0
  43: 0
  44: 0
  45: 0
  46: 0
  47: 0
  48: 0
  49: 0
  50: 0
  51: 0
  52: 0
  53: 0
  54: 0
  55: 0
  56: 0
  57: 0
  58: 0
  59: 0
  60: 0
  61: 0
  62: 0
  63: 0
 procInstrs: # Per-process instructions
  0: 100002155
  1: 0
  2: 0
  3: 0
  4: 0
  5: 0
  6: 0
  7: 0
  8: 0
  9: 0
  10: 0
  11: 0
  12: 0
  13: 0
  14: 0
  15: 0
  16: 0
  17: 0
  18: 0
  19: 0
  20: 0
  21: 0
  22: 0
  23: 0
  24: 0
  25: 0
  26: 0
  27: 0
  28: 0
  29: 0
  30: 0
  31: 0
  32: 0
  33: 0
  34: 0
  35: 0
  36: 0
  37: 0
  38: 0
  39: 0
  40: 0
  41: 0
  42: 0
  43: 0
  44: 0
  45: 0
  46: 0
  47: 0
  48: 0
  49: 0
  50: 0
  51: 0
  52: 0
  53: 0
  54: 0
  55: 0
  56: 0
  57: 0
  58: 0
  59: 0
  60: 0
  61: 0
  62: 0
  63: 0
 heartbeats: # Per-process heartbeats
  0: 0
  1: 0
  2: 0
  3: 0
  4: 0
  5: 0
  6: 0
  7: 0
  8: 0
  9: 0
  10: 0
  11: 0
  12: 0
  13: 0
  14: 0
  15: 0
  16: 0
  17: 0
  18: 0
  19: 0
  20: 0
  21: 0
  22: 0
  23: 0
  24: 0
  25: 0
  26: 0
  27: 0
  28: 0
  29: 0
  30: 0
  31: 0
  32: 0
  33: 0
  34: 0
  35: 0
  36: 0
  37: 0
  38: 0
  39: 0
  40: 0
  41: 0
  42: 0
  43: 0
  44: 0
  45: 0
  46: 0
  47: 0
  48: 0
  49: 0
  50: 0
  51: 0
  52: 0
  53: 0
  54: 0
  55: 0
  56: 0
  57: 0
  58: 0
  59: 0
  60: 0
  61: 0
  62: 0
  63: 0
===
